Image /photos/Photos/Pictures_finished/Masters 2014-15/Texts/2015-06-17 21.00.53-2.jpeg was rotated counterclockwise
Image /photos/Photos/Pictures_finished/Family CDs/Ben Pics 5-03 to 1-04/2003-06 (Jun)/IM000252.JPG was rotated clockwise
Image /photos/Photos/Pictures_finished/Masters 2014-15/practice_photography/DSC_8348.JPG was rotated counterclockwise
Image /photos/Photos/Pictures_In_Progress/2018/Babymoon/Italy/DSC_6481.JPG was rotated clockwise
Image /photos/Photos/Pictures_In_Progress/2018/Babymoon/Italy/DSC_6481.JPG was rotated 180 degrees
Image /photos/Photos/Pictures_finished/Masters 2014-15/practice_photography/DSC_8348.JPG was rotated clockwise
Image /photos/Photos/Pictures_finished/Emily's Pictures/spring break 2010/DSC01575.JPG was rotated clockwise
Image /photos/Photos/Pictures_finished/Emily's Pictures/Baby Mark Pictures/4-27-08 190.jpg was rotated clockwise
Image /photos/Photos/Pictures_finished/Emily's Pictures/Youth Conference Moab 2011/Youth Conference 2/DSCN1066.JPG was rotated clockwise
Image /photos/Photos/Pictures_finished/Family Pictures/2014/Peru 2014/DSC02951.JPG was rotated clockwise
Image /photos/Photos/Pictures_finished/Emily's Pictures/Emily Haircut/4-27-08 114.jpg was rotated clockwise
Image /photos/Photos/Pictures_finished/Ben's Pictures/2008-1-06/DSCN4397.JPG was rotated counterclockwise
Image /photos/Photos/Pictures_finished/Ben's Pictures/2008-1-06/DSCN4397.JPG was rotated 180 degrees
Image /photos/Photos/Pictures_finished/Meagan's Pictures/Jan 2009/PICT0659.JPG was rotated clockwise
Image /photos/Photos/Pictures_finished/Meagan's Pictures/Jan 2009/PICT0485.JPG was rotated clockwise
Image /photos/Photos/Pictures_finished/Emily's Pictures/Cute Brothers/11-10-07 067.jpg was rotated clockwise
Image /photos/Photos/Pictures_finished/Masters 2014-15/Canada - Tacy's wedding/Most_stylin__people_around_.jpg was rotated counterclockwise
Image /photos/Photos/Pictures_finished/Emily's Pictures/Me!/DSCN1269.JPG was rotated clockwise
Image /photos/Photos/Pictures_finished/2016/Meagan Mission/RSCN7831.JPG was rotated clockwise
Image /photos/Photos/Pictures_finished/Family Pictures/2012/7-2012/July Trip/Palmyra (126).JPG was rotated clockwise
Image /photos/Photos/Pictures_finished/Family Pictures/2012/7-2012/July Trip/Palmyra (126).JPG was rotated counterclockwise
Image /photos/Photos/Pictures_finished/Meagan's Pictures/June 2009/PICT1789.JPG was rotated clockwise
Image /photos/Photos/Pictures_finished/Emily's Pictures/EMILY TO SORT/December 10 2007/12-10-07 174.jpg was rotated clockwise
Image /photos/Photos/Pictures_finished/Emily's Pictures/spring break 2010/DSC00761.JPG was rotated clockwise
Image /photos/Photos/Pictures_finished/Emily's Pictures/at home/10-3-07 (Oklahoma,school,summer) 107.jpg was rotated clockwise
Image /photos/Photos/Pictures_finished/Emily's Pictures/Oklahoma, Nauvoo, Grandpas Funeral July 2010/DSC06590.JPG was rotated clockwise
Image /photos/Photos/Pictures_finished/Emily's Pictures/random/DSC03577.JPG was rotated clockwise
Image /photos/Photos/Pictures_finished/Emily's Pictures/vancouver trip emily print/101NIKON print/DSCN1743.JPG was rotated clockwise
Image /photos/Photos/Pictures_finished/Meagan's Pictures/June 2009/PICT0838.JPG was rotated clockwise
Image /photos/Photos/Pictures_finished/Emily's Pictures/Oklahoma, Nauvoo, Grandpas Funeral July 2010/DSC06516.JPG was rotated clockwise
Image /photos/Photos/Pictures_finished/Family Pictures/2014/11-30-14/_DSC0074.JPG was rotated clockwise
Image /photos/Photos/Pictures_finished/Emily's Pictures/Summer Fun/9-29-07 072.jpg was rotated clockwise
Image /photos/Photos/Pictures_finished/Emily's Pictures/3-30-2009/DSC08068.JPG was rotated clockwise
Image /photos/Photos/Pictures_finished/Emily's Pictures/spring break 2010/DSC01720.JPG was rotated clockwise
Image /photos/Photos/Pictures_finished/Emily's Pictures/3-30-2009/DSC08068.JPG was rotated counterclockwise
Image /photos/Photos/Pictures_finished/Family Pictures/2014/3-16-14/DSC_0076.JPG was rotated clockwise
Image /photos/Photos/Pictures_finished/Emily's Pictures/Baby Mark Pictures/2-29-08 043.jpg was rotated clockwise
Image /photos/Photos/Pictures_finished/Meagan's Pictures/June 2009/PICT0866.JPG was rotated counterclockwise
Image /photos/Photos/Pictures_finished/Family Pictures/2016/February 2016/Meagan Leaves/_DSC0439.JPG was rotated clockwise
Image /photos/Photos/Pictures_finished/Emily's Pictures/vancouver trip emily print/104NIKON print to sculpture park/DSCN1521.JPG was rotated clockwise
Image /photos/Photos/Pictures_finished/Emily's Pictures/EMILY TO SORT/New Years Eve 2007 end/12-31-07 062.jpg was rotated clockwise
Image /photos/Photos/Pictures_finished/2016/Wedding Time/Honeymoon San Fran/2016-06-16 13.59.45.jpg was rotated clockwise
Image /photos/Photos/Pictures_finished/Emily's Pictures/California Ballroom Tour 2011/DSCN0958.JPG was rotated clockwise
Image /photos/Photos/Pictures_finished/Masters 2014-15/California Wedding Trip/DSC_6338.JPG was rotated clockwise
Image /photos/Photos/Pictures_finished/Ben's Pictures/Hawaii/DSCN4290.JPG was rotated clockwise
Image /photos/Photos/Pictures_finished/Masters 2014-15/southern_utah/DSC_4560.JPG was rotated clockwise
Image /photos/Photos/Pictures_finished/Emily's Pictures/Oklahoma, Nauvoo, Grandpas Funeral July 2010/DSC03587.JPG was rotated clockwise
Image /photos/Photos/Pictures_finished/Emily's Pictures/EMILY TO SORT/December 22 2007/12-22-07 020.jpg was rotated clockwise
Image /photos/Photos/Pictures_finished/Family Pictures/2015/Canada Trip/_DSC0320.JPG was rotated clockwise
Image /photos/Photos/Pictures_finished/Family Pictures/Hawaii/DSCN4060.JPG was rotated clockwise
Image /photos/Photos/Pictures_finished/Family Pictures/2015/Fall 2015 (2)/_DSC0200.JPG was rotated counterclockwise
Image /photos/Photos/Pictures_finished/Family Pictures/2015/Canada Trip/_DSC0320.JPG was rotated counterclockwise
Image /photos/Photos/Pictures_finished/Family Pictures/2015/Fall 2015 (2)/_DSC0200.JPG was rotated clockwise
Image /photos/Photos/Pictures_finished/Meagan's Pictures/Nov 2009/DSC09931.JPG was rotated clockwise
Image /photos/Photos/Pictures_finished/Meagan's Pictures/Oct 2008/PICT0308.JPG was rotated clockwise
Image /photos/Photos/Pictures_finished/Family Pictures/2011/2011 (6) June/DSC_0197.JPG was rotated clockwise
