File D:\Pictures\2016\NYC Trip\DSC_0643.JPG has no labelAnnotations, but does have a landmarkAnnotation.
File D:\Pictures\2016\NYC Trip\DSC_0772.JPG has no labelAnnotations, but does have a landmarkAnnotation.
File D:\Pictures\2016\NYC Trip\DSC_0774.JPG has no labelAnnotations, but does have a landmarkAnnotation.
File D:\Pictures\2016\NYC Trip\DSC_0775.JPG has no labelAnnotations, but does have a landmarkAnnotation.
File D:\Pictures\2016\NYC Trip\DSC_0807.JPG has no labelAnnotations, but does have a landmarkAnnotation.
File D:\Pictures\2016\Ohio\corn_maze (1).jpg has no labelAnnotations or landmarkAnnotations.
File D:\Pictures\2016\Ohio\corn_maze (2).jpg has no labelAnnotations or landmarkAnnotations.
File D:\Pictures\2016\Ohio\cub_meeting (5).jpg has no labelAnnotations or landmarkAnnotations.
File D:\Pictures\2016\Funny\cockroach_funeral (1).jpg has no labelAnnotations or landmarkAnnotations.
File D:\Pictures\2016\Ohio\cub_meeting (5).jpg has no labelAnnotations or landmarkAnnotations.
File D:\Pictures\2016\Ohio\ohio_move (3).jpg has no labelAnnotations or landmarkAnnotations.
File D:\Pictures\2016\Ohio\ohio_move (3)_2.jpg has no labelAnnotations or landmarkAnnotations.
File D:\Pictures\2016\Provo\2016-03-14 20.49.51.jpg has no labelAnnotations or landmarkAnnotations.
File D:\Pictures\2016\Provo\2016-03-14 20.49.55.jpg has no labelAnnotations or landmarkAnnotations.
File D:\Pictures\2016\Provo\donut_days (2).jpg has no labelAnnotations or landmarkAnnotations.
File D:\Pictures\2016\Provo\eeOnDisplay (1).jpg has no labelAnnotations or landmarkAnnotations.
File D:\Pictures\2016\Provo\eeOnDisplay (2).jpg has no labelAnnotations or landmarkAnnotations.
File D:\Pictures\2016\Provo\gradDay (2).jpg has no labelAnnotations or landmarkAnnotations.
File D:\Pictures\2016\Provo\july_4_parade (14).JPG has no labelAnnotations or landmarkAnnotations.
File D:\Pictures\2016\Provo\studio_c (1).jpg has no labelAnnotations or landmarkAnnotations.
File D:\Pictures\2016\Provo\studio_c (2).jpg has no labelAnnotations or landmarkAnnotations.
File D:\Pictures\2016\Provo\studio_c (3).jpg has no labelAnnotations or landmarkAnnotations.
File D:\Pictures\2016\Thanksgiving and Moving\2016-11-18 17.19.36.jpg has no labelAnnotations or landmarkAnnotations.
File D:\Pictures\2016\Thanksgiving and Moving\2016-11-19 17.14.53.jpg has no labelAnnotations or landmarkAnnotations.
File D:\Pictures\2016\Thanksgiving and Moving\DSC_1614.JPG has no labelAnnotations or landmarkAnnotations.
File D:\Pictures\2016\Thanksgiving and Moving\DSC_1615.JPG has no labelAnnotations or landmarkAnnotations.
File D:\Pictures\2016\Thanksgiving and Moving\DSC_1621.JPG has no labelAnnotations or landmarkAnnotations.
File D:\Pictures\2016\Thanksgiving and Moving\DSC_1650.JPG has no labelAnnotations or landmarkAnnotations.
File D:\Pictures\2016\Utah\ice_skating (9).jpg has no labelAnnotations or landmarkAnnotations.
File D:\Pictures\2016\Utah\julie_party (14).jpg has no labelAnnotations or landmarkAnnotations.
File D:\Pictures\2016\Utah\julie_party (2).jpg has no labelAnnotations or landmarkAnnotations.
File D:\Pictures\2016\Utah\mylissa_wedding (1).jpg has no labelAnnotations or landmarkAnnotations.
File D:\Pictures\2016\Utah\mylissa_wedding (13).jpg has no labelAnnotations or landmarkAnnotations.
File D:\Pictures\2016\Utah\mylissa_wedding (8).jpg has no labelAnnotations or landmarkAnnotations.
File D:\Pictures\2016\Utah\university_chorale_concert (2).jpg has no labelAnnotations or landmarkAnnotations.
File D:\Pictures\2016\Wedding Time\Honeymoon San Fran\2016-06-15 18.05.32.jpg has no labelAnnotations or landmarkAnnotations.
File D:\Pictures\2016\Wedding Time\Honeymoon San Fran\DSC_8417.JPG has no labelAnnotations or landmarkAnnotations.
File D:\Pictures\2016\Wedding Time\Honeymoon San Fran\DSC_8443.JPG has no labelAnnotations or landmarkAnnotations.
File D:\Pictures\2016\Wedding Time\Honeymoon San Fran\DSC_8629.JPG has no labelAnnotations, but does have a landmarkAnnotation.
File D:\Pictures\2016\Wedding Time\Honeymoon San Fran\DSC_8630.JPG has no labelAnnotations, but does have a landmarkAnnotation.
File D:\Pictures\2016\Wedding Time\Honeymoon San Fran\DSC_8640.JPG has no labelAnnotations, but does have a landmarkAnnotation.
File D:\Pictures\2016\Wedding Time\Honeymoon San Fran\DSC_8653.JPG has no labelAnnotations or landmarkAnnotations.
File D:\Pictures\2016\Wedding Time\Honeymoon San Fran\DSC_8694.JPG has no labelAnnotations or landmarkAnnotations.
File D:\Pictures\2016\Wedding Time\Honeymoon San Fran\DSC_8867.JPG has no labelAnnotations or landmarkAnnotations.
File D:\Pictures\2016\Wedding Time\Honeymoon San Fran\DSC_8874.JPG has no labelAnnotations or landmarkAnnotations.
File D:\Pictures\2016\Wedding Time\Honeymoon San Fran\DSC_9150.JPG has no labelAnnotations or landmarkAnnotations.
File D:\Pictures\2016\Wedding Time\Wedding\B+J-121wedding.jpg has no labelAnnotations or landmarkAnnotations.
File D:\Pictures\2016\Family_texts\2016-05-21 15.00.36.jpg has no labelAnnotations or landmarkAnnotations.
File D:\Pictures\2016\Family_texts\al013969_gmail.com_image1480700886692.jpg has no labelAnnotations or landmarkAnnotations.
File D:\Pictures\2016\Family_texts\cynthialewis9_gmail.com_20160906_184050.jpg has no labelAnnotations or landmarkAnnotations.
File D:\Pictures\2016\Family_texts\rsl28_et.byu.edu_20161202_203250.jpg has no labelAnnotations or landmarkAnnotations.
File D:\Pictures\2016\Family_texts\rsl28_et.byu.edu_20161210_100329996.jpg has no labelAnnotations or landmarkAnnotations.
File D:\Pictures\2016\Funny\afrl_roach_memorial (4).jpg has no labelAnnotations or landmarkAnnotations.
File D:\Pictures\2016\Ohio\out_in_dayton_r2d2 (2).jpg has no labelAnnotations or landmarkAnnotations.
File D:\Pictures\2016\Ohio\pack_meeting_hula (2).jpg has no labelAnnotations or landmarkAnnotations.
File D:\Pictures\2016\Wedding Time\Wedding\B+J-276wedding.jpg has no labelAnnotations or landmarkAnnotations.
File D:\Pictures\2016\Wedding Time\Wedding\B+J-286wedding.jpg has no labelAnnotations or landmarkAnnotations.
File D:\Pictures\2016\Wedding Time\Wedding - Julies pics\IMG_4792.JPG has no labelAnnotations or landmarkAnnotations.
File D:\Pictures\2016\Wedding Time\Wedding - Julies pics\IMG_4798.JPG has no labelAnnotations or landmarkAnnotations.
File D:\Pictures\2016\Wedding Time\Wedding - Julies pics\IMG_4864.JPG has no labelAnnotations or landmarkAnnotations.
File D:\Pictures\2016\ryap_party.jpg has no labelAnnotations or landmarkAnnotations.
File D:\Pictures\2016\Apartment Painting\DSC_1153.JPG has no labelAnnotations or landmarkAnnotations.
File D:\Pictures\2016\Apartment Painting\DSC_1181.JPG has no labelAnnotations or landmarkAnnotations.
File D:\Pictures\2016\Chicago and Wicked\wicked_south_bend (2).jpg has no labelAnnotations or landmarkAnnotations.
File D:\Pictures\2016\Chicago and Wicked\wicked_south_bend (4).jpg has no labelAnnotations or landmarkAnnotations.
File D:\Pictures\2016\Chicago Architecture Open House\DSC_0979.JPG has no labelAnnotations or landmarkAnnotations.
File D:\Pictures\2016\Chicago Architecture Open House\DSC_1028.JPG has no labelAnnotations or landmarkAnnotations.
File D:\Pictures\2016\Chicago Architecture Open House\DSC_1031.JPG has no labelAnnotations or landmarkAnnotations.
File D:\Pictures\2016\Chicago Architecture Open House\DSC_1066.JPG has no labelAnnotations or landmarkAnnotations.
File D:\Pictures\2016\Chicago Architecture Open House\DSC_1079.JPG has no labelAnnotations or landmarkAnnotations.
File D:\Pictures\2016\Chicago Architecture Open House\DSC_1084.JPG has no labelAnnotations or landmarkAnnotations.
File D:\Pictures\2016\Chicago Architecture Open House\DSC_1103.JPG has no labelAnnotations or landmarkAnnotations.
File D:\Pictures\2016\Chicago Architecture Open House\DSC_1132.JPG has no labelAnnotations or landmarkAnnotations.
File D:\Pictures\2016\Engagement Pics\_DSC0025.JPG has no labelAnnotations or landmarkAnnotations.
File D:\Pictures\2016\Family_texts\2016-03-08 13.17.08.jpg has no labelAnnotations or landmarkAnnotations.
File D:\Pictures\2016\ryap_party.jpg has no labelAnnotations or landmarkAnnotations.
File D:\Pictures\2016\ryap_party.jpg has no labelAnnotations or landmarkAnnotations.
File D:\Pictures\2016\ryap_party.jpg has no labelAnnotations or landmarkAnnotations.
File D:\Pictures\2016\Apartment Painting\DSC_1153.JPG has no labelAnnotations or landmarkAnnotations.
File D:\Pictures\2016\Apartment Painting\DSC_1181.JPG has no labelAnnotations or landmarkAnnotations.
File D:\Pictures\2016\Chicago and Wicked\wicked_south_bend (2).jpg has no labelAnnotations or landmarkAnnotations.
File D:\Pictures\2016\Chicago and Wicked\wicked_south_bend (4).jpg has no labelAnnotations or landmarkAnnotations.
File D:\Pictures\2016\Chicago Architecture Open House\DSC_0979.JPG has no labelAnnotations or landmarkAnnotations.
File D:\Pictures\2016\Chicago Architecture Open House\DSC_1028.JPG has no labelAnnotations or landmarkAnnotations.
File D:\Pictures\2016\Chicago Architecture Open House\DSC_1031.JPG has no labelAnnotations or landmarkAnnotations.
File D:\Pictures\2016\Chicago Architecture Open House\DSC_1066.JPG has no labelAnnotations or landmarkAnnotations.
File D:\Pictures\2016\Chicago Architecture Open House\DSC_1079.JPG has no labelAnnotations or landmarkAnnotations.
File D:\Pictures\2016\Chicago Architecture Open House\DSC_1084.JPG has no labelAnnotations or landmarkAnnotations.
File D:\Pictures\2016\Chicago Architecture Open House\DSC_1103.JPG has no labelAnnotations or landmarkAnnotations.
File D:\Pictures\2016\Chicago Architecture Open House\DSC_1132.JPG has no labelAnnotations or landmarkAnnotations.
File D:\Pictures\2016\Engagement Pics\_DSC0025.JPG has no labelAnnotations or landmarkAnnotations.
File D:\Pictures\2016\Family_texts\2016-03-08 13.17.08.jpg has no labelAnnotations or landmarkAnnotations.
File D:\Pictures\2016\Family_texts\2016-04-08 06.19.30-1.jpg has no labelAnnotations or landmarkAnnotations.
File D:\Pictures\2016\Family_texts\2016-04-08 06.19.30-8.jpg has no labelAnnotations or landmarkAnnotations.
File D:\Pictures\2016\Family_texts\2016-04-08 06.19.30-9.jpg has no labelAnnotations or landmarkAnnotations.
File D:\Pictures\2016\Family_texts\2016-05-21 15.00.36.jpg has no labelAnnotations or landmarkAnnotations.
File D:\Pictures\2016\Family_texts\2016-09-30 18.24.14.jpg has no labelAnnotations or landmarkAnnotations.
File D:\Pictures\2016\Family_texts\20160407_143612.jpg has no labelAnnotations or landmarkAnnotations.
File D:\Pictures\2016\Family_texts\al013969_gmail.com_image1480201300301.jpg has no labelAnnotations or landmarkAnnotations.
File D:\Pictures\2016\Family_texts\al013969_gmail.com_image1480700886692.jpg has no labelAnnotations or landmarkAnnotations.
File D:\Pictures\2016\Family_texts\cynthialewis9_gmail.com_20160906_184050.jpg has no labelAnnotations or landmarkAnnotations.
File D:\Pictures\2016\Family_texts\cynthialewis9_gmail.com_20161114_131110.jpg has no labelAnnotations or landmarkAnnotations.
File D:\Pictures\2016\Family_texts\rsl28_et.byu.edu_20161202_203250.jpg has no labelAnnotations or landmarkAnnotations.
File D:\Pictures\2016\Family_texts\rsl28_et.byu.edu_20161210_100329996.jpg has no labelAnnotations or landmarkAnnotations.
File D:\Pictures\2016\Funny\afrl_roach_memorial (4).jpg has no labelAnnotations or landmarkAnnotations.
File D:\Pictures\2016\Funny\cockroach_funeral (1).jpg has no labelAnnotations or landmarkAnnotations.
File D:\Pictures\2016\Meagan Mission\DSCN0209.JPG has no labelAnnotations or landmarkAnnotations.
File D:\Pictures\2016\Meagan Mission\DSCN6483.JPG has no labelAnnotations or landmarkAnnotations.
File D:\Pictures\2016\Meagan Mission\randy.lewis_byu.edu_DSCN8981.JPG has no labelAnnotations or landmarkAnnotations.
File D:\Pictures\2016\NYC Trip\2016-08-29 19.38.41.jpg has no labelAnnotations or landmarkAnnotations.
File D:\Pictures\2016\NYC Trip\DSC_0507.JPG has no labelAnnotations or landmarkAnnotations.
File D:\Pictures\2016\NYC Trip\DSC_0512.JPG has no labelAnnotations or landmarkAnnotations.
File D:\Pictures\2016\NYC Trip\DSC_0548.JPG has no labelAnnotations or landmarkAnnotations.
File D:\Pictures\2016\NYC Trip\DSC_0555.JPG has no labelAnnotations or landmarkAnnotations.
File D:\Pictures\2016\NYC Trip\DSC_0556.JPG has no labelAnnotations or landmarkAnnotations.
File D:\Pictures\2016\NYC Trip\DSC_0666.JPG has no labelAnnotations or landmarkAnnotations.
File D:\Pictures\2016\NYC Trip\DSC_0679.JPG has no labelAnnotations or landmarkAnnotations.
File D:\Pictures\2016\NYC Trip\DSC_0680.JPG has no labelAnnotations or landmarkAnnotations.
File D:\Pictures\2016\NYC Trip\DSC_0687.JPG has no labelAnnotations or landmarkAnnotations.
File D:\Pictures\2016\NYC Trip\DSC_0732.JPG has no labelAnnotations or landmarkAnnotations.
File D:\Pictures\2016\NYC Trip\DSC_0757.JPG has no labelAnnotations or landmarkAnnotations.
File D:\Pictures\2016\NYC Trip\DSC_0809.JPG has no labelAnnotations or landmarkAnnotations.
File D:\Pictures\2016\Ohio\blood_donor (3).jpg has no labelAnnotations or landmarkAnnotations.
File D:\Pictures\2016\Ohio\byu_game (13).jpg has no labelAnnotations or landmarkAnnotations.
File D:\Pictures\2016\Ohio\byu_game (14).jpg has no labelAnnotations or landmarkAnnotations.
File D:\Pictures\2016\Ohio\christmas_party (2).jpg has no labelAnnotations or landmarkAnnotations.
File D:\Pictures\2016\Ohio\corn_maze (1).jpg has no labelAnnotations or landmarkAnnotations.
File D:\Pictures\2016\Ohio\corn_maze (2).jpg has no labelAnnotations or landmarkAnnotations.
File D:\Pictures\2016\Ohio\cub_meeting (5).jpg has no labelAnnotations or landmarkAnnotations.
File D:\Pictures\2016\Ohio\ohio_move (3).jpg has no labelAnnotations or landmarkAnnotations.
File D:\Pictures\2016\Ohio\ohio_move (3)_2.jpg has no labelAnnotations or landmarkAnnotations.
File D:\Pictures\2016\Ohio\out_in_dayton_r2d2 (2).jpg has no labelAnnotations or landmarkAnnotations.
File D:\Pictures\2016\Ohio\pack_meeting_hula (2).jpg has no labelAnnotations or landmarkAnnotations.
File D:\Pictures\2016\Provo\2016-03-14 20.49.51.jpg has no labelAnnotations or landmarkAnnotations.
File D:\Pictures\2016\Provo\2016-03-14 20.49.55.jpg has no labelAnnotations or landmarkAnnotations.
File D:\Pictures\2016\Provo\donut_days (2).jpg has no labelAnnotations or landmarkAnnotations.
File D:\Pictures\2016\Provo\eeOnDisplay (1).jpg has no labelAnnotations or landmarkAnnotations.
File D:\Pictures\2016\Provo\eeOnDisplay (2).jpg has no labelAnnotations or landmarkAnnotations.
File D:\Pictures\2016\Provo\gradDay (2).jpg has no labelAnnotations or landmarkAnnotations.
File D:\Pictures\2016\Provo\july_4_parade (14).JPG has no labelAnnotations or landmarkAnnotations.
File D:\Pictures\2016\Provo\studio_c (1).jpg has no labelAnnotations or landmarkAnnotations.
File D:\Pictures\2016\Provo\studio_c (2).jpg has no labelAnnotations or landmarkAnnotations.
File D:\Pictures\2016\Provo\studio_c (3).jpg has no labelAnnotations or landmarkAnnotations.
File D:\Pictures\2016\Thanksgiving and Moving\2016-11-18 17.19.36.jpg has no labelAnnotations or landmarkAnnotations.
File D:\Pictures\2016\Thanksgiving and Moving\2016-11-19 17.14.53.jpg has no labelAnnotations or landmarkAnnotations.
File D:\Pictures\2016\Thanksgiving and Moving\DSC_1614.JPG has no labelAnnotations or landmarkAnnotations.
File D:\Pictures\2016\Thanksgiving and Moving\DSC_1615.JPG has no labelAnnotations or landmarkAnnotations.
File D:\Pictures\2016\Thanksgiving and Moving\DSC_1621.JPG has no labelAnnotations or landmarkAnnotations.
File D:\Pictures\2016\Thanksgiving and Moving\DSC_1650.JPG has no labelAnnotations or landmarkAnnotations.
File D:\Pictures\2016\Utah\ice_skating (9).jpg has no labelAnnotations or landmarkAnnotations.
File D:\Pictures\2016\Utah\julie_party (14).jpg has no labelAnnotations or landmarkAnnotations.
File D:\Pictures\2016\Utah\julie_party (2).jpg has no labelAnnotations or landmarkAnnotations.
File D:\Pictures\2016\Utah\mylissa_wedding (1).jpg has no labelAnnotations or landmarkAnnotations.
File D:\Pictures\2016\Utah\mylissa_wedding (13).jpg has no labelAnnotations or landmarkAnnotations.
File D:\Pictures\2016\Utah\mylissa_wedding (8).jpg has no labelAnnotations or landmarkAnnotations.
File D:\Pictures\2016\Utah\university_chorale_concert (2).jpg has no labelAnnotations or landmarkAnnotations.
File D:\Pictures\2016\Wedding Time\Honeymoon San Fran\2016-06-15 18.05.32.jpg has no labelAnnotations or landmarkAnnotations.
File D:\Pictures\2016\Wedding Time\Honeymoon San Fran\DSC_8417.JPG has no labelAnnotations or landmarkAnnotations.
File D:\Pictures\2016\Wedding Time\Honeymoon San Fran\DSC_8443.JPG has no labelAnnotations or landmarkAnnotations.
File D:\Pictures\2016\Wedding Time\Honeymoon San Fran\DSC_8653.JPG has no labelAnnotations or landmarkAnnotations.
File D:\Pictures\2016\Wedding Time\Honeymoon San Fran\DSC_8694.JPG has no labelAnnotations or landmarkAnnotations.
File D:\Pictures\2016\Wedding Time\Honeymoon San Fran\DSC_8867.JPG has no labelAnnotations or landmarkAnnotations.
File D:\Pictures\2016\Wedding Time\Honeymoon San Fran\DSC_8874.JPG has no labelAnnotations or landmarkAnnotations.
File D:\Pictures\2016\Wedding Time\Honeymoon San Fran\DSC_9150.JPG has no labelAnnotations or landmarkAnnotations.
File D:\Pictures\2016\Wedding Time\Wedding\B+J-121wedding.jpg has no labelAnnotations or landmarkAnnotations.
File D:\Pictures\2016\Wedding Time\Wedding\B+J-276wedding.jpg has no labelAnnotations or landmarkAnnotations.
File D:\Pictures\2016\Wedding Time\Wedding\B+J-286wedding.jpg has no labelAnnotations or landmarkAnnotations.
File D:\Pictures\2016\Wedding Time\Wedding - Julies pics\IMG_4792.JPG has no labelAnnotations or landmarkAnnotations.
File D:\Pictures\2016\Wedding Time\Wedding - Julies pics\IMG_4798.JPG has no labelAnnotations or landmarkAnnotations.
File D:\Pictures\2016\Wedding Time\Wedding - Julies pics\IMG_4864.JPG has no labelAnnotations or landmarkAnnotations.
File D:\Pictures\2016\Wedding Time\Wedding - Julies pics\IMG_4958.JPG has no labelAnnotations or landmarkAnnotations.
File D:\Pictures\2016\Wedding Time\Wedding - Julies pics\IMG_5053.JPG has no labelAnnotations or landmarkAnnotations.
File D:\Pictures\2016\Wedding Time\Wedding - Julies pics\IMG_5067.JPG has no labelAnnotations or landmarkAnnotations.
File D:\Pictures\2016\Wedding Time\Wedding - Julies pics\IMG_5123.JPG has no labelAnnotations or landmarkAnnotations.
File D:\Pictures\2016\Wedding Time\Wedding - Julies pics\IMG_5136.JPG has no labelAnnotations or landmarkAnnotations.
File D:\Pictures\2016\Wedding Time\Wedding - Julies pics\IMG_5151.JPG has no labelAnnotations or landmarkAnnotations.
File D:\Pictures\2016\Wedding Time\Wedding - Julies pics\IMG_5172.JPG has no labelAnnotations or landmarkAnnotations.
File D:\Pictures\2016\Wedding Time\Wedding - Julies pics\IMG_5202.JPG has no labelAnnotations or landmarkAnnotations.
File D:\Pictures\2016\Wedding Time\Wedding - Julies pics\IMG_5284.JPG has no labelAnnotations or landmarkAnnotations.
File D:\Pictures\2016\Wedding Time\Wedding Reception - Ohio\DSC_0308.JPG has no labelAnnotations or landmarkAnnotations.
File D:\Pictures\2016\Wedding Time\Wedding Reception - Ohio\DSC_0364.JPG has no labelAnnotations or landmarkAnnotations.
File D:\Pictures\2016\Wedding Time\Wedding Reception - Ohio\DSC_0462.JPG has no labelAnnotations or landmarkAnnotations.
File D:\Pictures\2016\Wedding Time\Wedding Reception - Ohio\DSC_0485.JPG has no labelAnnotations or landmarkAnnotations.
File D:\Pictures\2016\Yellowstone\DSC_9258.JPG has no labelAnnotations or landmarkAnnotations.
File D:\Pictures\2016\Yellowstone\DSC_9279.JPG has no labelAnnotations or landmarkAnnotations.
File D:\Pictures\2016\Yellowstone\DSC_9288.JPG has no labelAnnotations or landmarkAnnotations.
File D:\Pictures\2016\Yellowstone\DSC_9298.JPG has no labelAnnotations or landmarkAnnotations.
File D:\Pictures\Emily Wedding\DSC_6826.JPG has no labelAnnotations or landmarkAnnotations.
File D:\Pictures\Emily Wedding\DSC_6847.JPG has no labelAnnotations or landmarkAnnotations.
File D:\Pictures\Emily Wedding\DSC_6848.JPG has no labelAnnotations or landmarkAnnotations.
File D:\Pictures\Emily Wedding\DSC_6870.JPG has no labelAnnotations or landmarkAnnotations.
File D:\Pictures\Emily Wedding\DSC_6879.JPG has no labelAnnotations or landmarkAnnotations.
File D:\Pictures\Emily Wedding\DSC_6889.JPG has no labelAnnotations or landmarkAnnotations.
File D:\Pictures\Emily Wedding\DSC_6894.JPG has no labelAnnotations or landmarkAnnotations.
File D:\Pictures\Emily Wedding\DSC_6914.JPG has no labelAnnotations or landmarkAnnotations.
File D:\Pictures\Emily Wedding\DSC_6951.JPG has no labelAnnotations or landmarkAnnotations.
File D:\Pictures\Emily Wedding\DSC_6955.JPG has no labelAnnotations or landmarkAnnotations.
File D:\Pictures\Emily Wedding\DSC_6957.JPG has no labelAnnotations or landmarkAnnotations.
File D:\Pictures\Emily Wedding\DSC_6972.JPG has no labelAnnotations or landmarkAnnotations.
File D:\Pictures\Emily Wedding\DSC_7017.JPG has no labelAnnotations or landmarkAnnotations.
File D:\Pictures\Emily Wedding\DSC_7018.JPG has no labelAnnotations or landmarkAnnotations.
File D:\Pictures\Emily Wedding\DSC_7039.JPG has no labelAnnotations, but does have a landmarkAnnotation.
File D:\Pictures\Emily Wedding\DSC_7059.JPG has no labelAnnotations or landmarkAnnotations.
File D:\Pictures\Emily Wedding\DSC_7066.JPG has no labelAnnotations or landmarkAnnotations.
File D:\Pictures\Emily Wedding\DSC_7074.JPG has no labelAnnotations or landmarkAnnotations.
File D:\Pictures\Emily Wedding\DSC_7079.JPG has no labelAnnotations or landmarkAnnotations.
File D:\Pictures\Emily Wedding\DSC_7085.JPG has no labelAnnotations or landmarkAnnotations.
File D:\Pictures\Emily Wedding\DSC_7090.JPG has no labelAnnotations or landmarkAnnotations.
File D:\Pictures\Emily Wedding\DSC_7098.JPG has no labelAnnotations or landmarkAnnotations.
File D:\Pictures\Emily Wedding\DSC_7144.JPG has no labelAnnotations or landmarkAnnotations.
File D:\Pictures\Emily Wedding\DSC_7166.JPG has no labelAnnotations or landmarkAnnotations.
File D:\Pictures\Emily Wedding\DSC_7182.JPG has no labelAnnotations or landmarkAnnotations.
File D:\Pictures\Emily Wedding\DSC_7183.JPG has no labelAnnotations or landmarkAnnotations.
File D:\Pictures\Emily Wedding\DSC_7186.JPG has no labelAnnotations or landmarkAnnotations.
File D:\Pictures\Family Pictures\DSC03627.JPG has no labelAnnotations or landmarkAnnotations.
File D:\Pictures\Family Pictures\DSC_0083.JPG has no labelAnnotations or landmarkAnnotations.
File D:\Pictures\Family Pictures\Emily Announcement.jpg has no labelAnnotations or landmarkAnnotations.
File D:\Pictures\Family Pictures\Windows (77).JPG has no labelAnnotations or landmarkAnnotations.
File D:\Pictures\Family Pictures\2006\2006-03-09\101_2824.JPG has no labelAnnotations or landmarkAnnotations.
File D:\Pictures\Family Pictures\2006\2006-03-09\101_2836.JPG has no labelAnnotations or landmarkAnnotations.
File D:\Pictures\Family Pictures\2006\2006-05-23\101_3004.JPG has no labelAnnotations or landmarkAnnotations.
File D:\Pictures\Family Pictures\2006\2006-05-23\101_3010.JPG has no labelAnnotations or landmarkAnnotations.
File D:\Pictures\Family Pictures\2006\2006-05-23\101_3011.JPG has no labelAnnotations or landmarkAnnotations.
File D:\Pictures\Family Pictures\2006\2006-05-23\101_3065.JPG has no labelAnnotations or landmarkAnnotations.
File D:\Pictures\Family Pictures\2006\2006-07-23\100_3244.JPG has no labelAnnotations or landmarkAnnotations.
File D:\Pictures\Family Pictures\2006\2006-07-23\100_3378.JPG has no labelAnnotations or landmarkAnnotations.
File D:\Pictures\Family Pictures\2006\2006-07-23\100_3380.JPG has no labelAnnotations or landmarkAnnotations.
File D:\Pictures\Family Pictures\2006\2006-07-23\100_3383.JPG has no labelAnnotations or landmarkAnnotations.
File D:\Pictures\Family Pictures\2006\2006-10-06\100_3486.JPG has no labelAnnotations or landmarkAnnotations.
File D:\Pictures\Family Pictures\2006\2006-10-06\100_3500.JPG has no labelAnnotations or landmarkAnnotations.
File D:\Pictures\Family Pictures\2006\2006-10-06\100_3517.JPG has no labelAnnotations or landmarkAnnotations.
File D:\Pictures\Family Pictures\2008\11-28-2008\100_4475.JPG has no labelAnnotations, but does have a landmarkAnnotation.
File D:\Pictures\Family Pictures\2008\11-28-2008\100_4476.JPG has no labelAnnotations, but does have a landmarkAnnotation.
File D:\Pictures\Family Pictures\2008\2008 July\100_4306.JPG has no labelAnnotations or landmarkAnnotations.
File D:\Pictures\Family Pictures\2008\2008-01-06\100_3682.JPG has no labelAnnotations or landmarkAnnotations.
File D:\Pictures\Family Pictures\2008\2008-01-06\100_3761.JPG has no labelAnnotations or landmarkAnnotations.
File D:\Pictures\Family Pictures\2008\2008-01-06\100_3764.JPG has no labelAnnotations or landmarkAnnotations.
File D:\Pictures\Family Pictures\2008\2008-04-26\100_3829.JPG has no labelAnnotations or landmarkAnnotations.
File D:\Pictures\Family Pictures\2008\2008-04-26\100_3830.JPG has no labelAnnotations or landmarkAnnotations.
File D:\Pictures\Family Pictures\2008\2008-04-26\100_3891.JPG has no labelAnnotations or landmarkAnnotations.
File D:\Pictures\Family Pictures\2008\2008-04-26\100_3960.JPG has no labelAnnotations or landmarkAnnotations.
File D:\Pictures\Family Pictures\2008\2008-05-14\100_4014.JPG has no labelAnnotations or landmarkAnnotations.
File D:\Pictures\Family Pictures\2008\2008-05-14\100_4020.JPG has no labelAnnotations or landmarkAnnotations.
