No date/time for: N:/Jessica Pictures/After Mission/10923312_1032762676768985_7355416587558696021_n.jpg
No date/time for: N:/Jessica Pictures/After Mission/Niagra.jpg
No date/time for: N:/Jessica Pictures/After Mission/10923312_1032762676768985_7355416587558696021_n.jpg
No date/time for: N:/Jessica Pictures/After Mission/Niagra.jpg
No date/time for: N:/Jessica Pictures/After Mission/padgent.jpg
No date/time for: N:/Jessica Pictures/After Mission/10915137_1012805838764669_3422346009606427010_n.jpg
No date/time for: N:/Jessica Pictures/After Mission/10923312_1032762676768985_7355416587558696021_n.jpg
No date/time for: N:/Jessica Pictures/After Mission/Niagra.jpg
No date/time for: N:/Jessica Pictures/After Mission/padgent.jpg
No date/time for: N:/Jessica Pictures/After Mission/10915137_1012805838764669_3422346009606427010_n.jpg
No date/time for: N:/Jessica Pictures/After Mission/10923312_1032762676768985_7355416587558696021_n.jpg
No date/time for: N:/Jessica Pictures/After Mission/Niagra.jpg
No date/time for: N:/Jessica Pictures/After Mission/padgent.jpg
No date/time for: N:/Jessica Pictures/After Mission/10915137_1012805838764669_3422346009606427010_n.jpg
No date/time for: N:/Jessica Pictures/After Mission/10923312_1032762676768985_7355416587558696021_n.jpg
No date/time for: N:/Jessica Pictures/After Mission/Niagra.jpg
No date/time for: N:/Jessica Pictures/After Mission/padgent.jpg
No date/time for: N:/Jessica Pictures/After Mission/10915137_1012805838764669_3422346009606427010_n.jpg
Question the time for: N:/Photos/2016/Chicago and Wicked/wicked_south_bend (2).jpg : 2016-09-13 21:11:43+00:00
No date/time for: N:/Photos/2016/Meagan Mission/unnamed (2).jpg
No date/time for: N:/Photos/2016/Meagan Mission/zoo.jpg
No date/time for: N:/Photos/2016/Meagan Mission/unnamed.jpg
No date/time for: N:/Photos/2016/Meagan Mission/stillokie_gmail.com_FullSizeR.jpg
No date/time for: N:/Photos/2016/Meagan Mission/unnamed (1).jpg
Question the time for: N:/Photos/2016/NYC Trip/DSC_0527-2.jpg : 2016-08-30 08:34:11+00:00
Question the time for: N:/Photos/2016/Wedding Time/Wedding/B+J-31wedding.jpg : 2016-06-11 11:11:41+00:00
Question the time for: N:/Photos/2016/Wedding Time/Wedding/B+J-86wedding.jpg : 2016-06-11 11:38:29+00:00
Question the time for: N:/Photos/2016/Wedding Time/Wedding/B+J-291wedding.jpg : 2016-06-11 19:45:58+00:00
Question the time for: N:/Photos/2016/Wedding Time/Wedding/B+J-284wedding.jpg : 2016-06-11 19:42:09+00:00
Question the time for: N:/Photos/2016/Wedding Time/Wedding/B+J-313wedding.jpg : 2016-06-11 19:48:22+00:00
Question the time for: N:/Photos/2016/Wedding Time/Wedding/B+J-79wedding.jpg : 2016-06-11 11:35:51+00:00
Question the time for: N:/Photos/2016/Wedding Time/Wedding/B+J-316wedding.jpg : 2016-06-11 19:48:25+00:00
Question the time for: N:/Photos/2016/Wedding Time/Wedding/B+J-42wedding.jpg : 2016-06-11 11:15:43+00:00
Question the time for: N:/Photos/2016/Wedding Time/Wedding/B+J-56wedding.jpg : 2016-06-11 11:27:29+00:00
Question the time for: N:/Photos/2016/Wedding Time/Wedding/B+J-359wedding.jpg : 2016-06-11 20:01:43+00:00
Question the time for: N:/Photos/2016/Wedding Time/Wedding/B+J-33wedding.jpg : 2016-06-11 11:11:55+00:00
Question the time for: N:/Photos/2016/Wedding Time/Wedding/B+J-28wedding.jpg : 2016-06-11 11:04:41+00:00
Question the time for: N:/Photos/2016/Wedding Time/Wedding/B+J-44wedding.jpg : 2016-06-11 11:15:44+00:00
Question the time for: N:/Photos/2016/Wedding Time/Wedding/B+J-60wedding.jpg : 2016-06-11 11:28:30+00:00
Question the time for: N:/Photos/2016/Wedding Time/Wedding/B+J-54wedding.jpg : 2016-06-11 11:25:10+00:00
Question the time for: N:/Photos/2016/Wedding Time/Wedding/B+J-338wedding.jpg : 2016-06-11 20:00:37+00:00
Question the time for: N:/Photos/2016/Wedding Time/Wedding/B+J-64wedding.jpg : 2016-06-11 11:31:34+00:00
Question the time for: N:/Photos/2016/Wedding Time/Wedding/B+J-87wedding.jpg : 2016-06-11 11:38:30+00:00
Question the time for: N:/Photos/2016/Wedding Time/Wedding/B+J-3wedding.jpg : 2016-06-11 11:03:18+00:00
Question the time for: N:/Photos/2016/Wedding Time/Wedding/B+J-70wedding.jpg : 2016-06-11 11:32:23+00:00
Question the time for: N:/Photos/2016/Wedding Time/Wedding/B+J-293wedding.jpg : 2016-06-11 19:46:02+00:00
Question the time for: N:/Photos/2016/Wedding Time/Wedding/B+J-228wedding.jpg : 2016-06-11 18:56:53+00:00
Question the time for: N:/Photos/2016/Wedding Time/Wedding/B+J-90wedding.jpg : 2016-06-11 11:40:39+00:00
Question the time for: N:/Photos/2016/Wedding Time/Wedding/B+J-363wedding.jpg : 2016-06-11 20:02:00+00:00
Question the time for: N:/Photos/2016/Wedding Time/Wedding/B+J-85wedding.jpg : 2016-06-11 11:37:18+00:00
Question the time for: N:/Photos/2016/Wedding Time/Wedding/B+J-107wedding.jpg : 2016-06-11 11:45:01+00:00
Question the time for: N:/Photos/2016/Wedding Time/Wedding/B+J-52wedding.jpg : 2016-06-11 11:20:36+00:00
Question the time for: N:/Photos/2016/Wedding Time/Wedding/B+J-77wedding.jpg : 2016-06-11 11:35:18+00:00
Question the time for: N:/Photos/2016/Wedding Time/Wedding/B+J-46wedding.jpg : 2016-06-11 11:16:25+00:00
Question the time for: N:/Photos/2016/Wedding Time/Wedding/B+J-355wedding.jpg : 2016-06-11 20:01:14+00:00
Question the time for: N:/Photos/2016/Wedding Time/Wedding/B+J-97wedding.jpg : 2016-06-11 11:44:19+00:00
Question the time for: N:/Photos/2016/Wedding Time/Wedding/B+J-345wedding.jpg : 2016-06-11 20:00:55+00:00
Question the time for: N:/Photos/2016/Wedding Time/Wedding/B+J-89wedding.jpg : 2016-06-11 11:40:30+00:00
Question the time for: N:/Photos/2016/Wedding Time/Wedding/B+J-38wedding.jpg : 2016-06-11 11:14:47+00:00
Question the time for: N:/Photos/2016/Wedding Time/Wedding/B+J-98wedding.jpg : 2016-06-11 11:44:22+00:00
Question the time for: N:/Photos/2016/Wedding Time/Wedding/B+J-34wedding.jpg : 2016-06-11 11:11:56+00:00
Question the time for: N:/Photos/2016/Wedding Time/Wedding/B+J-63wedding.jpg : 2016-06-11 11:30:28+00:00
Question the time for: N:/Photos/2016/Wedding Time/Wedding/B+J-136wedding.jpg : 2016-06-11 12:34:57+00:00
Question the time for: N:/Photos/2016/Wedding Time/Wedding/B+J-305wedding.jpg : 2016-06-11 19:47:06+00:00
Question the time for: N:/Photos/2016/Wedding Time/Wedding/B+J-27wedding.jpg : 2016-06-11 11:04:40+00:00
Question the time for: N:/Photos/2016/Wedding Time/Wedding/B+J-312wedding.jpg : 2016-06-11 19:48:20+00:00
Question the time for: N:/Photos/2016/Wedding Time/Wedding/B+J-273wedding.jpg : 2016-06-11 19:41:17+00:00
Question the time for: N:/Photos/2016/Wedding Time/Wedding/B+J-4wedding.jpg : 2016-06-11 11:03:19+00:00
Question the time for: N:/Photos/2016/Wedding Time/Wedding/B+J-354wedding.jpg : 2016-06-11 20:01:13+00:00
Question the time for: N:/Photos/2016/Wedding Time/Wedding/B+J-62wedding.jpg : 2016-06-11 11:30:27+00:00
Question the time for: N:/Photos/2016/Wedding Time/Wedding/B+J-30wedding.jpg : 2016-06-11 11:05:05+00:00
Question the time for: N:/Photos/2016/Wedding Time/Wedding/B+J-50wedding.jpg : 2016-06-11 11:19:52+00:00
Question the time for: N:/Photos/2016/Wedding Time/Wedding/B+J-57wedding.jpg : 2016-06-11 11:27:31+00:00
Question the time for: N:/Photos/2016/Wedding Time/Wedding/B+J-366wedding.jpg : 2016-06-11 20:02:09+00:00
Question the time for: N:/Photos/2016/Wedding Time/Wedding/B+J-15wedding.jpg : 2016-06-11 11:03:43+00:00
Question the time for: N:/Photos/2016/Wedding Time/Wedding/B+J-83wedding.jpg : 2016-06-11 11:35:56+00:00
Question the time for: N:/Photos/2016/Wedding Time/Wedding/B+J-48wedding.jpg : 2016-06-11 11:16:35+00:00
Question the time for: N:/Photos/2016/Wedding Time/Wedding/B+J-362wedding.jpg : 2016-06-11 20:01:54+00:00
Question the time for: N:/Photos/2016/Wedding Time/Wedding/B+J-106wedding.jpg : 2016-06-11 11:45:00+00:00
Question the time for: N:/Photos/2016/Wedding Time/Wedding/B+J-65wedding.jpg : 2016-06-11 11:31:40+00:00
Question the time for: N:/Photos/2016/Wedding Time/Wedding/B+J-40wedding.jpg : 2016-06-11 11:15:24+00:00
Question the time for: N:/Photos/2016/Wedding Time/Wedding/B+J-275wedding.jpg : 2016-06-11 19:41:19+00:00
Question the time for: N:/Photos/2016/Wedding Time/Wedding/B+J-35wedding.jpg : 2016-06-11 11:11:56+00:00
Question the time for: N:/Photos/2016/Wedding Time/Wedding/B+J-36wedding.jpg : 2016-06-11 11:12:16+00:00
Question the time for: N:/Photos/2016/Wedding Time/Wedding/B+J-271wedding.jpg : 2016-06-11 19:40:59+00:00
Question the time for: N:/Photos/2016/Wedding Time/Wedding/B+J-340wedding.jpg : 2016-06-11 20:00:40+00:00
Question the time for: N:/Photos/2016/Wedding Time/Wedding/B+J-364wedding.jpg : 2016-06-11 20:02:07+00:00
Question the time for: N:/Photos/2016/Wedding Time/Wedding/B+J-61wedding.jpg : 2016-06-11 11:30:22+00:00
Question the time for: N:/Photos/2016/Wedding Time/Wedding/B+J-309wedding.jpg : 2016-06-11 19:47:39+00:00
Question the time for: N:/Photos/2016/Wedding Time/Wedding/B+J-13wedding.jpg : 2016-06-11 11:03:34+00:00
Question the time for: N:/Photos/2016/Wedding Time/Wedding/B+J-47wedding.jpg : 2016-06-11 11:16:34+00:00
Question the time for: N:/Photos/2016/Wedding Time/Wedding/B+J-76wedding.jpg : 2016-06-11 11:35:17+00:00
Question the time for: N:/Photos/2016/Wedding Time/Wedding/B+J-41wedding.jpg : 2016-06-11 11:15:33+00:00
Question the time for: N:/Photos/2016/Wedding Time/Wedding/B+J-59wedding.jpg : 2016-06-11 11:28:22+00:00
Question the time for: N:/Photos/2016/Wedding Time/Wedding/B+J-2wedding.jpg : 2016-06-11 11:03:17+00:00
Question the time for: N:/Photos/2016/Wedding Time/Wedding/B+J-336wedding.jpg : 2016-06-11 20:00:23+00:00
Question the time for: N:/Photos/2016/Wedding Time/Wedding/B+J-37wedding.jpg : 2016-06-11 11:12:16+00:00
Question the time for: N:/Photos/2016/Wedding Time/Wedding/B+J-49wedding.jpg : 2016-06-11 11:17:56+00:00
Question the time for: N:/Photos/2016/Wedding Time/Wedding/B+J-75wedding.jpg : 2016-06-11 11:33:05+00:00
Question the time for: N:/Photos/2016/Wedding Time/Wedding/B+J-344wedding.jpg : 2016-06-11 20:00:54+00:00
Question the time for: N:/Photos/2016/Wedding Time/Wedding/B+J-78wedding.jpg : 2016-06-11 11:35:49+00:00
Question the time for: N:/Photos/2016/Wedding Time/Wedding/B+J-315wedding.jpg : 2016-06-11 19:48:22+00:00
Question the time for: N:/Photos/2016/Wedding Time/Wedding/B+J-53wedding.jpg : 2016-06-11 11:20:37+00:00
Question the time for: N:/Photos/2016/Wedding Time/Wedding/B+J-51wedding.jpg : 2016-06-11 11:19:54+00:00
Question the time for: N:/Photos/2016/Wedding Time/Wedding/B+J-88wedding.jpg : 2016-06-11 11:38:57+00:00
Question the time for: N:/Photos/2016/Wedding Time/Wedding/B+J-55wedding.jpg : 2016-06-11 11:26:50+00:00
Question the time for: N:/Photos/2016/Wedding Time/Wedding/B+J-91wedding.jpg : 2016-06-11 11:41:41+00:00
Question the time for: N:/Photos/2016/Wedding Time/Wedding/B+J-276wedding.jpg : 2016-06-11 19:41:19+00:00
Question the time for: N:/Photos/2016/Wedding Time/Wedding/B+J-292wedding.jpg : 2016-06-11 19:46:01+00:00
Question the time for: N:/Photos/2016/Wedding Time/Wedding/B+J-39wedding.jpg : 2016-06-11 11:15:04+00:00
Question the time for: N:/Photos/2016/Wedding Time/Wedding/B+J-82wedding.jpg : 2016-06-11 11:35:55+00:00
Question the time for: N:/Photos/2016/Wedding Time/Wedding/B+J-92wedding.jpg : 2016-06-11 11:41:53+00:00
Question the time for: N:/Photos/2016/Wedding Time/Wedding/B+J-347wedding.jpg : 2016-06-11 20:00:59+00:00
Question the time for: N:/Photos/2016/Wedding Time/Wedding/B+J-66wedding.jpg : 2016-06-11 11:31:42+00:00
Question the time for: N:/Photos/2016/Wedding Time/Wedding/B+J-43wedding.jpg : 2016-06-11 11:15:43+00:00
Question the time for: N:/Photos/2016/Wedding Time/Wedding/B+J-365wedding.jpg : 2016-06-11 20:02:08+00:00
Question the time for: N:/Photos/2016/Wedding Time/Wedding/B+J-45wedding.jpg : 2016-06-11 11:16:23+00:00
Question the time for: N:/Photos/2016/Wedding Time/Wedding/B+J-314wedding.jpg : 2016-06-11 19:48:22+00:00
Question the time for: N:/Photos/2016/Wedding Time/Wedding/B+J-319wedding.jpg : 2016-06-11 19:48:27+00:00
No date/time for: N:/Photos/2017/Family Texts/cynthialewis9_gmail.com_Message_1488337927340.jpg
No date/time for: N:/Photos/2017/Family Texts/stillokie_gmail.com_IMG_7714.jpg
No date/time for: N:/Photos/2017/Family Texts/cynthialewis9_gmail.com_20170128_103627.jpg
No date/time for: N:/Photos/2017/Family Texts/stillokie_gmail.com_IMG_8661.jpg
No date/time for: N:/Photos/2017/Family Texts/rsl28_et.byu.edu_20170317_161838.jpg
No date/time for: N:/Photos/2017/Family Texts/cynthialewis9_gmail.com_1486672332607.jpg
No date/time for: N:/Photos/2017/Family Texts/mark_presentation (3).jpg
No date/time for: N:/Photos/2017/Family Texts/rsl28_et.byu.edu_20170223_185631579.jpg
No date/time for: N:/Photos/2017/Family Texts/cynthialewis9_gmail.com_20170309_194121.jpg
No date/time for: N:/Photos/2017/Family Texts/cynthialewis9_gmail.com_20170225_123111.jpg
No date/time for: N:/Photos/2017/Family Texts/stillokie_gmail.com_IMG_7497.jpg
No date/time for: N:/Photos/2017/Family Texts/cynthialewis9_gmail.com_20170114_111008.jpg
No date/time for: N:/Photos/2017/Family Texts/stillokie_gmail.com_IMG_7723.jpg
No date/time for: N:/Photos/2017/Family Texts/stillokie_gmail.com_IMG_8786.jpg
No date/time for: N:/Photos/2017/Family Texts/stillokie_gmail.com_IMG_8729.jpg
No date/time for: N:/Photos/2017/Family Texts/cynthialewis9_gmail.com_20170309_194442.jpg
No date/time for: N:/Photos/2017/Family Texts/stillokie_gmail.com_FullSizeR (2).jpg
No date/time for: N:/Photos/2017/Family Texts/stillokie_gmail.com_IMG_7704.jpg
No date/time for: N:/Photos/2017/Family Texts/cynthialewis9_gmail.com_20170225_184805.jpg
No date/time for: N:/Photos/2017/Family Texts/rsl28_et.byu.edu_20170110_182213_resized.jpg
No date/time for: N:/Photos/2017/Family Texts/cynthialewis9_gmail.com_20170208_163222.jpg
No date/time for: N:/Photos/2017/Family Texts/stillokie_gmail.com_IMG_8271.jpg
No date/time for: N:/Photos/2017/Family Texts/rsl28_et.byu.edu_20170112_145807.jpg
No date/time for: N:/Photos/2017/Family Texts/stillokie_gmail.com_IMG_7691.jpg
No date/time for: N:/Photos/2017/Family Texts/cynthialewis9_gmail.com_20170210_115639.jpg
No date/time for: N:/Photos/2017/Family Texts/eriecanary5_gmail.com_20170316_192335.jpg
No date/time for: N:/Photos/2017/Family Texts/cynthialewis9_gmail.com_20170308_222732.jpg
No date/time for: N:/Photos/2017/Family Texts/rsl28_et.byu.edu_20170114_094558807.jpg
No date/time for: N:/Photos/2017/Family Texts/rsl28_et.byu.edu_20170125_202158478.jpg
No date/time for: N:/Photos/2017/Family Texts/eriecanary5_gmail.com_Message_1489073344303.jpg
No date/time for: N:/Photos/2017/Family Texts/rsl28_et.byu.edu_20170317_101305.jpg
No date/time for: N:/Photos/2017/Family Texts/mark_presentation (2).jpg
No date/time for: N:/Photos/2017/Family Texts/cynthialewis9_gmail.com_UTF-8__20170121_141240_1_.jpg
No date/time for: N:/Photos/2017/Family Texts/mark_presentation (1).jpg
No date/time for: N:/Photos/2017/Family Texts/creininger1_yahoo.com_IMG_3370.jpg
No date/time for: N:/Photos/2017/Family Texts/cynthialewis9_gmail.com_20170128_194258.jpg
No date/time for: N:/Photos/2017/Family Texts/stillokie_gmail.com_506712595.jpg
No date/time for: N:/Photos/2017/Family Texts/cynthialewis9_gmail.com_Message_1487172460175.jpg
No date/time for: N:/Photos/2017/Family Texts/cynthialewis9_gmail.com_20170125_152500.jpg
No date/time for: N:/Photos/2017/Family Texts/stillokie_gmail.com_IMG_8034.jpg
No date/time for: N:/Photos/2017/Family Texts/rsl28_et.byu.edu_20170316_200843.jpg
No date/time for: N:/Photos/2017/Family Texts/cynthialewis9_gmail.com_20170225_123119.jpg
No date/time for: N:/Photos/2017/Family Texts/cynthialewis9_gmail.com_Message_1488337866843.jpg
No date/time for: N:/Photos/2017/Family Texts/rsl28_et.byu.edu_20170126_131343.jpg
No date/time for: N:/Photos/2017/Family Texts/rsl28_et.byu.edu_20170204_201959_resized.jpg
No date/time for: N:/Photos/2017/Family Texts/cynthialewis9_gmail.com_20170209_125608.jpg
No date/time for: N:/Photos/2017/Family Texts/stillokie_gmail.com_IMG_8332.jpg
No date/time for: N:/Photos/2017/Family Texts/cynthialewis9_gmail.com_20170223_184934.jpg
No date/time for: N:/Photos/2017/Family Texts/eriecanary5_gmail.com_20170317_070609.jpg
No date/time for: N:/Photos/2017/Family Texts/stillokie_gmail.com_IMG_8330.jpg
No date/time for: N:/Photos/2017/Family Texts/cynthialewis9_gmail.com_20170221_164332.jpg
No date/time for: N:/Photos/2017/Family Texts/stillokie_gmail.com_IMG_8422.jpg
No date/time for: N:/Photos/2017/Family Texts/stillokie_gmail.com_IMG_8228.jpg
No date/time for: N:/Photos/2017/Family Texts/cynthialewis9_gmail.com_20170208_163520.jpg
No date/time for: N:/Photos/2017/Family Texts/stillokie_gmail.com_IMG_8871.jpg
No date/time for: N:/Photos/2017/Family Texts/rsl28_et.byu.edu_20170112_145813.jpg
No date/time for: N:/Photos/2017/Family Texts/stillokie_gmail.com_IMG_7495.jpg
No date/time for: N:/Photos/2017/Family Texts/cynthialewis9_gmail.com_20170221_220858.jpg
No date/time for: N:/Photos/2017/Family Texts/stillokie_gmail.com_IMG_8042.jpg
No date/time for: N:/Photos/2017/Family Texts/stillokie_gmail.com_IMG_8008.jpg
No date/time for: N:/Photos/2017/Family Texts/rsl28_et.byu.edu_20170129_185045566.jpg
No date/time for: N:/Photos/2017/Family Texts/rsl28_et.byu.edu_20170318_132604.jpg
No date/time for: N:/Photos/2017/Family Texts/creininger1_yahoo.com_IMG_3369.jpg
No date/time for: N:/Photos/2017/Family Texts/cynthialewis9_gmail.com_20170224_205206.jpg
No date/time for: N:/Photos/2017/Family Texts/rsl28_et.byu.edu_20170125_20190144.jpg
No date/time for: N:/Photos/2017/Family Texts/rsl28_et.byu.edu_20170321_101957_resized.jpg
No date/time for: N:/Photos/2017/Family Texts/stillokie_gmail.com_IMG_7913.jpg
No date/time for: N:/Photos/2017/Family Texts/cynthialewis9_gmail.com_20170228_183550.jpg
No date/time for: N:/Photos/2017/Family Texts/cynthialewis9_gmail.com_20170317_190450.jpg
No date/time for: N:/Photos/2017/Family Texts/stillokie_gmail.com_IMG_7946.jpg
No date/time for: N:/Photos/2017/Family Texts/cynthialewis9_gmail.com_20170112_115116.jpg
No date/time for: N:/Photos/2017/Family Texts/stillokie_gmail.com_IMG_7545.jpg
No date/time for: N:/Photos/2017/Family Texts/cynthialewis9_gmail.com_20170315_102959.jpg
No date/time for: N:/Photos/2017/Family Texts/cynthialewis9_gmail.com_20170222_142149.jpg
No date/time for: N:/Photos/2017/Family Texts/stillokie_gmail.com_IMG_8785.jpg
No date/time for: N:/Photos/2017/Family Texts/stillokie_gmail.com_IMG_7671.jpg
No date/time for: N:/Photos/2017/Family Texts/stillokie_gmail.com_IMG_8099.jpg
No date/time for: N:/Photos/2017/Family Texts/cynthialewis9_gmail.com_20170128_102856.jpg
No date/time for: N:/Photos/2017/Family Texts/stillokie_gmail.com_IMG_8691.jpg
No date/time for: N:/Photos/2017/Family Texts/cynthialewis9_gmail.com_20170225_183517.jpg
No date/time for: N:/Photos/2017/Family Texts/stillokie_gmail.com_IMG_7587.jpg
No date/time for: N:/Photos/2017/Family Texts/stillokie_gmail.com_IMG_8751.jpg
No date/time for: N:/Photos/2017/Family Texts/cynthialewis9_gmail.com_20170131_200717.jpg
No date/time for: N:/Photos/2017/Family Texts/rsl28_et.byu.edu_20170317_122557.jpg
No date/time for: N:/Photos/2017/Family Texts/rsl28_et.byu.edu_20170225_122258133.jpg
No date/time for: N:/Photos/2017/Family Texts/eriecanary5_gmail.com_20170202_181012.jpg
No date/time for: N:/Photos/2017/Family Texts/stillokie_gmail.com_IMG_7839.jpg
No date/time for: N:/Photos/2017/Family Texts/stillokie_gmail.com_IMG_8604.jpg
No date/time for: N:/Photos/2017/Family Texts/eriecanary5_gmail.com_Snapchat-365273161.jpg
No date/time for: N:/Photos/2017/Family Texts/cynthialewis9_gmail.com_20170310_215656.jpg
No date/time for: N:/Photos/2017/Family Texts/stillokie_gmail.com_IMG_7666.jpg
No date/time for: N:/Photos/2017/Family Texts/stillokie_gmail.com_IMG_8725.jpg
No date/time for: N:/Photos/2017/Family Texts/cynthialewis9_gmail.com_1489364263153.jpg
No date/time for: N:/Photos/2017/Family Texts/cynthialewis9_gmail.com_20170318_142359.jpg
No date/time for: N:/Photos/2017/Family Texts/cynthialewis9_gmail.com_20170317_180518.jpg
No date/time for: N:/Photos/2017/Family Texts/rsl28_et.byu.edu_20170125_201801.jpg
No date/time for: N:/Photos/2017/Family Texts/stillokie_gmail.com_IMG_8752.jpg
No date/time for: N:/Photos/2017/Family Texts/stillokie_gmail.com_IMG_8275.jpg
No date/time for: N:/Photos/2017/Family Texts/stillokie_gmail.com_IMG_8605.jpg
No date/time for: N:/Photos/2017/Family Texts/cynthialewis9_gmail.com_20170319_170743.jpg
No date/time for: N:/Photos/2017/Family Texts/stillokie_gmail.com_IMG_7686.jpg
No date/time for: N:/Photos/2017/Family Texts/stillokie_gmail.com_IMG_7683.jpg
No date/time for: N:/Photos/2017/Family Texts/stillokie_gmail.com_IMG_8234.jpg
No date/time for: N:/Photos/2017/Family Texts/stillokie_gmail.com_IMG_7780.jpg
No date/time for: N:/Photos/2017/Family Texts/cynthialewis9_gmail.com_20170318_154250.jpg
No date/time for: N:/Photos/2017/Toronto/ford_factory1.jpg
No date/time for: N:/Photos/2017/Toronto/ford_factory2.jpg
No date/time for: N:/Photos/2017/Toronto/ford_factory.jpg
