N:\PhotosAlex Wedding/_DSC0212.JPG                                                        2014-08-19 19:27:31
N:\PhotosAlex Wedding/_DSC0224.JPG                                                        2014-08-19 19:30:40
N:\PhotosAlex Wedding/So_debonair_.jpg                                                    2014-08-19 20:20:26
N:\PhotosAlex Wedding/_DSC0217.JPG                                                        2014-08-19 19:27:57
N:\PhotosAlex Wedding/I_think_I_actually_managed_to_tag_everyone_who_has_a_Facebook_account_here_.jpg2014-08-19 20:00:56
N:\PhotosAlex Wedding/_DSC0223.JPG                                                        2014-08-19 19:29:45
N:\PhotosAlex Wedding/_DSC0215.JPG                                                        2014-08-19 19:27:49
N:\PhotosAlex Wedding/_DSC0213.JPG                                                        2014-08-19 19:27:35
N:\PhotosAlex Wedding/_DSC0073.JPG                                                        2014-08-19 08:09:00
N:\PhotosAlex Wedding/_DSC0218.JPG                                                        2014-08-19 19:28:05
N:\PhotosAlex Wedding/_DSC0214.JPG                                                        2014-08-19 19:27:45
N:\PhotosAlex Wedding/_DSC0192.JPG                                                        2014-08-19 19:19:41
N:\PhotosAlex Wedding/_DSC0235.JPG                                                        2014-08-19 19:34:59
N:\PhotosAlex Wedding/_DSC0220.JPG                                                        2014-08-19 19:28:31
N:\PhotosAlex Wedding/_DSC0236.JPG                                                        2014-08-19 19:35:11
N:\PhotosAlex Wedding/_DSC0131.JPG                                                        2014-08-19 19:06:35
N:\PhotosAlex Wedding/_DSC0191.JPG                                                        2014-08-19 19:19:37
N:\PhotosAlex Wedding/_DSC0216.JPG                                                        2014-08-19 19:27:54
N:\PhotosFamily Pictures/2014/1-3-14/DSC_0038.JPG                                         2014-01-01 15:49:19
N:\PhotosFamily Pictures/2014/1-3-14/DSC_0020.JPG                                         2014-01-01 14:21:06
N:\PhotosFamily Pictures/2014/1-3-14/DSC_0075.JPG                                         2014-01-02 12:16:47
N:\PhotosFamily Pictures/2014/1-3-14/DSC_0055.JPG                                         2014-01-01 17:14:23
N:\PhotosFamily Pictures/2014/1-3-14/DSC_0039.JPG                                         2014-01-01 15:51:56
N:\PhotosFamily Pictures/2014/1-3-14/DSC_0074.JPG                                         2014-01-02 12:16:27
N:\PhotosFamily Pictures/2014/1-3-14/DSC_0044.JPG                                         2014-01-01 16:07:07
N:\PhotosFamily Pictures/2014/1-3-14/DSC_0053.JPG                                         2014-01-01 17:08:42
N:\PhotosFamily Pictures/2014/1-3-14/DSC_0021.JPG                                         2014-01-01 14:22:03
N:\PhotosFamily Pictures/2014/1-3-14/DSC_0072.JPG                                         2014-01-02 12:11:38
N:\PhotosFamily Pictures/2014/1-3-14/DSC_0081.JPG                                         2014-01-02 12:35:35
N:\PhotosFamily Pictures/2014/1-3-14/DSC_0037.JPG                                         2014-01-01 15:49:17
N:\PhotosFamily Pictures/2014/1-3-14/DSC_0019.JPG                                         2014-01-01 14:19:16
N:\PhotosFamily Pictures/2014/1-9-14/DSC_0032.JPG                                         2014-01-05 08:39:22
N:\PhotosFamily Pictures/2014/1-9-14/DSC_0030.JPG                                         2014-01-05 08:37:54
N:\PhotosFamily Pictures/2014/10-5-14/_DSC0019.JPG                                        2014-09-28 17:08:05
N:\PhotosFamily Pictures/2014/10-5-14/_DSC0085.JPG                                        2014-10-05 10:44:20
N:\PhotosFamily Pictures/2014/10-5-14/_DSC0083.JPG                                        2014-10-05 10:43:53
N:\PhotosFamily Pictures/2014/10-5-14/_DSC0079.JPG                                        2014-10-05 09:20:09
N:\PhotosFamily Pictures/2014/10-5-14/_DSC0025.JPG                                        2014-09-28 17:57:36
N:\PhotosFamily Pictures/2014/10-5-14/_DSC0020.JPG                                        2014-09-28 17:08:23
N:\PhotosFamily Pictures/2014/10-5-14/_DSC0076.JPG                                        2014-10-05 09:19:29
N:\PhotosFamily Pictures/2014/11-2-14/_DSC0456.JPG                                        2014-10-26 16:48:32
N:\PhotosFamily Pictures/2014/11-2-14/_DSC0495.JPG                                        2014-11-01 10:36:53
N:\PhotosFamily Pictures/2014/11-30-14/_DSC0297.JPG                                       2014-11-27 15:21:43
N:\PhotosFamily Pictures/2014/3-16-14/DSC_0049.JPG                                        2014-03-06 20:00:33
N:\PhotosFamily Pictures/2014/3-16-14/DSC_0050.JPG                                        2014-03-06 20:00:44
N:\PhotosFamily Pictures/2014/3-16-14/DSC_0085.JPG                                        2014-03-13 08:21:38
N:\PhotosFamily Pictures/2014/3-16-14/DSC_0003.JPG                                        2014-03-04 10:47:22
N:\PhotosFamily Pictures/2014/3-16-14/DSC_0080.JPG                                        2014-03-13 08:20:50
N:\PhotosFamily Pictures/2014/3-16-14/DSC_0084.JPG                                        2014-03-13 08:21:28
N:\PhotosFamily Pictures/2014/3-16-14/DSC_0004.JPG                                        2014-03-04 10:47:26
N:\PhotosFamily Pictures/2014/3-16-14/DSC_0044.JPG                                        2014-03-06 19:02:43
N:\PhotosFamily Pictures/2014/3-16-14/DSC_0088.JPG                                        2014-03-13 08:22:00
N:\PhotosFamily Pictures/2014/4-20-14/DSC_0221.JPG                                        2014-04-15 14:11:46
N:\PhotosFamily Pictures/2014/4-20-14/DSC_0220.JPG                                        2014-04-15 14:11:44
N:\PhotosFamily Pictures/2014/4-20-14/DSC_0003.JPG                                        2014-03-04 10:47:22
N:\PhotosFamily Pictures/2014/4-20-14/DSC_0225.JPG                                        2014-04-15 14:13:13
N:\PhotosFamily Pictures/2014/4-20-14/DSC_0004.JPG                                        2014-03-04 10:47:26
N:\PhotosFamily Pictures/2014/4-20-14/DSC_0223.JPG                                        2014-04-15 14:12:53
N:\PhotosFamily Pictures/2014/4-20-14/DSC_0222.JPG                                        2014-04-15 14:11:47
N:\PhotosFamily Pictures/2014/4-20-14/DSC_0219.JPG                                        2014-04-15 14:11:15
N:\PhotosFamily Pictures/2014/4-20-14/DSC_0224.JPG                                        2014-04-15 14:13:11
N:\PhotosFamily Pictures/2014/4-20-14/DSC_0160.JPG                                        2014-03-22 19:51:26
N:\PhotosFamily Pictures/2014/4-20-14/DSC_0226.JPG                                        2014-04-15 14:13:16
N:\PhotosFamily Pictures/2014/4-27-14/_DSC0122-2.jpg                                      2014-04-24 14:30:06
N:\PhotosFamily Pictures/2014/4-27-14/_DSC0274.JPG                                        2014-04-25 14:32:19
N:\PhotosFamily Pictures/2014/4-27-14/_DSC0158.JPG                                        2014-04-24 16:58:37
N:\PhotosFamily Pictures/2014/4-27-14/_DSC0212.JPG                                        2014-04-25 12:05:13
N:\PhotosFamily Pictures/2014/4-27-14/_DSC0189.JPG                                        2014-04-25 11:06:30
N:\PhotosFamily Pictures/2014/4-27-14/_DSC0224.JPG                                        2014-04-25 12:31:24
N:\PhotosFamily Pictures/2014/4-27-14/_DSC0164.JPG                                        2014-04-24 17:38:19
N:\PhotosFamily Pictures/2014/4-27-14/_DSC0118.JPG                                        2014-04-24 14:29:24
N:\PhotosFamily Pictures/2014/4-27-14/_DSC0197.JPG                                        2014-04-25 11:18:36
N:\PhotosFamily Pictures/2014/4-27-14/_DSC0144.JPG                                        2014-04-24 14:51:37
N:\PhotosFamily Pictures/2014/4-27-14/_DSC0201.JPG                                        2014-04-25 11:18:54
N:\PhotosFamily Pictures/2014/4-27-14/_DSC0155.JPG                                        2014-04-24 16:49:21
N:\PhotosFamily Pictures/2014/4-27-14/_DSC0279.JPG                                        2014-04-25 14:34:42
N:\PhotosFamily Pictures/2014/4-27-14/_DSC0162.JPG                                        2014-04-24 17:20:40
N:\PhotosFamily Pictures/2014/4-27-14/_DSC0123.JPG                                        2014-04-24 14:30:41
N:\PhotosFamily Pictures/2014/4-27-14/_DSC0217.JPG                                        2014-04-25 12:10:10
N:\PhotosFamily Pictures/2014/4-27-14/_DSC0278.JPG                                        2014-04-25 14:33:19
N:\PhotosFamily Pictures/2014/4-27-14/_DSC0126.JPG                                        2014-04-24 14:30:55
N:\PhotosFamily Pictures/2014/4-27-14/_DSC0286.JPG                                        2014-04-25 18:36:17
N:\PhotosFamily Pictures/2014/4-27-14/_DSC0121.JPG                                        2014-04-24 14:29:49
N:\PhotosFamily Pictures/2014/4-27-14/_DSC0257.JPG                                        2014-04-25 14:12:45
N:\PhotosFamily Pictures/2014/4-27-14/_DSC0256.JPG                                        2014-04-25 14:12:41
N:\PhotosFamily Pictures/2014/4-27-14/_DSC0127.JPG                                        2014-04-24 14:30:59
N:\PhotosFamily Pictures/2014/4-27-14/_DSC0125.JPG                                        2014-04-24 14:30:50
N:\PhotosFamily Pictures/2014/4-27-14/_DSC0283.JPG                                        2014-04-25 14:45:47
N:\PhotosFamily Pictures/2014/4-27-14/_DSC0141.JPG                                        2014-04-24 14:51:00
N:\PhotosFamily Pictures/2014/4-27-14/_DSC0129.JPG                                        2014-04-24 14:32:49
N:\PhotosFamily Pictures/2014/4-27-14/_DSC0273.JPG                                        2014-04-25 14:30:40
N:\PhotosFamily Pictures/2014/4-27-14/_DSC0233.JPG                                        2014-04-25 12:43:01
N:\PhotosFamily Pictures/2014/4-27-14/_DSC0259.JPG                                        2014-04-25 14:12:53
N:\PhotosFamily Pictures/2014/4-27-14/_DSC0228.JPG                                        2014-04-25 12:41:23
N:\PhotosFamily Pictures/2014/4-27-14/_DSC0195.JPG                                        2014-04-25 11:15:38
N:\PhotosFamily Pictures/2014/4-27-14/_DSC0222.JPG                                        2014-04-25 12:27:30
N:\PhotosFamily Pictures/2014/4-27-14/_DSC0134.JPG                                        2014-04-24 14:50:08
N:\PhotosFamily Pictures/2014/4-27-14/_DSC0258.JPG                                        2014-04-25 14:12:52
N:\PhotosFamily Pictures/2014/4-27-14/_DSC0165.JPG                                        2014-04-24 17:38:25
N:\PhotosFamily Pictures/2014/4-27-14/_DSC0223.JPG                                        2014-04-25 12:27:36
N:\PhotosFamily Pictures/2014/4-27-14/_DSC0215.JPG                                        2014-04-25 12:07:00
N:\PhotosFamily Pictures/2014/4-27-14/_DSC0227.JPG                                        2014-04-25 12:38:28
N:\PhotosFamily Pictures/2014/4-27-14/_DSC0202.JPG                                        2014-04-25 11:19:02
N:\PhotosFamily Pictures/2014/4-27-14/_DSC0266.JPG                                        2014-04-25 14:16:14
N:\PhotosFamily Pictures/2014/4-27-14/_DSC0124.JPG                                        2014-04-24 14:30:44
N:\PhotosFamily Pictures/2014/4-27-14/_DSC0280.JPG                                        2014-04-25 14:43:17
N:\PhotosFamily Pictures/2014/4-27-14/_DSC0136.JPG                                        2014-04-24 14:50:38
N:\PhotosFamily Pictures/2014/4-27-14/_DSC0120.JPG                                        2014-04-24 14:29:38
N:\PhotosFamily Pictures/2014/4-27-14/_DSC0198.JPG                                        2014-04-25 11:18:41
N:\PhotosFamily Pictures/2014/4-27-14/_DSC0221.JPG                                        2014-04-25 12:26:35
N:\PhotosFamily Pictures/2014/4-27-14/_DSC0213.JPG                                        2014-04-25 12:05:43
N:\PhotosFamily Pictures/2014/4-27-14/_DSC0218.JPG                                        2014-04-25 12:10:13
N:\PhotosFamily Pictures/2014/4-27-14/_DSC0163.JPG                                        2014-04-24 17:37:44
N:\PhotosFamily Pictures/2014/4-27-14/_DSC0185.JPG                                        2014-04-25 10:54:05
N:\PhotosFamily Pictures/2014/4-27-14/_DSC0159.JPG                                        2014-04-24 16:58:52
N:\PhotosFamily Pictures/2014/4-27-14/_DSC0214.JPG                                        2014-04-25 12:06:07
N:\PhotosFamily Pictures/2014/4-27-14/_DSC0285.JPG                                        2014-04-25 18:36:02
N:\PhotosFamily Pictures/2014/4-27-14/_DSC0170.JPG                                        2014-04-24 19:13:01
N:\PhotosFamily Pictures/2014/4-27-14/_DSC0192.JPG                                        2014-04-25 11:14:41
N:\PhotosFamily Pictures/2014/4-27-14/_DSC0260.JPG                                        2014-04-25 14:13:09
N:\PhotosFamily Pictures/2014/4-27-14/_DSC0132.JPG                                        2014-04-24 14:49:50
N:\PhotosFamily Pictures/2014/4-27-14/_DSC0143.JPG                                        2014-04-24 14:51:34
N:\PhotosFamily Pictures/2014/4-27-14/_DSC0199.JPG                                        2014-04-25 11:18:44
N:\PhotosFamily Pictures/2014/4-27-14/_DSC0171.JPG                                        2014-04-24 19:13:12
N:\PhotosFamily Pictures/2014/4-27-14/_DSC0168.JPG                                        2014-04-24 19:04:53
N:\PhotosFamily Pictures/2014/4-27-14/_DSC0262.JPG                                        2014-04-25 14:13:29
N:\PhotosFamily Pictures/2014/4-27-14/_DSC0138.JPG                                        2014-04-24 14:50:49
N:\PhotosFamily Pictures/2014/4-27-14/_DSC0135.JPG                                        2014-04-24 14:50:16
N:\PhotosFamily Pictures/2014/4-27-14/_DSC0194.JPG                                        2014-04-25 11:14:58
N:\PhotosFamily Pictures/2014/4-27-14/_DSC0166.JPG                                        2014-04-24 18:41:08
N:\PhotosFamily Pictures/2014/4-27-14/_DSC0157.JPG                                        2014-04-24 16:53:38
N:\PhotosFamily Pictures/2014/4-27-14/_DSC0225.JPG                                        2014-04-25 12:35:04
N:\PhotosFamily Pictures/2014/4-27-14/_DSC0234.JPG                                        2014-04-25 12:45:04
N:\PhotosFamily Pictures/2014/4-27-14/_DSC0271.JPG                                        2014-04-25 14:16:49
N:\PhotosFamily Pictures/2014/4-27-14/_DSC0287.JPG                                        2014-04-25 18:36:25
N:\PhotosFamily Pictures/2014/4-27-14/_DSC0128.JPG                                        2014-04-24 14:32:41
N:\PhotosFamily Pictures/2014/4-27-14/_DSC0261.JPG                                        2014-04-25 14:13:23
N:\PhotosFamily Pictures/2014/4-27-14/_DSC0265.JPG                                        2014-04-25 14:13:51
N:\PhotosFamily Pictures/2014/4-27-14/_DSC0270.JPG                                        2014-04-25 14:16:46
N:\PhotosFamily Pictures/2014/4-27-14/_DSC0272.JPG                                        2014-04-25 14:24:28
N:\PhotosFamily Pictures/2014/4-27-14/_DSC0200.JPG                                        2014-04-25 11:18:50
N:\PhotosFamily Pictures/2014/4-27-14/_DSC0253.JPG                                        2014-04-25 13:47:10
N:\PhotosFamily Pictures/2014/4-27-14/_DSC0122.JPG                                        2014-04-24 14:30:06
N:\PhotosFamily Pictures/2014/4-27-14/_DSC0219.JPG                                        2014-04-25 12:11:38
N:\PhotosFamily Pictures/2014/4-27-14/_DSC0235.JPG                                        2014-04-25 12:45:08
N:\PhotosFamily Pictures/2014/4-27-14/_DSC0268.JPG                                        2014-04-25 14:16:28
N:\PhotosFamily Pictures/2014/4-27-14/_DSC0173.JPG                                        2014-04-24 19:20:03
N:\PhotosFamily Pictures/2014/4-27-14/_DSC0220.JPG                                        2014-04-25 12:26:24
N:\PhotosFamily Pictures/2014/4-27-14/_DSC0284.JPG                                        2014-04-25 18:35:46
N:\PhotosFamily Pictures/2014/4-27-14/_DSC0183.JPG                                        2014-04-25 10:46:12
N:\PhotosFamily Pictures/2014/4-27-14/_DSC0119.JPG                                        2014-04-24 14:29:37
N:\PhotosFamily Pictures/2014/4-27-14/_DSC0275.JPG                                        2014-04-25 14:32:27
N:\PhotosFamily Pictures/2014/4-27-14/_DSC0137.JPG                                        2014-04-24 14:50:40
N:\PhotosFamily Pictures/2014/4-27-14/_DSC0282.JPG                                        2014-04-25 14:44:28
N:\PhotosFamily Pictures/2014/4-27-14/_DSC0232.JPG                                        2014-04-25 12:42:59
N:\PhotosFamily Pictures/2014/4-27-14/_DSC0252.JPG                                        2014-04-25 13:47:02
N:\PhotosFamily Pictures/2014/4-27-14/_DSC0133.JPG                                        2014-04-24 14:50:04
N:\PhotosFamily Pictures/2014/4-27-14/_DSC0264.JPG                                        2014-04-25 14:13:39
N:\PhotosFamily Pictures/2014/4-27-14/_DSC0277.JPG                                        2014-04-25 14:32:46
N:\PhotosFamily Pictures/2014/4-27-14/_DSC0226.JPG                                        2014-04-25 12:35:17
N:\PhotosFamily Pictures/2014/4-27-14/_DSC0254.JPG                                        2014-04-25 13:47:18
N:\PhotosFamily Pictures/2014/4-27-14/_DSC0267.JPG                                        2014-04-25 14:16:23
N:\PhotosFamily Pictures/2014/4-27-14/_DSC0131.JPG                                        2014-04-24 14:49:48
N:\PhotosFamily Pictures/2014/4-27-14/_DSC0269.JPG                                        2014-04-25 14:16:42
N:\PhotosFamily Pictures/2014/4-27-14/_DSC0154.JPG                                        2014-04-24 16:49:07
N:\PhotosFamily Pictures/2014/4-27-14/_DSC0250.JPG                                        2014-04-25 13:32:04
N:\PhotosFamily Pictures/2014/4-27-14/_DSC0276.JPG                                        2014-04-25 14:32:37
N:\PhotosFamily Pictures/2014/4-27-14/_DSC0184.JPG                                        2014-04-25 10:46:22
N:\PhotosFamily Pictures/2014/4-27-14/_DSC0263.JPG                                        2014-04-25 14:13:32
N:\PhotosFamily Pictures/2014/4-27-14/_DSC0231.JPG                                        2014-04-25 12:42:57
N:\PhotosFamily Pictures/2014/4-27-14/_DSC0229.JPG                                        2014-04-25 12:42:08
N:\PhotosFamily Pictures/2014/4-27-14/_DSC0281.JPG                                        2014-04-25 14:43:58
N:\PhotosFamily Pictures/2014/8 Mar 14 Moms phone/20140111_083945.jpg                     2014-01-11 08:39:45
N:\PhotosFamily Pictures/2014/8 Mar 14 Moms phone/20140101_154941.jpg                     2014-01-01 15:49:40
N:\PhotosFamily Pictures/2014/9-21-14/_DSC0049.JPG                                        2014-08-18 09:13:07
N:\PhotosFamily Pictures/2014/9-21-14/_DSC0050.JPG                                        2014-08-18 09:13:21
N:\PhotosFamily Pictures/2014/November 2014/_DSC0091.JPG                                  2014-11-18 17:57:30
N:\PhotosFamily Pictures/2014/November 2014/_DSC0111.JPG                                  2014-11-18 18:04:57
N:\PhotosFamily Pictures/2014/November 2014/_DSC0109.JPG                                  2014-11-18 18:04:37
N:\PhotosFamily Pictures/2014/November 2014/_DSC0107.JPG                                  2014-11-18 18:04:08
N:\PhotosFamily Pictures/2014/November 2014/_DSC0108.JPG                                  2014-11-18 18:04:19
N:\PhotosFamily Pictures/2014/November 2014/_DSC0090.JPG                                  2014-11-18 17:57:18
N:\PhotosFamily Pictures/2014/November 2014/_DSC0092.JPG                                  2014-11-18 17:57:38
N:\PhotosFamily Pictures/2014/November 2014/_DSC0104.JPG                                  2014-11-18 18:00:42
N:\PhotosFamily Pictures/2014/November 2014/_DSC0106.JPG                                  2014-11-18 18:03:52
N:\PhotosFamily Pictures/2014/October 2014/2014-10-14 12.36.25.jpg                        2014-10-14 12:36:25
N:\PhotosFamily Pictures/2014/October 2014/2014-10-30 19.58.33.jpg                        2014-10-30 19:58:33
N:\PhotosFamily Pictures/2015/January 2015/_DSC0246.JPG                                   2014-12-25 07:31:03
N:\PhotosFamily Pictures/2015/January 2015/_DSC0279.JPG                                   2014-12-25 08:49:23
N:\PhotosFamily Pictures/2015/January 2015/_DSC0256.JPG                                   2014-12-25 07:38:36
N:\PhotosFamily Pictures/2015/January 2015/_DSC0041.JPG                                   2014-12-13 16:33:08
N:\PhotosFamily Pictures/2015/January 2015/_DSC0248.JPG                                   2014-12-25 07:31:44
N:\PhotosFamily Pictures/2015/January 2015/_DSC0244.JPG                                   2014-12-25 07:25:56
N:\PhotosFamily Pictures/2015/January 2015/_DSC0294.JPG                                   2014-12-25 09:21:30
N:\PhotosFamily Pictures/2015/January 2015/_DSC0195.JPG                                   2014-12-24 20:52:01
N:\PhotosFamily Pictures/2015/January 2015/_DSC0336.JPG                                   2014-12-25 18:48:32
N:\PhotosFamily Pictures/2015/January 2015/_DSC0208.JPG                                   2014-12-24 20:55:17
N:\PhotosFamily Pictures/2015/January 2015/_DSC0215.JPG                                   2014-12-24 20:57:03
N:\PhotosFamily Pictures/2015/January 2015/_DSC0227.JPG                                   2014-12-24 21:14:27
N:\PhotosFamily Pictures/2015/January 2015/_DSC0247.JPG                                   2014-12-25 07:31:38
N:\PhotosFamily Pictures/2015/January 2015/_DSC0243.JPG                                   2014-12-25 07:25:54
N:\PhotosFamily Pictures/2015/January 2015/_DSC0145.JPG                                   2014-12-24 17:18:12
N:\PhotosFamily Pictures/2015/January 2015/_DSC0207.JPG                                   2014-12-24 20:54:30
N:\PhotosFamily Pictures/2015/January 2015/_DSC0205.JPG                                   2014-12-24 20:53:58
N:\PhotosFamily Pictures/2015/January 2015/_DSC0167.JPG                                   2014-12-24 20:44:56
N:\PhotosFamily Pictures/2015/January 2015/_DSC0291.JPG                                   2014-12-25 08:56:46
N:\PhotosFamily Pictures/2015/January 2015/_DSC0242.JPG                                   2014-12-25 07:25:42
N:\PhotosFamily Pictures/2015/January 2015/_DSC0103.JPG                                   2014-12-18 20:26:06
N:\PhotosFamily Pictures/2015/January 2015/_DSC0268.JPG                                   2014-12-25 08:45:12
N:\PhotosFamily Pictures/2015/January 2015/_DSC0110.JPG                                   2014-12-18 20:30:31
N:\PhotosFamily Pictures/2015/January 2015/_DSC0156.JPG                                   2014-12-24 19:27:10
N:\PhotosFamily Pictures/2015/January 2015/_DSC0282.JPG                                   2014-12-25 08:52:35
N:\PhotosFamily Pictures/2015/January 2015/_DSC0321.JPG                                   2014-12-25 09:58:52
N:\PhotosFamily Pictures/2015/January 2015/_DSC0263.JPG                                   2014-12-25 08:42:14
N:\PhotosFamily Pictures/2015/January 2015/_DSC0245.JPG                                   2014-12-25 07:30:38
N:\PhotosFamily Pictures/2015/Mom's Phone/2014-11-18 12.57.16.jpg                         2014-11-18 12:57:16
N:\PhotosFamily Pictures/2015/Mom's Phone/2014-11-13 12.16.38.jpg                         2014-11-13 12:16:38
N:\PhotosFamily Pictures/2015/Mom's Phone/2014-11-18 12.39.12.jpg                         2014-11-18 12:39:12
N:\PhotosFamily Pictures/2015/Winter Break/DSC_4112.JPG                                   2014-12-27 17:29:42
N:\PhotosFamily Pictures/2015/Winter Break/DSC_4106.JPG                                   2014-12-27 17:24:54
N:\PhotosFamily Pictures/2015/Winter Break/DSC_4113.JPG                                   2014-12-27 17:29:49
N:\PhotosFamily Pictures/2015/Winter Break/DSC_4124.JPG                                   2014-12-27 17:39:46
N:\PhotosFamily Pictures/2015/Winter Break/DSC_4107.JPG                                   2014-12-27 17:24:55
N:\PhotosFamily Pictures/2015/Winter Break/DSC_4125.JPG                                   2014-12-27 17:39:48
N:\PhotosMasters 2014-15/DSC_3516.jpg                                                     2014-10-18 14:51:26
N:\PhotosMasters 2014-15/DSC_3711.JPG                                                     2014-10-30 22:43:12
N:\PhotosMasters 2014-15/2014-09-13 18.40.07.jpg                                          2014-09-13 18:40:07
N:\PhotosMasters 2014-15/DSC_3724.jpg                                                     2014-10-30 22:51:39
N:\PhotosMasters 2014-15/DSC_3519.JPG                                                     2014-10-18 15:08:45
N:\PhotosMasters 2014-15/2014-10-25 11.13.12.jpg                                          2014-10-25 11:13:12
N:\PhotosMasters 2014-15/DSC_3568.JPG                                                     2014-10-25 19:46:28
N:\PhotosMasters 2014-15/DSC_3517.jpg                                                     2014-10-18 15:08:40
N:\PhotosMasters 2014-15/2014-10-25 11.11.47.jpg                                          2014-10-25 11:11:47
N:\PhotosMasters 2014-15/DSC_3712.jpg                                                     2014-10-30 22:45:49
N:\PhotosMasters 2014-15/2014-12-13 11.42.52.jpg                                          2014-12-13 11:42:52
N:\PhotosMasters 2014-15/2014-12-13 21.53.10.jpg                                          2014-12-13 21:53:10
N:\PhotosMasters 2014-15/Meagan_mission_call (7).jpeg                                     2014-12-25 14:02:23
N:\PhotosMasters 2014-15/2014-10-25 11.12.07.jpg                                          2014-10-25 11:12:07
N:\PhotosMasters 2014-15/DSC_3717.jpg                                                     2014-10-30 22:48:26
N:\PhotosMasters 2014-15/DSC_3524.jpg                                                     2014-10-18 16:01:36
N:\PhotosMasters 2014-15/DSC_3716.jpg                                                     2014-10-30 22:48:10
N:\PhotosMasters 2014-15/2014-12-13 21.45.17.jpg                                          2014-12-13 21:45:17
N:\PhotosMasters 2014-15/DSC_3518.jpg                                                     2014-10-18 15:08:42
N:\PhotosMasters 2014-15/DSC_3525.jpg                                                     2014-10-18 16:01:37
N:\PhotosMasters 2014-15/2014-12-13 21.45.00.jpg                                          2014-12-13 21:45:00
N:\PhotosMasters 2014-15/My_wonderful_family.jpg                                          2014-06-17 14:00:05
N:\PhotosMasters 2014-15/DSC_3520.jpg                                                     2014-10-18 15:08:55
N:\PhotosMasters 2014-15/DSC_3715.jpg                                                     2014-10-30 22:47:26
N:\PhotosMasters 2014-15/DSC_3521.JPG                                                     2014-10-18 15:08:57
N:\PhotosMasters 2014-15/2014-12-13 21.53.14.jpg                                          2014-12-13 21:53:14
N:\PhotosMasters 2014-15/DSC_3567.JPG                                                     2014-10-25 19:46:24
N:\PhotosMasters 2014-15/2014-12-13 11.42.25.jpg                                          2014-12-13 11:42:25
N:\PhotosMasters 2014-15/Ben Lewis.jpg                                                    2014-09-17 10:50:14
N:\PhotosMasters 2014-15/2014-12-13 21.45.02.jpg                                          2014-12-13 21:45:02
N:\PhotosMasters 2014-15/2014-09-13 18.39.56.jpg                                          2014-09-13 18:39:56
N:\PhotosMasters 2014-15/2014-10-25 11.13.15.jpg                                          2014-10-25 11:13:15
N:\PhotosMasters 2014-15/2014-10-25 11.13.07.jpg                                          2014-10-25 11:13:07
N:\PhotosMasters 2014-15/2014-12-13 11.42.55.jpg                                          2014-12-13 11:42:55
N:\PhotosMasters 2014-15/Christmas Break/DSC_3859.JPG                                     2014-12-23 22:29:30
N:\PhotosMasters 2014-15/Christmas Break/DSC_3873.JPG                                     2014-12-23 22:43:42
N:\PhotosMasters 2014-15/Christmas Break/DSC_3803.JPG                                     2014-12-23 21:01:09
N:\PhotosMasters 2014-15/Christmas Break/DSC_3872.jpg                                     2014-12-23 22:43:31
N:\PhotosMasters 2014-15/Christmas Break/DSC_3867.JPG                                     2014-12-23 22:35:55
N:\PhotosMasters 2014-15/Christmas Break/DSC_3861.JPG                                     2014-12-23 22:29:43
N:\PhotosMasters 2014-15/Christmas Break/DSC_3800.JPG                                     2014-12-23 21:00:00
N:\PhotosMasters 2014-15/Christmas Break/DSC_3820.jpg                                     2014-12-23 21:09:09
N:\PhotosMasters 2014-15/Christmas Break/DSC_3868.JPG                                     2014-12-23 22:35:58
N:\PhotosMasters 2014-15/Christmas Break/DSC_3871.jpg                                     2014-12-23 22:43:12
N:\PhotosMasters 2014-15/Christmas Break/DSC_3860.JPG                                     2014-12-23 22:29:40
N:\PhotosMasters 2014-15/Hike and light Y with brothers/DSC_3511.JPG                      2014-10-14 20:20:28
N:\PhotosMasters 2014-15/Hike and light Y with brothers/DSC_3510.JPG                      2014-10-14 20:20:04
N:\PhotosMasters 2014-15/Winter Break/DSC_4112.JPG                                        2014-12-27 17:29:42
N:\PhotosMasters 2014-15/Winter Break/DSC_4106.JPG                                        2014-12-27 17:24:54
N:\PhotosMasters 2014-15/Winter Break/DSC_3878.jpg                                        2014-12-23 22:48:27
N:\PhotosMasters 2014-15/Winter Break/DSC_4017.jpg                                        2014-12-25 20:35:46
N:\PhotosMasters 2014-15/Winter Break/DSC_3903.jpg                                        2014-12-23 23:01:44
N:\PhotosMasters 2014-15/Winter Break/DSC_3907.jpg                                        2014-12-23 23:02:41
N:\PhotosMasters 2014-15/Winter Break/DSC_3919.jpg                                        2014-12-23 23:08:21
N:\PhotosMasters 2014-15/Winter Break/DSC_3964.jpg                                        2014-12-25 09:12:28
N:\PhotosMasters 2014-15/Winter Break/DSC_3936.jpg                                        2014-12-23 23:17:35
N:\PhotosMasters 2014-15/Winter Break/DSC_4010.jpg                                        2014-12-25 20:33:10
N:\PhotosMasters 2014-15/Winter Break/DSC_3904.jpg                                        2014-12-23 23:01:50
N:\PhotosMasters 2014-15/Winter Break/DSC_4113.JPG                                        2014-12-27 17:29:49
N:\PhotosMasters 2014-15/Winter Break/DSC_3906.jpg                                        2014-12-23 23:02:36
N:\PhotosMasters 2014-15/Winter Break/DSC_4135.JPG                                        2014-12-29 13:36:11
N:\PhotosMasters 2014-15/Winter Break/DSC_3992.JPG                                        2014-12-25 12:29:20
N:\PhotosMasters 2014-15/Winter Break/DSC_3986.JPG                                        2014-12-25 10:13:21
N:\PhotosMasters 2014-15/Winter Break/DSC_3924.jpg                                        2014-12-23 23:09:40
N:\PhotosMasters 2014-15/Winter Break/DSC_4011.jpg                                        2014-12-25 20:33:47
N:\PhotosMasters 2014-15/Winter Break/DSC_3916.jpg                                        2014-12-23 23:07:07
N:\PhotosMasters 2014-15/Winter Break/DSC_4014.JPG                                        2014-12-25 20:34:42
N:\PhotosMasters 2014-15/Winter Break/DSC_3879.jpg                                        2014-12-23 22:48:56
N:\PhotosMasters 2014-15/Winter Break/DSC_3989.JPG                                        2014-12-25 12:27:00
N:\PhotosMasters 2014-15/Winter Break/DSC_3935.jpg                                        2014-12-23 23:17:30
N:\PhotosMasters 2014-15/Winter Break/DSC_3920.JPG                                        2014-12-23 23:08:30
N:\PhotosMasters 2014-15/Winter Break/DSC_3994.JPG                                        2014-12-25 12:30:22
N:\PhotosMasters 2014-15/Winter Break/DSC_3927.jpg                                        2014-12-23 23:11:05
N:\PhotosMasters 2014-15/Winter Break/DSC_4111.JPG                                        2014-12-27 17:25:31
N:\PhotosMasters 2014-15/Winter Break/DSC_3917.JPG                                        2014-12-23 23:07:09
N:\PhotosMasters 2014-15/Winter Break/DSC_3985.JPG                                        2014-12-25 10:13:16
N:\PhotosMasters 2014-15/Winter Break/DSC_4132.JPG                                        2014-12-29 13:35:38
N:\PhotosMasters 2014-15/Winter Break/DSC_3925.jpg                                        2014-12-23 23:09:45
N:\PhotosMasters 2014-15/Winter Break/DSC_3980.jpg                                        2014-12-25 09:55:26
N:\PhotosMasters 2014-15/Winter Break/DSC_4124.JPG                                        2014-12-27 17:39:46
N:\PhotosMasters 2014-15/Winter Break/DSC_3908.jpg                                        2014-12-23 23:02:44
N:\PhotosMasters 2014-15/Winter Break/DSC_4107.JPG                                        2014-12-27 17:24:55
N:\PhotosMasters 2014-15/Winter Break/DSC_3926.jpg                                        2014-12-23 23:10:53
N:\PhotosMasters 2014-15/Winter Break/DSC_3877.jpg                                        2014-12-23 22:48:14
N:\PhotosMasters 2014-15/Winter Break/DSC_4125.JPG                                        2014-12-27 17:39:48
N:\PhotosMasters 2014-15/Winter Break/DSC_4015.JPG                                        2014-12-25 20:35:03
N:\PhotosMasters 2014-15/Winter Break/DSC_4000.JPG                                        2014-12-25 12:31:58
N:\PhotosPeru Trip 2014/100_8206.JPG                                                      2014-05-06 09:12:37
N:\PhotosPeru Trip 2014/100_8279.JPG                                                      2014-05-06 17:03:16
N:\PhotosPeru Trip 2014/100_8123.JPG                                                      2014-05-03 19:56:38
N:\PhotosPeru Trip 2014/100_8184.JPG                                                      2014-05-05 14:28:10
N:\PhotosPeru Trip 2014/100_8225.JPG                                                      2014-05-06 10:46:36
N:\PhotosPeru Trip 2014/100_8267.JPG                                                      2014-05-06 14:48:50
N:\PhotosPeru Trip 2014/100_8191.JPG                                                      2014-05-05 18:10:44
N:\PhotosPeru Trip 2014/100_8265.JPG                                                      2014-05-06 14:01:12
N:\PhotosPeru Trip 2014/100_8132.JPG                                                      2014-05-04 22:38:48
N:\PhotosPeru Trip 2014/100_8238.JPG                                                      2014-05-06 11:22:19
N:\PhotosPeru Trip 2014/100_8119.JPG                                                      2014-05-03 19:53:52
N:\PhotosPeru Trip 2014/100_8268.JPG                                                      2014-05-06 14:48:55
N:\PhotosPeru Trip 2014/100_8239.JPG                                                      2014-05-06 11:27:56
N:\PhotosPeru Trip 2014/100_8266.JPG                                                      2014-05-06 14:01:19
N:\PhotosPeru Trip 2014/100_8336.JPG                                                      2014-05-10 19:56:14
N:\PhotosPeru Trip 2014/100_8106.JPG                                                      2014-05-03 19:44:58
N:\PhotosPeru Trip 2014/100_8179.JPG                                                      2014-05-05 13:32:16
N:\PhotosPeru Trip 2014/100_8000.JPG                                                      2014-04-30 19:21:02
N:\PhotosPeru Trip 2014/100_8345.JPG                                                      2014-05-11 23:06:46
N:\PhotosPeru Trip 2014/100_8124.JPG                                                      2014-05-03 19:57:13
N:\PhotosPeru Trip 2014/100_8364.JPG                                                      2014-05-14 01:33:01
N:\PhotosPeru Trip 2014/100_8196.JPG                                                      2014-05-05 20:25:52
N:\PhotosPeru Trip 2014/100_8349.JPG                                                      2014-05-12 14:17:00
N:\PhotosPeru Trip 2014/100_8127.JPG                                                      2014-05-04 19:20:57
N:\PhotosPeru Trip 2014/100_8223.JPG                                                      2014-05-06 10:45:22
N:\PhotosPeru Trip 2014/100_8165.JPG                                                      2014-05-05 00:13:17
N:\PhotosPeru Trip 2014/100_8095.JPG                                                      2014-05-03 18:40:48
N:\PhotosPeru Trip 2014/100_8328.JPG                                                      2014-05-10 19:26:10
N:\PhotosPeru Trip 2014/100_8243.JPG                                                      2014-05-06 11:34:12
N:\PhotosPeru Trip 2014/100_8093.JPG                                                      2014-05-03 18:40:22
N:\PhotosPeru Trip 2014/100_8105.JPG                                                      2014-05-03 19:44:49
N:\PhotosPeru Trip 2014/100_8210.JPG                                                      2014-05-06 09:17:53
N:\PhotosPeru Trip 2014/100_8237.JPG                                                      2014-05-06 11:22:10
N:\PhotosPeru Trip 2014/100_8240.JPG                                                      2014-05-06 11:28:25
N:\PhotosPeru Trip 2014/100_8357.JPG                                                      2014-05-12 20:26:14
N:\PhotosPeru Trip 2014/100_8060.JPG                                                      2014-05-03 17:04:59
N:\PhotosPeru Trip 2014/100_8363.JPG                                                      2014-05-14 01:32:57
N:\PhotosPeru Trip 2014/100_8236.JPG                                                      2014-05-06 11:20:52
N:\PhotosPeru Trip 2014/100_8122.JPG                                                      2014-05-03 19:55:39
N:\PhotosPeru Trip 2014/100_8342.JPG                                                      2014-05-10 23:13:05
N:\PhotosPeru Trip 2014/100_8230.JPG                                                      2014-05-06 11:01:45
N:\PhotosPeru Trip 2014/100_8339.JPG                                                      2014-05-10 20:02:55
N:\PhotosPeru Trip 2014/100_8197.JPG                                                      2014-05-05 20:26:04
N:\PhotosPeru Trip 2014/100_8241.JPG                                                      2014-05-06 11:28:31
N:\PhotosPeru Trip 2014/100_8350.JPG                                                      2014-05-12 14:17:23
N:\PhotosPeru Trip 2014/100_8185.JPG                                                      2014-05-05 14:28:36
N:\PhotosPeru Trip 2014/100_7968.JPG                                                      2014-04-30 12:30:08
N:\PhotosPeru Trip 2014/100_8344.JPG                                                      2014-05-11 23:06:36
N:\PhotosPeru Trip 2014/100_8231.JPG                                                      2014-05-06 11:03:36
N:\PhotosPeru Trip 2014/100_8242.JPG                                                      2014-05-06 11:28:33
N:\PhotosPeru Trip 2014/100_8187.JPG                                                      2014-05-05 14:30:07
N:\PhotosPeru Trip 2014/100_8094.JPG                                                      2014-05-03 18:40:38
N:\PhotosPeru Trip 2014/100_8193.JPG                                                      2014-05-05 19:35:14
N:\PhotosPeru Trip 2014/100_8199.JPG                                                      2014-05-05 22:07:59
N:\PhotosPeru Trip 2014/100_8017.JPG                                                      2014-04-30 23:17:34
N:\PhotosPeru Trip 2014/100_8278.JPG                                                      2014-05-06 17:03:01
N:\PhotosPeru Trip 2014/100_8118.JPG                                                      2014-05-03 19:53:40
N:\PhotosPeru Trip 2014/100_8353.JPG                                                      2014-05-12 14:31:35
N:\PhotosPeru Trip 2014/100_8248.JPG                                                      2014-05-06 11:37:17
N:\PhotosPeru Trip 2014/100_8007.JPG                                                      2014-04-30 19:38:29
N:\PhotosPeru Trip 2014/100_8346.JPG                                                      2014-05-11 23:07:11
N:\PhotosPeru Trip 2014/100_8244.JPG                                                      2014-05-06 11:34:31
N:\PhotosPeru Trip 2014/100_8203.JPG                                                      2014-05-06 09:08:47
N:\PhotosPeru Trip 2014/100_8109.JPG                                                      2014-05-03 19:47:34
N:\PhotosPeru Trip 2014/100_8128.JPG                                                      2014-05-04 19:21:10
N:\PhotosPeru Trip 2014/100_8200.JPG                                                      2014-05-05 22:08:09
N:\PhotosPeru Trip 2014/100_8006.JPG                                                      2014-04-30 19:38:07
N:\PhotosPeru Trip 2014/100_8195.JPG                                                      2014-05-05 20:25:23
N:\PhotosPeru Trip 2014/2014-05-06 13.06.41.jpg                                           2014-05-06 13:06:41
N:\PhotosPeru Trip 2014/100_8226.JPG                                                      2014-05-06 10:46:42
N:\PhotosPeru Trip 2014/100_8039.JPG                                                      2014-05-03 16:52:04
N:\PhotosPeru Trip 2014/100_8235.JPG                                                      2014-05-06 11:20:46
N:\PhotosPeru Trip 2014/100_8016.JPG                                                      2014-04-30 23:17:21
N:\PhotosPeru Trip 2014/Ben Stevens/Ben_stevens (8).JPG                                   2014-04-30 22:39:58
N:\PhotosPeru Trip 2014/Ben Stevens/Ben_stevens (53).JPG                                  2014-05-02 01:59:06
N:\PhotosPeru Trip 2014/Ben Stevens/Ben_stevens (48).JPG                                  2014-05-02 00:37:12
N:\PhotosPeru Trip 2014/Ben Stevens/Ben_stevens (154).JPG                                 2014-05-05 18:17:30
N:\PhotosPeru Trip 2014/Ben Stevens/Ben_stevens (93).JPG                                  2014-05-02 22:03:54
N:\PhotosPeru Trip 2014/Ben Stevens/Ben_stevens (385).JPG                                 2014-04-30 18:25:40
N:\PhotosPeru Trip 2014/Ben Stevens/Ben_stevens (123).JPG                                 2014-05-04 06:23:27
N:\PhotosPeru Trip 2014/Ben Stevens/Ben_stevens (225).JPG                                 2014-05-08 00:22:51
N:\PhotosPeru Trip 2014/Ben Stevens/Ben_stevens (84).JPG                                  2014-05-02 20:24:28
N:\PhotosPeru Trip 2014/Ben Stevens/Ben_stevens (110).JPG                                 2014-05-03 02:03:21
N:\PhotosPeru Trip 2014/Ben Stevens/Ben_stevens (13).JPG                                  2014-05-01 19:16:55
N:\PhotosPeru Trip 2014/Ben Stevens/Ben_stevens (68).JPG                                  2014-05-02 03:35:51
N:\PhotosPeru Trip 2014/Ben Stevens/Ben_stevens (122).JPG                                 2014-05-04 06:12:11
N:\PhotosPeru Trip 2014/Ben Stevens/Ben_stevens (75).JPG                                  2014-05-02 20:11:52
N:\PhotosPeru Trip 2014/Ben Stevens/Ben_stevens (37).JPG                                  2014-05-02 00:23:33
N:\PhotosPeru Trip 2014/Ben Stevens/Ben_stevens (61).JPG                                  2014-05-02 02:32:47
N:\PhotosPeru Trip 2014/Ben Stevens/Ben_stevens (165).JPG                                 2014-05-05 18:40:42
N:\PhotosPeru Trip 2014/Ben Stevens/Ben_stevens (42).JPG                                  2014-05-02 00:32:32
N:\PhotosPeru Trip 2014/Ben Stevens/Ben_stevens (109).JPG                                 2014-05-03 02:03:17
N:\PhotosPeru Trip 2014/Ben Stevens/Ben_stevens (364).JPG                                 2014-04-29 04:07:16
N:\PhotosPeru Trip 2014/Ben Stevens/Ben_stevens (80).JPG                                  2014-05-02 20:15:11
N:\PhotosPeru Trip 2014/Ben Stevens/Ben_stevens (314).JPG                                 2014-05-10 06:06:05
N:\PhotosPeru Trip 2014/Ben Stevens/Ben_stevens (76).JPG                                  2014-05-02 20:12:09
N:\PhotosPeru Trip 2014/Ben Stevens/Ben_stevens (118).JPG                                 2014-05-03 16:59:06
N:\PhotosPeru Trip 2014/Ben Stevens/Ben_stevens (260).JPG                                 2014-05-09 00:32:06
N:\PhotosPeru Trip 2014/Ben Stevens/Ben_stevens (108).JPG                                 2014-05-03 02:02:27
N:\PhotosPeru Trip 2014/Ben Stevens/Ben_stevens (23).JPG                                  2014-05-01 21:03:50
N:\PhotosPeru Trip 2014/Ben Stevens/Ben_stevens (45).JPG                                  2014-05-02 00:35:40
N:\PhotosPeru Trip 2014/Ben Stevens/Ben_stevens (107).JPG                                 2014-05-03 02:02:17
N:\PhotosPeru Trip 2014/Ben Stevens/Ben_stevens (371).JPG                                 2014-04-30 06:41:22
N:\PhotosPeru Trip 2014/Ben Stevens/Ben_stevens (163).JPG                                 2014-05-05 18:40:26
N:\PhotosPeru Trip 2014/Ben Stevens/Ben_stevens (41).JPG                                  2014-05-02 00:31:34
N:\PhotosPeru Trip 2014/Ben Stevens/Ben_stevens (357).JPG                                 2014-04-29 01:43:43
N:\PhotosPeru Trip 2014/Ben Stevens/Ben_stevens (119).JPG                                 2014-05-03 17:01:18
N:\PhotosPeru Trip 2014/Ben Stevens/Ben_stevens (261).JPG                                 2014-05-09 00:32:48
N:\PhotosPeru Trip 2014/Ben Stevens/Ben_stevens (160).JPG                                 2014-05-05 18:34:20
N:\PhotosPeru Trip 2014/Ben Stevens/Ben_stevens (60).JPG                                  2014-05-02 02:32:41
N:\PhotosPeru Trip 2014/Ben Stevens/Ben_stevens (224).JPG                                 2014-05-08 00:22:24
N:\PhotosPeru Trip 2014/Ben Stevens/Ben_stevens (78).JPG                                  2014-05-02 20:13:12
N:\PhotosPeru Trip 2014/Ben Stevens/Ben_stevens (24).JPG                                  2014-05-01 21:03:52
N:\PhotosPeru Trip 2014/Ben Stevens/Ben_stevens (378).JPG                                 2014-04-30 06:49:56
N:\PhotosPeru Trip 2014/Ben Stevens/Ben_stevens (305).JPG                                 2014-05-10 02:55:19
N:\PhotosPeru Trip 2014/Ben Stevens/Ben_stevens (27).JPG                                  2014-05-01 22:00:30
N:\PhotosPeru Trip 2014/Ben Stevens/Ben_stevens (83).JPG                                  2014-05-02 20:21:55
N:\PhotosPeru Trip 2014/Ben Stevens/Ben_stevens (117).JPG                                 2014-05-03 16:58:35
N:\PhotosPeru Trip 2014/Ben Stevens/Ben_stevens (79).JPG                                  2014-05-02 20:14:33
N:\PhotosPeru Trip 2014/Ben Stevens/Ben_stevens (128).JPG                                 2014-05-04 07:23:37
N:\PhotosPeru Trip 2014/Ben Stevens/Ben_stevens (77).JPG                                  2014-05-02 20:12:48
N:\PhotosPeru Trip 2014/Ben Stevens/Ben_stevens (377).JPG                                 2014-04-30 06:49:48
N:\PhotosPeru Trip 2014/Ben Stevens/Ben_stevens (9).JPG                                   2014-04-30 22:40:05
N:\PhotosPeru Trip 2014/Ben Stevens/Ben_stevens (304).JPG                                 2014-05-10 02:55:06
N:\PhotosPeru Trip 2014/Ben Stevens/Ben_stevens (17).JPG                                  2014-05-01 20:47:37
N:\PhotosPeru Trip 2014/Ben Stevens/Ben_stevens (50).JPG                                  2014-05-02 00:41:37
N:\PhotosPeru Trip 2014/Ben Stevens/Ben_stevens (159).JPG                                 2014-05-05 18:34:14
N:\PhotosPeru Trip 2014/Ben Stevens/Ben_stevens (69).JPG                                  2014-05-02 03:35:54
N:\PhotosPeru Trip 2014/Ben Stevens/Ben_stevens (376).JPG                                 2014-04-30 06:47:56
N:\PhotosPeru Trip 2014/Dunia/IMG_3895.JPG                                                2014-05-06 08:52:42
N:\PhotosPeru Trip 2014/Dunia/IMG_3892.JPG                                                2014-05-06 08:50:26
N:\PhotosPeru Trip 2014/Dunia/IMG_3881.JPG                                                2014-05-06 08:46:55
N:\PhotosPeru Trip 2014/Dunia/IMG_3844.JPG                                                2014-05-06 08:35:56
N:\PhotosPeru Trip 2014/Dunia/IMG_3296.JPG                                                2014-04-30 08:00:36
N:\PhotosPeru Trip 2014/Dunia/IMG_3522.JPG                                                2014-05-05 10:28:12
N:\PhotosPeru Trip 2014/Dunia/IMG_3891.JPG                                                2014-05-06 08:50:15
N:\PhotosPeru Trip 2014/Dunia/IMG_3834.JPG                                                2014-05-06 08:33:39
N:\PhotosPeru Trip 2014/Dunia/IMG_3519.JPG                                                2014-05-05 10:26:50
N:\PhotosPeru Trip 2014/Dunia/IMG_3894.JPG                                                2014-05-06 08:52:36
N:\PhotosPeru Trip 2014/Dunia/IMG_3841.JPG                                                2014-05-06 08:35:25
N:\PhotosPeru Trip 2014/Dunia/IMG_3832.JPG                                                2014-05-06 08:32:44
N:\PhotosPeru Trip 2014/Dunia/IMG_3879.JPG                                                2014-05-06 08:46:55
N:\PhotosPeru Trip 2014/Joe/DSC02560.jpg                                                  2014-05-03 12:18:30
N:\PhotosPeru Trip 2014/Joe/DSC02681.jpg                                                  2014-05-06 07:02:10
N:\PhotosPeru Trip 2014/Joe/DSC02574.jpg                                                  2014-05-03 16:05:20
N:\PhotosPeru Trip 2014/Natalie/Photo May 06, 9 46 22 AM.jpg                              2014-05-06 08:46:22
N:\PhotosPeru Trip 2014/Natalie/Photo Apr 29, 12 52 49 AM.jpg                             2014-04-29 00:52:49
N:\PhotosPeru Trip 2014/Sarah/DSC_1838.JPG                                                2014-05-06 07:34:26
N:\PhotosPeru Trip 2014/Sarah/IMG_3372.jpg                                                2014-05-08 14:39:57
N:\PhotosPeru Trip 2014/Sarah/DSC_1879.JPG                                                2014-05-06 10:13:11
N:\PhotosPeru Trip 2014/Sarah/IMG_3211.jpg                                                2014-05-16 01:21:14
N:\PhotosPeru Trip 2014/Sarah/IMG_3263.jpg                                                2014-05-05 11:24:27
N:\PhotosPeru Trip 2014/Sarah/DSC_1877.JPG                                                2014-05-06 10:12:59
N:\PhotosPeru Trip 2014/Sarah/DSC_1878.JPG                                                2014-05-06 10:13:04
N:\PhotosPeru Trip 2014/Seans Peru Pics/IMG_1184.JPG                                      2014-05-10 08:25:57
N:\PhotosPeru Trip 2014/Seans Peru Pics/IMG_1212.JPG                                      2014-05-10 12:12:34
N:\PhotosPeru Trip 2014/Seans Peru Pics/IMG_1205.JPG                                      2014-05-10 10:24:51
N:\PhotosPeru Trip 2014/Seans Peru Pics/IMG_0810.JPG                                      2014-05-01 14:58:51
N:\PhotosPeru Trip 2014/Seans Peru Pics/IMG_1186.JPG                                      2014-05-10 08:26:21
N:\PhotosSenior Year/Moab_trip (5).jpg                                                    2014-01-01 17:03:58
N:\PhotosSenior Year/Moab_trip (4).jpg                                                    2014-01-01 17:03:55
N:\PhotosSenior Year/2014-03-12 23.26.05.jpg                                              2014-03-12 23:26:05
N:\PhotosSenior Year/dances.jpg                                                           2014-02-17 01:07:39
N:\PhotosSenior Year/100_7905.JPG                                                         2014-04-21 23:15:06
N:\PhotosSenior Year/fish_farming_provo_style (6).jpg                                     2014-04-10 16:05:04
N:\PhotosSenior Year/fish_farming_provo_style (5).jpg                                     2014-04-10 16:04:54
N:\PhotosSenior Year/2014-01-19 23.03.12.jpg                                              2014-01-19 23:03:12
N:\PhotosSenior Year/rifle2.jpg                                                           2014-02-17 00:33:16
N:\PhotosSenior Year/2014-01-19 23.03.22.jpg                                              2014-01-19 23:03:22
N:\PhotosSenior Year/100_7909.JPG                                                         2014-04-21 23:16:47
N:\PhotosSenior Year/rifle.jpg                                                            2014-02-17 00:33:16
N:\PhotosSenior Year/2014-01-19 23.02.50.jpg                                              2014-01-19 23:02:50
N:\PhotosSenior Year/100_7903.JPG                                                         2014-03-26 22:32:46
N:\PhotosSenior Year/shooting_stevie.jpg                                                  2014-02-17 00:33:16
N:\PhotosSenior Year/DSC_0378.JPG                                                         2014-04-15 03:38:51
N:\PhotosSenior Year/DSC_0375.JPG                                                         2014-04-15 03:37:57
N:\PhotosSenior Year/100_7907.JPG                                                         2014-04-21 23:15:17
N:\PhotosSenior Year/stormtrooper_dance (4).jpg                                           2014-01-28 13:03:52
N:\PhotosSenior Year/Grad Photos/0205 (4).jpg                                             2014-04-22 19:43:40
N:\PhotosSenior Year/Grad Photos/0205.jpg                                                 2014-04-22 19:43:41
N:\PhotosSenior Year/Grad Photos/0156.jpg                                                 2014-04-22 11:05:46
N:\PhotosSenior Year/Grad Photos/0205 (1).jpg                                             2014-04-19 14:53:58
N:\PhotosSenior Year/Grad Photos/0205 (2).jpg                                             2014-04-22 10:57:29
N:\PhotosSenior Year/Grad Photos/0205 (5).jpg                                             2014-04-22 19:43:40
N:\PhotosSenior Year/Grad Photos/0178.jpg                                                 2014-04-22 20:39:18
N:\PhotosSenior Year/Grad Photos/0205 (3).jpg                                             2014-04-22 19:43:35
N:\PhotosSummer 2014 ABQ/10701995_10152398866051630_5045393664907046237_n.jpg             2014-08-19 14:46:30
N:\PhotosSummer 2014 ABQ/DSC_2473-2.jpg                                                   2014-07-29 20:24:34
N:\PhotosSummer 2014 ABQ/2014-07-07 19.43.58-2.jpg                                        2014-07-07 19:43:58
N:\PhotosSummer 2014 ABQ/2014-07-04 14.23.29.jpg                                          2014-07-04 14:23:29
N:\PhotosSummer 2014 ABQ/10487327_10204326343705446_1639738345068738014_n.jpg             2014-07-13 13:15:14
N:\PhotosSummer 2014 ABQ/2014-07-07 19.43.57-1.jpg                                        2014-07-07 19:43:57
N:\PhotosSummer 2014 ABQ/2014-07-04 14.23.30-1.jpg                                        2014-07-04 14:23:30
N:\PhotosSummer 2014 ABQ/2014-07-22 17.42.14.jpg                                          2014-07-22 17:42:14
N:\PhotosSummer 2014 ABQ/2014-07-07 19.43.57-2.jpg                                        2014-07-07 19:43:57
N:\PhotosSummer 2014 ABQ/2014-07-22 17.42.29.jpg                                          2014-07-22 17:42:29
N:\PhotosSummer 2014 ABQ/10450592_10204326352545667_6225197778800054898_n.jpg             2014-07-17 07:44:12
N:\PhotosSummer 2014 ABQ/2014-07-30 09.13.08.jpg                                          2014-07-30 09:13:08
N:\PhotosSummer 2014 ABQ/2014-08-05 06.42.52.jpg                                          2014-08-05 06:42:52
N:\PhotosSummer 2014 ABQ/DSC_2742.JPG                                                     2014-08-16 19:31:27
N:\PhotosSummer 2014 ABQ/2014-07-04 14.24.01.jpg                                          2014-07-04 14:24:01
N:\PhotosSummer 2014 ABQ/2014-07-30 09.13.02.jpg                                          2014-07-30 09:13:02
N:\PhotosSummer 2014 ABQ/trip_back (1).jpg                                                2014-08-16 11:30:32
N:\PhotosSummer 2014 ABQ/2014-08-05 06.40.15.jpg                                          2014-08-05 06:40:15
N:\PhotosSummer 2014 ABQ/2014-05-25 14.09.24.jpg                                          2014-05-25 14:09:24
N:\PhotosSummer 2014 ABQ/2014-07-30 10.19.48.jpg                                          2014-07-30 10:19:48
N:\PhotosSummer 2014 ABQ/DSC_2471.jpg                                                     2014-07-29 20:23:39
N:\PhotosSummer 2014 ABQ/trip_back (4).jpg                                                2014-08-16 11:30:29
N:\PhotosSummer 2014 ABQ/DSC_2736.JPG                                                     2014-08-16 10:15:39
N:\PhotosSummer 2014 ABQ/2014-07-23 19.40.31.jpg                                          2014-07-23 19:40:31
N:\PhotosSummer 2014 ABQ/2014-07-07 19.44.31.jpg                                          2014-07-07 19:44:31
N:\PhotosSummer 2014 ABQ/10410228_10204326353945702_8115689328259859849_n.jpg             2014-07-12 14:20:35
N:\PhotosSummer 2014 ABQ/2014-07-30 09.13.28.jpg                                          2014-07-30 09:13:28
N:\PhotosSummer 2014 ABQ/2014-07-04 14.23.31-1.jpg                                        2014-07-04 14:23:31
N:\PhotosSummer 2014 ABQ/10373522_10204326353505691_8887157102326027070_n.jpg             2014-07-17 17:57:40
N:\PhotosSummer 2014 ABQ/DSC_2025.JPG                                                     2014-07-15 19:12:07
N:\PhotosSummer 2014 ABQ/trip_back (3).jpg                                                2014-08-16 11:30:20
N:\PhotosSummer 2014 ABQ/10612759_10152400808926630_9062549866357750014_n.jpg             2014-08-19 14:46:30
N:\PhotosSummer 2014 ABQ/2014-05-25 14.09.18.jpg                                          2014-05-25 14:09:18
N:\PhotosSummer 2014 ABQ/2014-08-05 06.40.41.jpg                                          2014-08-05 06:40:41
N:\PhotosSummer 2014 ABQ/2014-07-07 19.43.56.jpg                                          2014-07-07 19:43:56
N:\PhotosSummer 2014 ABQ/DSC_2734.JPG                                                     2014-08-16 10:14:33
N:\PhotosSummer 2014 ABQ/2014-07-04 14.23.30-2.jpg                                        2014-07-04 14:23:30
N:\PhotosSummer 2014 ABQ/2014-08-14 13.05.23.jpg                                          2014-08-14 13:05:23
N:\PhotosSummer 2014 ABQ/1463246_10152400808651630_6770320741308123032_n.jpg              2014-08-19 14:46:30
N:\PhotosSummer 2014 ABQ/2014-08-14 13.05.17.jpg                                          2014-08-14 13:05:17
N:\PhotosSummer 2014 ABQ/10173589_10152400807906630_4002054667745685489_n.jpg             2014-08-19 14:46:30
N:\PhotosSummer 2014 ABQ/2014-05-25 14.09.32.jpg                                          2014-05-25 14:09:32
N:\PhotosSummer 2014 ABQ/2014-07-23 19.40.40.jpg                                          2014-07-23 19:40:40
N:\PhotosSummer 2014 ABQ/2014-07-07 19.46.34.jpg                                          2014-07-07 19:46:34
N:\PhotosSummer 2014 ABQ/2014-07-07 19.43.58-1.jpg                                        2014-07-07 19:43:58
N:\PhotosSummer 2014 ABQ/Alex Wedding/Alex Wedding (14).jpg                               2014-08-19 11:44:06
N:\PhotosSummer 2014 ABQ/Alex Wedding/Alex Wedding (8).jpg                                2014-08-19 11:43:42
N:\PhotosSummer 2014 ABQ/Alex Wedding/Alex Bachelor Party (7).jpg                         2014-08-18 22:40:50
N:\PhotosSummer 2014 ABQ/Alex Wedding/Alex Bachelor Party (6).jpg                         2014-08-18 22:40:46
N:\PhotosSummer 2014 ABQ/Alex Wedding/Alex Wedding (21).jpg                               2014-08-19 11:44:32
N:\PhotosSummer 2014 ABQ/Alex Wedding/Alex Wedding (24).jpg                               2014-08-19 11:44:55
N:\PhotosSummer 2014 ABQ/Alex Wedding/Alex Wedding (4).jpg                                2014-08-19 11:43:01
N:\PhotosSummer 2014 ABQ/Alex Wedding/Alex Wedding (10).jpg                               2014-08-19 11:43:59
N:\PhotosSummer 2014 ABQ/Alex Wedding/Alex Wedding (13).jpg                               2014-08-19 11:44:06
N:\PhotosSummer 2014 ABQ/Alex Wedding/Alex Wedding (6).jpg                                2014-08-19 11:43:10
N:\PhotosSummer 2014 ABQ/Alex Wedding/Alex Wedding (20).jpg                               2014-08-19 11:44:28
N:\PhotosSummer 2014 ABQ/Alex Wedding/Alex Wedding (23).jpg                               2014-08-19 11:44:52
N:\PhotosSummer 2014 ABQ/Alex Wedding/Alex Wedding (7).jpg                                2014-08-19 11:43:30
N:\PhotosSummer 2014 ABQ/Alex Wedding/Alex Wedding (15).jpg                               2014-08-19 11:44:06
N:\PhotosSummer 2014 ABQ/Alex Wedding/Alex Wedding (11).jpg                               2014-08-19 11:44:05
N:\PhotosSummer 2014 ABQ/Alex Wedding/Alex Wedding (25).jpg                               2014-08-19 11:44:58
N:\PhotosSummer 2014 ABQ/Alex Wedding/Alex Wedding (17).jpg                               2014-08-19 11:44:12
N:\PhotosSummer 2014 ABQ/Alex Wedding/Alex Wedding (18).jpg                               2014-08-19 11:44:22
N:\PhotosSummer 2014 ABQ/Alex Wedding/Alex Wedding (16).jpg                               2014-08-19 11:44:11
N:\PhotosSummer 2014 ABQ/Alex Wedding/Alex Wedding (22).jpg                               2014-08-19 11:44:36
N:\PhotosSummer 2014 ABQ/Alex Wedding/Alex Wedding (19).jpg                               2014-08-19 11:44:27
N:\PhotosSummer 2014 ABQ/Alex Wedding/Alex Wedding (12).jpg                               2014-08-19 11:44:05
N:\PhotosSummer 2014 ABQ/Branch Campout/DSC_1883.JPG                                      2014-07-05 11:52:10
N:\PhotosSummer 2014 ABQ/Branch Campout/P1180039.JPG                                      2014-07-04 22:26:23
N:\PhotosSummer 2014 ABQ/Branch Campout/DSC_1823.JPG                                      2014-07-04 23:05:21
N:\PhotosSummer 2014 ABQ/Branch Campout/DSC_1825.JPG                                      2014-07-04 23:05:25
N:\PhotosSummer 2014 ABQ/Branch Campout/DSC_1580.JPG                                      2014-07-04 17:31:44
N:\PhotosSummer 2014 ABQ/Branch Campout/P1180021.JPG                                      2014-07-04 10:05:44
N:\PhotosSummer 2014 ABQ/Branch Campout/DSC_1569.JPG                                      2014-07-04 17:31:38
N:\PhotosSummer 2014 ABQ/Branch Campout/P1180071.JPG                                      2014-07-04 22:53:54
N:\PhotosSummer 2014 ABQ/Branch Campout/DSC_1827.JPG                                      2014-07-04 23:05:27
N:\PhotosSummer 2014 ABQ/Branch Campout/DSC_1749.JPG                                      2014-07-04 18:10:43
N:\PhotosSummer 2014 ABQ/Branch Campout/DSC_1752.JPG                                      2014-07-04 18:12:12
N:\PhotosSummer 2014 ABQ/Branch Campout/DSC_1581.JPG                                      2014-07-04 17:31:44
N:\PhotosSummer 2014 ABQ/Branch Campout/DSC_1880.JPG                                      2014-07-05 11:52:04
N:\PhotosSummer 2014 ABQ/Branch Campout/DSC_1748.JPG                                      2014-07-04 18:10:40
N:\PhotosSummer 2014 ABQ/Branch Campout/DSC_1824.JPG                                      2014-07-04 23:05:23
N:\PhotosSummer 2014 ABQ/Branch Campout/DSC_1881.JPG                                      2014-07-05 11:52:05
N:\PhotosSummer 2014 ABQ/Branch Campout/DSC_1568.JPG                                      2014-07-04 17:31:38
N:\PhotosSummer 2014 ABQ/Branch Campout/DSC_1764.JPG                                      2014-07-04 19:12:32
N:\PhotosSummer 2014 ABQ/Branch Campout/DSC_1882.JPG                                      2014-07-05 11:52:09
N:\PhotosSummer 2014 ABQ/Branch Campout/DSC_1831.JPG                                      2014-07-04 23:07:53
N:\PhotosSummer 2014 ABQ/Branch Campout/DSC_1751.JPG                                      2014-07-04 18:12:05
N:\PhotosSummer 2014 ABQ/Branch Campout/DSC_1935.JPG                                      2014-07-05 12:25:52
N:\PhotosSummer 2014 ABQ/Branch Campout/DSC_1765.JPG                                      2014-07-04 19:12:41
N:\PhotosSummer 2014 ABQ/Branch Campout/DSC_1934.JPG                                      2014-07-05 12:25:31
N:\PhotosSummer 2014 ABQ/Branch Campout/DSC_1579.JPG                                      2014-07-04 17:31:44
N:\PhotosSummer 2014 ABQ/Branch Campout/DSC_1750.JPG                                      2014-07-04 18:10:58
N:\PhotosSummer 2014 ABQ/Branch Campout/DSC_1826.JPG                                      2014-07-04 23:05:26
N:\PhotosSummer 2014 ABQ/Branch Campout/P1180072.JPG                                      2014-07-04 22:54:06
N:\PhotosSummer 2014 ABQ/Branch Campout/DSC_1832.JPG                                      2014-07-04 23:07:54
N:\PhotosSummer 2014 ABQ/Branch Campout/DSC_1822.JPG                                      2014-07-04 23:05:19
N:\PhotosSummer 2014 ABQ/Branch Campout/Artistic/DSC_2473-crop.jpg                        2014-07-29 20:24:34
N:\PhotosSummer 2014 ABQ/Campout_Jemez_Mtns/DSC_2307.JPG                                  2014-07-26 11:08:24
N:\PhotosSummer 2014 ABQ/Campout_Jemez_Mtns/DSC_2312.JPG                                  2014-07-26 11:09:25
N:\PhotosSummer 2014 ABQ/Campout_Jemez_Mtns/DSC_2303.JPG                                  2014-07-26 11:07:39
N:\PhotosSummer 2014 ABQ/Campout_Jemez_Mtns/DSC_2306.JPG                                  2014-07-26 11:08:17
N:\PhotosSummer 2014 ABQ/Campout_Jemez_Mtns/DSC_2318.JPG                                  2014-07-26 11:48:47
N:\PhotosSummer 2014 ABQ/Campout_Jemez_Mtns/DSC_2283.JPG                                  2014-07-26 09:20:47
N:\PhotosSummer 2014 ABQ/Campout_Jemez_Mtns/DSC_2304.JPG                                  2014-07-26 11:07:42
N:\PhotosSummer 2014 ABQ/Campout_Jemez_Mtns/DSC_2305.JPG                                  2014-07-26 11:08:00
N:\PhotosSummer 2014 ABQ/Carlsbad and Roswell/DSC_2547.jpg                                2014-08-09 10:27:26
N:\PhotosSummer 2014 ABQ/Carlsbad and Roswell/DSC_2546.jpg                                2014-08-09 10:27:22
N:\PhotosSummer 2014 ABQ/Carlsbad and Roswell/DSC_2682-2.jpg                              2014-08-09 16:00:03
N:\PhotosSummer 2014 ABQ/Carlsbad and Roswell/DSC_2521.JPG                                2014-08-09 10:06:10
N:\PhotosSummer 2014 ABQ/Carlsbad and Roswell/DSC_2572.jpg                                2014-08-09 10:55:27
N:\PhotosSummer 2014 ABQ/Carlsbad and Roswell/DSC_2520.JPG                                2014-08-09 10:06:05
N:\PhotosSummer 2014 ABQ/Carlsbad and Roswell/DSC_2573.jpg                                2014-08-09 10:55:41
N:\PhotosSummer 2014 ABQ/Carlsbad and Roswell/DSC_2580.jpg                                2014-08-09 10:59:09
N:\PhotosSummer 2014 ABQ/Carlsbad and Roswell/DSC_2574.jpg                                2014-08-09 10:55:48
N:\PhotosSummer 2014 ABQ/Hiking and caving/DSC_0217.JPG                                   2014-06-28 12:39:51
N:\PhotosSummer 2014 ABQ/Hiking and caving/DSC_0192.JPG                                   2014-06-21 11:18:55
N:\PhotosSummer 2014 ABQ/Hiking and caving/DSC_0191.JPG                                   2014-06-21 11:18:35
N:\PhotosSummer 2014 ABQ/Hiking and caving/DSC_0194.JPG                                   2014-06-21 11:24:30
N:\PhotosSummer 2014 ABQ/Hiking and caving/DSC_0177.JPG                                   2014-06-21 10:22:34
N:\PhotosSummer 2014 ABQ/Hiking and caving/DSC_0187.JPG                                   2014-06-21 10:32:37
N:\PhotosSummer 2014 ABQ/Hiking and caving/DSC_0215.JPG                                   2014-06-28 12:39:48
N:\PhotosSummer 2014 ABQ/Hiking and caving/DSC_0216.JPG                                   2014-06-28 12:39:50
N:\PhotosSummer 2014 ABQ/Hiking and caving/DSC_0213.JPG                                   2014-06-28 12:39:42
N:\PhotosSummer 2014 ABQ/Keep/DSC_0428.JPG                                                2014-07-01 19:58:22
N:\PhotosSummer 2014 ABQ/Santa Fe Trip/DSC_2210.JPG                                       2014-07-19 14:26:01
N:\PhotosSummer 2014 ABQ/Santa Fe Trip/DSC_2212.JPG                                       2014-07-19 14:26:07
N:\PhotosSummer 2014 ABQ/Santa Fe Trip/DSC_2203.JPG                                       2014-07-19 14:24:47
N:\PhotosSummer 2014 ABQ/Santa Fe Trip/DSC_2208.JPG                                       2014-07-19 14:25:58
N:\PhotosSummer 2014 ABQ/Santa Fe Trip/DSC_2153.JPG                                       2014-07-19 12:18:44
N:\PhotosSummer 2014 ABQ/Santa Fe Trip/DSC_2114.JPG                                       2014-07-19 11:22:46
N:\PhotosSummer 2014 ABQ/Santa Fe Trip/DSC_2211.JPG                                       2014-07-19 14:26:06
N:\PhotosSummer 2014 ABQ/Santa Fe Trip/DSC_2144.JPG                                       2014-07-19 12:17:51
N:\PhotosSummer 2014 ABQ/Santa Fe Trip/DSC_2189.JPG                                       2014-07-19 13:55:02
N:\PhotosSummer 2014 ABQ/Santa Fe Trip/DSC_2198.JPG                                       2014-07-19 14:15:26
N:\PhotosSummer 2014 ABQ/Santa Fe Trip/DSC_2151.JPG                                       2014-07-19 12:18:32
N:\PhotosSummer 2014 ABQ/Santa Fe Trip/DSC_2150.JPG                                       2014-07-19 12:18:31
N:\PhotosSummer 2014 ABQ/Santa Fe Trip/DSC_2146.JPG                                       2014-07-19 12:18:03
N:\PhotosSummer 2014 ABQ/Santa Fe Trip/DSC_2196.JPG                                       2014-07-19 14:14:56
N:\PhotosSummer 2014 ABQ/Santa Fe Trip/DSC_2202.JPG                                       2014-07-19 14:24:36
N:\PhotosSummer 2014 ABQ/Santa Fe Trip/DSC_2147.JPG                                       2014-07-19 12:18:07
N:\PhotosSummer 2014 ABQ/Santa Fe Trip/DSC_2206.JPG                                       2014-07-19 14:25:56
N:\PhotosSummer 2014 ABQ/Santa Fe Trip/DSC_2199.JPG                                       2014-07-19 14:15:28
N:\PhotosSummer 2014 ABQ/Santa Fe Trip/DSC_2149.JPG                                       2014-07-19 12:18:19
N:\PhotosSummer 2014 ABQ/Santa Fe Trip/DSC_2207.JPG                                       2014-07-19 14:25:57
N:\PhotosSummer 2014 ABQ/Santa Fe Trip/DSC_2197.JPG                                       2014-07-19 14:14:58
N:\PhotosSummer 2014 ABQ/bro_road_trip/DSC_2870.jpg                                       2014-08-22 15:21:21
N:\PhotosSummer 2014 ABQ/bro_road_trip/DSC_3350.JPG                                       2014-09-01 12:55:54
N:\PhotosSummer 2014 ABQ/bro_road_trip/DSC_3244.JPG                                       2014-08-27 08:26:32
N:\PhotosSummer 2014 ABQ/bro_road_trip/DSC_2889.JPG                                       2014-08-22 18:29:23
N:\PhotosSummer 2014 ABQ/bro_road_trip/DSC_3318.jpg                                       2014-08-28 16:20:34
N:\PhotosSummer 2014 ABQ/bro_road_trip/DSC_3313.JPG                                       2014-08-28 16:17:42
N:\PhotosSummer 2014 ABQ/bro_road_trip/DSC_3098.jpg                                       2014-08-25 11:54:10
N:\PhotosSummer 2014 ABQ/bro_road_trip/DSC_2860.jpg                                       2014-08-22 15:10:10
N:\PhotosSummer 2014 ABQ/bro_road_trip/DSC_3130.jpg                                       2014-08-25 15:06:55
N:\PhotosSummer 2014 ABQ/bro_road_trip/DSC_2753.jpg                                       2014-08-22 10:17:35
N:\PhotosSummer 2014 ABQ/bro_road_trip/DSC_3108.jpg                                       2014-08-25 12:06:41
N:\PhotosSummer 2014 ABQ/bro_road_trip/DSC_2755.JPG                                       2014-08-22 10:17:45
N:\PhotosSummer 2014 ABQ/bro_road_trip/DSC_3174.JPG                                       2014-08-25 18:02:16
N:\PhotosSummer 2014 ABQ/bro_road_trip/DSC_3169.JPG                                       2014-08-25 17:55:48
N:\PhotosSummer 2014 ABQ/bro_road_trip/DSC_3256.JPG                                       2014-08-27 09:43:49
N:\PhotosSummer 2014 ABQ/bro_road_trip/DSC_3294.jpg                                       2014-08-28 15:57:11
N:\PhotosSummer 2014 ABQ/bro_road_trip/DSC_3124.jpg                                       2014-08-25 13:00:35
N:\PhotosSummer 2014 ABQ/bro_road_trip/DSC_3248.JPG                                       2014-08-27 08:50:19
N:\PhotosSummer 2014 ABQ/bro_road_trip/DSC_3168.JPG                                       2014-08-25 17:55:47
N:\PhotosSummer 2014 ABQ/bro_road_trip/DSC_3159.jpg                                       2014-08-25 17:49:38
N:\PhotosSummer 2014 ABQ/bro_road_trip/DSC_2881.jpg                                       2014-08-22 17:47:29
N:\PhotosSummer 2014 ABQ/bro_road_trip/DSC_3301.jpg                                       2014-08-28 16:05:12
N:\PhotosSummer 2014 ABQ/bro_road_trip/DSC_2795.JPG                                       2014-08-22 11:34:39
N:\PhotosSummer 2014 ABQ/bro_road_trip/DSC_3128.jpg                                       2014-08-25 14:54:00
N:\PhotosSummer 2014 ABQ/bro_road_trip/DSC_3311.jpg                                       2014-08-28 16:17:37
N:\PhotosSummer 2014 ABQ/bro_road_trip/DSC_2874.JPG                                       2014-08-22 15:22:13
N:\PhotosSummer 2014 ABQ/bro_road_trip/DSC_3268.jpg                                       2014-08-28 15:37:58
N:\PhotosSummer 2014 ABQ/bro_road_trip/DSC_3016.jpg                                       2014-08-24 10:26:00
N:\PhotosSummer 2014 ABQ/bro_road_trip/DSC_3184.jpg                                       2014-08-25 18:09:38
N:\PhotosSummer 2014 ABQ/bro_road_trip/DSC_3011.jpg                                       2014-08-24 09:51:35
N:\PhotosSummer 2014 ABQ/bro_road_trip/DSC_2756.JPG                                       2014-08-22 10:17:48
N:\PhotosSummer 2014 ABQ/bro_road_trip/DSC_3020.JPG                                       2014-08-24 16:00:57
N:\PhotosSummer 2014 ABQ/bro_road_trip/DSC_3193.JPG                                       2014-08-25 18:19:57
N:\PhotosSummer 2014 ABQ/bro_road_trip/DSC_2862.jpg                                       2014-08-22 15:12:52
N:\PhotosSummer 2014 ABQ/bro_road_trip/DSC_3017.jpg                                       2014-08-24 10:26:10
N:\PhotosSummer 2014 ABQ/bro_road_trip/DSC_2984.jpg                                       2014-08-23 16:08:35
N:\PhotosSummer 2014 ABQ/bro_road_trip/DSC_3027.JPG                                       2014-08-24 19:36:40
N:\PhotosSummer 2014 ABQ/bro_road_trip/DSC_2926.JPG                                       2014-08-23 11:34:41
N:\PhotosSummer 2014 ABQ/bro_road_trip/DSC_3319.JPG                                       2014-08-28 16:20:37
N:\PhotosSummer 2014 ABQ/bro_road_trip/DSC_2983.jpg                                       2014-08-23 16:08:34
N:\PhotosSummer 2014 ABQ/bro_road_trip/DSC_2962.jpg                                       2014-08-23 13:32:36
N:\PhotosSummer 2014 ABQ/bro_road_trip/DSC_3121.jpg                                       2014-08-25 12:27:38
N:\PhotosSummer 2014 ABQ/bro_road_trip/DSC_2766.JPG                                       2014-08-22 10:27:51
N:\PhotosSummer 2014 ABQ/bro_road_trip/DSC_3198.jpg                                       2014-08-25 18:22:00
N:\PhotosSummer 2014 ABQ/bro_road_trip/DSC_3001.jpg                                       2014-08-23 17:55:20
N:\PhotosSummer 2014 ABQ/bro_road_trip/DSC_3341.jpg                                       2014-08-28 17:10:24
N:\PhotosSummer 2014 ABQ/bro_road_trip/DSC_3002.jpg                                       2014-08-23 17:55:22
N:\PhotosSummer 2014 ABQ/bro_road_trip/DSC_3157.JPG                                       2014-08-25 17:43:53
N:\PhotosSummer 2014 ABQ/bro_road_trip/DSC_3028.JPG                                       2014-08-24 19:37:12
N:\PhotosSummer 2014 ABQ/bro_road_trip/DSC_3095.jpg                                       2014-08-25 11:50:33
N:\PhotosSummer 2014 ABQ/bro_road_trip/DSC_2981.jpg                                       2014-08-23 16:03:05
N:\PhotosSummer 2014 ABQ/bro_road_trip/DSC_2880.jpg                                       2014-08-22 17:47:27
N:\PhotosSummer 2014 ABQ/bro_road_trip/DSC_2940.JPG                                       2014-08-23 11:51:46
N:\PhotosSummer 2014 ABQ/bro_road_trip/DSC_3007.JPG                                       2014-08-23 19:49:33
N:\PhotosSummer 2014 ABQ/bro_road_trip/DSC_2882.JPG                                       2014-08-22 17:49:01
N:\PhotosSummer 2014 ABQ/bro_road_trip/DSC_2893.jpg                                       2014-08-23 09:45:22
N:\PhotosSummer 2014 ABQ/bro_road_trip/DSC_2801.jpg                                       2014-08-22 11:41:17
N:\PhotosSummer 2014 ABQ/bro_road_trip/DSC_3051.JPG                                       2014-08-25 08:14:48
N:\PhotosSummer 2014 ABQ/bro_road_trip/DSC_2901.JPG                                       2014-08-23 10:43:45
N:\PhotosSummer 2014 ABQ/bro_road_trip/DSC_3287.jpg                                       2014-08-28 15:46:44
N:\PhotosSummer 2014 ABQ/bro_road_trip/DSC_3192.JPG                                       2014-08-25 18:19:54
N:\PhotosSummer 2014 ABQ/bro_road_trip/DSC_3125.JPG                                       2014-08-25 14:49:40
N:\PhotosSummer 2014 ABQ/bro_road_trip/DSC_2916.jpg                                       2014-08-23 11:32:06
N:\PhotosSummer 2014 ABQ/bro_road_trip/DSC_2951.jpg                                       2014-08-23 12:04:13
N:\PhotosSummer 2014 ABQ/bro_road_trip/DSC_2849.jpg                                       2014-08-22 13:58:22
N:\PhotosSummer 2014 ABQ/bro_road_trip/DSC_2805.jpg                                       2014-08-22 12:12:17
N:\PhotosSummer 2014 ABQ/bro_road_trip/DSC_3080.JPG                                       2014-08-25 11:13:01
N:\PhotosSummer 2014 ABQ/bro_road_trip/DSC_3063.jpg                                       2014-08-25 10:30:35
N:\PhotosSummer 2014 ABQ/bro_road_trip/DSC_3257.JPG                                       2014-08-27 09:44:12
N:\PhotosSummer 2014 ABQ/bro_road_trip/DSC_2885.JPG                                       2014-08-22 18:28:45
N:\PhotosSummer 2014 ABQ/bro_road_trip/DSC_2941.JPG                                       2014-08-23 11:51:56
N:\PhotosSummer 2014 ABQ/bro_road_trip/DSC_2819.jpg                                       2014-08-22 12:46:30
N:\PhotosSummer 2014 ABQ/bro_road_trip/DSC_3089.JPG                                       2014-08-25 11:36:51
N:\PhotosSummer 2014 ABQ/bro_road_trip/DSC_3118.JPG                                       2014-08-25 12:22:33
N:\PhotosSummer 2014 ABQ/bro_road_trip/DSC_3303.JPG                                       2014-08-28 16:05:16
N:\PhotosSummer 2014 ABQ/bro_road_trip/DSC_2764.JPG                                       2014-08-22 10:27:34
N:\PhotosSummer 2014 ABQ/bro_road_trip/DSC_2834.jpg                                       2014-08-22 13:20:35
N:\PhotosSummer 2014 ABQ/bro_road_trip/DSC_3057.jpg                                       2014-08-25 10:24:08
N:\PhotosSummer 2014 ABQ/bro_road_trip/DSC_2802.jpg                                       2014-08-22 11:41:25
N:\PhotosSummer 2014 ABQ/bro_road_trip/DSC_3106.JPG                                       2014-08-25 12:04:22
N:\PhotosSummer 2014 ABQ/bro_road_trip/DSC_2998.JPG                                       2014-08-23 17:15:33
N:\PhotosSummer 2014 ABQ/bro_road_trip/DSC_2787.jpg                                       2014-08-22 11:23:51
N:\PhotosSummer 2014 ABQ/bro_road_trip/DSC_2971.jpg                                       2014-08-23 15:45:32
N:\PhotosSummer 2014 ABQ/bro_road_trip/DSC_2988.JPG                                       2014-08-23 16:19:46
N:\PhotosSummer 2014 ABQ/bro_road_trip/DSC_3226.jpg                                       2014-08-25 19:11:52
N:\PhotosSummer 2014 ABQ/bro_road_trip/DSC_2777.JPG                                       2014-08-22 10:48:13
N:\PhotosSummer 2014 ABQ/bro_road_trip/DSC_2884.JPG                                       2014-08-22 17:49:37
N:\PhotosSummer 2014 ABQ/bro_road_trip/DSC_3262.JPG                                       2014-08-27 11:42:31
N:\PhotosSummer 2014 ABQ/bro_road_trip/DSC_3300.jpg                                       2014-08-28 16:05:11
N:\PhotosSummer 2014 ABQ/bro_road_trip/DSC_3179.jpg                                       2014-08-25 18:04:59
N:\PhotosSummer 2014 ABQ/bro_road_trip/DSC_2921.JPG                                       2014-08-23 11:32:59
N:\PhotosSummer 2014 ABQ/bro_road_trip/DSC_2765.jpg                                       2014-08-22 10:27:43
N:\PhotosSummer 2014 ABQ/bro_road_trip/DSC_3092.JPG                                       2014-08-25 11:37:48
N:\PhotosSummer 2014 ABQ/bro_road_trip/DSC_3158.JPG                                       2014-08-25 17:43:55
N:\PhotosSummer 2014 ABQ/bro_road_trip/DSC_3154.JPG                                       2014-08-25 17:41:34
N:\PhotosSummer 2014 ABQ/bro_road_trip/DSC_2806.jpg                                       2014-08-22 12:12:22
N:\PhotosSummer 2014 ABQ/bro_road_trip/DSC_3274.JPG                                       2014-08-28 15:42:53
N:\PhotosSummer 2014 ABQ/bro_road_trip/DSC_2936.jpg                                       2014-08-23 11:45:22
N:\PhotosSummer 2014 ABQ/bro_road_trip/DSC_2808.jpg                                       2014-08-22 12:32:59
N:\PhotosSummer 2014 ABQ/bro_road_trip/DSC_3083.jpg                                       2014-08-25 11:14:34
N:\PhotosSummer 2014 ABQ/bro_road_trip/DSC_2965.JPG                                       2014-08-23 13:47:17
N:\PhotosSummer 2014 ABQ/bro_road_trip/DSC_3013.JPG                                       2014-08-24 10:23:00
N:\PhotosSummer 2014 ABQ/bro_road_trip/DSC_3144.JPG                                       2014-08-25 15:59:48
N:\PhotosSummer 2014 ABQ/bro_road_trip/DSC_2937.jpg                                       2014-08-23 11:45:29
N:\PhotosSummer 2014 ABQ/bro_road_trip/DSC_3225.JPG                                       2014-08-25 19:10:10
N:\PhotosSummer 2014 ABQ/bro_road_trip/DSC_2826.jpg                                       2014-08-22 13:09:52
N:\PhotosSummer 2014 ABQ/bro_road_trip/DSC_2978.JPG                                       2014-08-23 16:01:29
N:\PhotosSummer 2014 ABQ/bro_road_trip/DSC_3058.jpg                                       2014-08-25 10:24:15
N:\PhotosSummer 2014 ABQ/bro_road_trip/DSC_2906.JPG                                       2014-08-23 11:29:11
N:\PhotosSummer 2014 ABQ/bro_road_trip/DSC_3160.jpg                                       2014-08-25 17:49:53
N:\PhotosSummer 2014 ABQ/bro_road_trip/DSC_2972.JPG                                       2014-08-23 15:45:33
N:\PhotosSummer 2014 ABQ/bro_road_trip/DSC_2994.JPG                                       2014-08-23 17:10:55
N:\PhotosSummer 2014 ABQ/bro_road_trip/DSC_2975.JPG                                       2014-08-23 15:55:35
N:\PhotosSummer 2014 ABQ/bro_road_trip/DSC_3302.JPG                                       2014-08-28 16:05:14
N:\PhotosSummer 2014 ABQ/bro_road_trip/DSC_3272.jpg                                       2014-08-28 15:42:48
N:\PhotosSummer 2014 ABQ/bro_road_trip/DSC_2907.jpg                                       2014-08-23 11:29:14
N:\PhotosSummer 2014 ABQ/bro_road_trip/DSC_2883.jpg                                       2014-08-22 17:49:32
N:\PhotosSummer 2014 ABQ/bro_road_trip/DSC_3251.JPG                                       2014-08-27 08:53:31
N:\PhotosSummer 2014 ABQ/bro_road_trip/DSC_3288.jpg                                       2014-08-28 15:46:49
N:\PhotosSummer 2014 ABQ/bro_road_trip/DSC_3304.JPG                                       2014-08-28 16:05:21
N:\PhotosSummer 2014 ABQ/bro_road_trip/DSC_3082.jpg                                       2014-08-25 11:13:32
N:\PhotosSummer 2014 ABQ/bro_road_trip/DSC_3134.jpg                                       2014-08-25 15:45:41
N:\PhotosSummer 2014 ABQ/bro_road_trip/DSC_3191.JPG                                       2014-08-25 18:19:50
N:\PhotosSummer 2014 ABQ/bro_road_trip/DSC_2944.JPG                                       2014-08-23 11:52:45
N:\PhotosSummer 2014 ABQ/bro_road_trip/DSC_3038.JPG                                       2014-08-25 07:57:37
N:\PhotosSummer 2014 ABQ/bro_road_trip/DSC_3351.JPG                                       2014-09-01 12:55:55
N:\PhotosSummer 2014 ABQ/bro_road_trip/DSC_3263.jpg                                       2014-08-28 15:27:51
N:\Jessica PicturesMission/100_2589.JPG                                                   2014-02-18 21:04:26
N:\Jessica PicturesMission/100_2585.JPG                                                   2014-02-18 20:50:57
N:\Jessica PicturesMission/451.JPG                                                        2014-01-07 17:17:38
