/photos/Photos/Pictures_finished/2017/Family Texts/2017-12-01 19.40.11-4.jpg: The file contains data of an unknown image type: metadata error in /photos/Photos/Pictures_finished/2017/Family Texts/2017-12-01 19.40.11-4.jpg
/photos/Photos/Pictures_finished/2017/Family Texts/2017-12-01 19.40.11-4.jpg: The file contains data of an unknown image type: metadata error in /photos/Photos/Pictures_finished/2017/Family Texts/2017-12-01 19.40.11-4.jpg
/photos/Photos/Pictures_finished/2017/Family Texts/2017-12-01 19.40.11-4.jpg: The file contains data of an unknown image type: metadata error in /photos/Photos/Pictures_finished/2017/Family Texts/2017-12-01 19.40.11-4.jpg
/photos/Photos/Pictures_finished/2017/Family Texts/2017-12-01 19.40.11-4.jpg: The file contains data of an unknown image type: metadata error in /photos/Photos/Pictures_finished/2017/Family Texts/2017-12-01 19.40.11-4.jpg
/photos/Photos/Pictures_finished/2017/Family Texts/2017-12-01 19.40.11-4.jpg: The file contains data of an unknown image type: metadata error in /photos/Photos/Pictures_finished/2017/Family Texts/2017-12-01 19.40.11-4.jpg
/photos/Photos/Pictures_finished/2017/Family Texts/2017-12-01 19.40.11-4.jpg: The file contains data of an unknown image type: metadata error in /photos/Photos/Pictures_finished/2017/Family Texts/2017-12-01 19.40.11-4.jpg
/photos/Photos/Pictures_finished/2017/Family Texts/2017-12-01 19.40.11-4.jpg: The file contains data of an unknown image type: metadata error in /photos/Photos/Pictures_finished/2017/Family Texts/2017-12-01 19.40.11-4.jpg
/photos/Photos/Pictures_finished/2017/Family Texts/2017-12-01 19.40.11-4.jpg: The file contains data of an unknown image type: metadata error in /photos/Photos/Pictures_finished/2017/Family Texts/2017-12-01 19.40.11-4.jpg
/photos/Photos/Pictures_finished/2017/Family Texts/2017-12-01 19.40.11-4.jpg: The file contains data of an unknown image type: metadata error in /photos/Photos/Pictures_finished/2017/Family Texts/2017-12-01 19.40.11-4.jpg
/photos/Photos/Pictures_finished/2017/Family Texts/2017-12-01 19.40.11-4.jpg: The file contains data of an unknown image type: metadata error in /photos/Photos/Pictures_finished/2017/Family Texts/2017-12-01 19.40.11-4.jpg
/photos/Photos/Pictures_finished/2017/Family Texts/2017-12-01 19.40.11-4.jpg: The file contains data of an unknown image type: metadata error in /photos/Photos/Pictures_finished/2017/Family Texts/2017-12-01 19.40.11-4.jpg
/photos/Photos/Pictures_finished/2017/Family Texts/2017-12-01 19.40.11-4.jpg: The file contains data of an unknown image type: metadata error in /photos/Photos/Pictures_finished/2017/Family Texts/2017-12-01 19.40.11-4.jpg
/photos/Photos/Pictures_finished/2017/Family Texts/2017-12-01 19.40.11-4.jpg: The file contains data of an unknown image type: metadata error in /photos/Photos/Pictures_finished/2017/Family Texts/2017-12-01 19.40.11-4.jpg
/photos/Photos/Pictures_finished/2017/Family Texts/2017-12-01 19.40.11-4.jpg: The file contains data of an unknown image type: metadata error in /photos/Photos/Pictures_finished/2017/Family Texts/2017-12-01 19.40.11-4.jpg
/photos/Photos/Pictures_finished/2017/Family Texts/2017-12-01 19.40.11-4.jpg: The file contains data of an unknown image type: metadata error in /photos/Photos/Pictures_finished/2017/Family Texts/2017-12-01 19.40.11-4.jpg
/photos/Photos/Pictures_finished/2017/Family Texts/2017-12-01 19.40.11-4.jpg: The file contains data of an unknown image type: metadata error in /photos/Photos/Pictures_finished/2017/Family Texts/2017-12-01 19.40.11-4.jpg
/photos/Photos/Pictures_finished/2017/Family Texts/2017-12-01 19.40.11-4.jpg: The file contains data of an unknown image type: metadata error in /photos/Photos/Pictures_finished/2017/Family Texts/2017-12-01 19.40.11-4.jpg
/photos/Photos/Pictures_finished/2017/Family Texts/2017-12-01 19.40.11-4.jpg: The file contains data of an unknown image type: metadata error in /photos/Photos/Pictures_finished/2017/Family Texts/2017-12-01 19.40.11-4.jpg
/photos/Photos/Pictures_finished/2017/Family Texts/2017-12-01 19.40.11-4.jpg: The file contains data of an unknown image type: metadata error in /photos/Photos/Pictures_finished/2017/Family Texts/2017-12-01 19.40.11-4.jpg
/photos/Photos/Pictures_finished/2017/Family Texts/2017-12-01 19.40.11-4.jpg: The file contains data of an unknown image type: metadata error in /photos/Photos/Pictures_finished/2017/Family Texts/2017-12-01 19.40.11-4.jpg
/photos/Photos/Pictures_finished/2017/Family Texts/2017-12-01 19.40.11-4.jpg: The file contains data of an unknown image type: metadata error in /photos/Photos/Pictures_finished/2017/Family Texts/2017-12-01 19.40.11-4.jpg
/photos/Photos/Pictures_finished/2017/Family Texts/2017-12-01 19.40.11-4.jpg: The file contains data of an unknown image type: metadata error in /photos/Photos/Pictures_finished/2017/Family Texts/2017-12-01 19.40.11-4.jpg
/photos/Photos/Pictures_finished/2017/Family Texts/2017-12-01 19.40.11-4.jpg: The file contains data of an unknown image type: metadata error in /photos/Photos/Pictures_finished/2017/Family Texts/2017-12-01 19.40.11-4.jpg
/photos/Photos/Pictures_finished/2017/Family Texts/2017-12-01 19.40.11-4.jpg: The file contains data of an unknown image type: metadata error in /photos/Photos/Pictures_finished/2017/Family Texts/2017-12-01 19.40.11-4.jpg
/photos/Photos/Pictures_finished/2017/Family Texts/2017-12-01 19.40.11-4.jpg: The file contains data of an unknown image type: metadata error in /photos/Photos/Pictures_finished/2017/Family Texts/2017-12-01 19.40.11-4.jpg
/photos/Photos/Pictures_finished/2017/Family Texts/2017-12-01 19.40.11-4.jpg: The file contains data of an unknown image type: metadata error in /photos/Photos/Pictures_finished/2017/Family Texts/2017-12-01 19.40.11-4.jpg
/photos/Photos/Pictures_finished/2017/Family Texts/2017-12-01 19.40.11-4.jpg: The file contains data of an unknown image type: metadata error in /photos/Photos/Pictures_finished/2017/Family Texts/2017-12-01 19.40.11-4.jpg
/photos/Photos/Pictures_finished/2017/Family Texts/2017-12-01 19.40.11-4.jpg: The file contains data of an unknown image type: metadata error in /photos/Photos/Pictures_finished/2017/Family Texts/2017-12-01 19.40.11-4.jpg
/photos/Photos/Pictures_finished/2017/Family Texts/2017-12-01 19.40.11-4.jpg: The file contains data of an unknown image type: metadata error in /photos/Photos/Pictures_finished/2017/Family Texts/2017-12-01 19.40.11-4.jpg
/photos/Photos/Pictures_finished/2017/Family Texts/2017-12-01 19.40.11-4.jpg: The file contains data of an unknown image type: metadata error in /photos/Photos/Pictures_finished/2017/Family Texts/2017-12-01 19.40.11-4.jpg
/photos/Photos/Pictures_finished/2017/Family Texts/2017-12-01 19.40.11-4.jpg: The file contains data of an unknown image type: metadata error in /photos/Photos/Pictures_finished/2017/Family Texts/2017-12-01 19.40.11-4.jpg
/photos/Photos/Pictures_finished/2017/Family Texts/2017-12-01 19.40.11-4.jpg: The file contains data of an unknown image type: metadata error in /photos/Photos/Pictures_finished/2017/Family Texts/2017-12-01 19.40.11-4.jpg
/photos/Photos/Pictures_finished/2017/Family Texts/2017-12-01 19.40.11-4.jpg: The file contains data of an unknown image type: metadata error in /photos/Photos/Pictures_finished/2017/Family Texts/2017-12-01 19.40.11-4.jpg
/photos/Photos/Pictures_finished/2017/Family Texts/2017-12-01 19.40.11-4.jpg: The file contains data of an unknown image type: metadata error in /photos/Photos/Pictures_finished/2017/Family Texts/2017-12-01 19.40.11-4.jpg
/photos/Photos/Pictures_finished/2017/Family Texts/2017-12-01 19.40.11-4.jpg: The file contains data of an unknown image type: metadata error in /photos/Photos/Pictures_finished/2017/Family Texts/2017-12-01 19.40.11-4.jpg
/photos/Photos/Pictures_finished/2017/Family Texts/2017-12-01 19.40.11-4.jpg: The file contains data of an unknown image type: metadata error in /photos/Photos/Pictures_finished/2017/Family Texts/2017-12-01 19.40.11-4.jpg
/photos/Photos/Pictures_finished/2017/Family Texts/2017-12-01 19.40.11-4.jpg: The file contains data of an unknown image type: metadata error in /photos/Photos/Pictures_finished/2017/Family Texts/2017-12-01 19.40.11-4.jpg
/photos/Photos/Pictures_finished/2017/Family Texts/2017-12-01 19.40.11-4.jpg: The file contains data of an unknown image type: metadata error in /photos/Photos/Pictures_finished/2017/Family Texts/2017-12-01 19.40.11-4.jpg
/photos/Photos/Pictures_finished/2017/Family Texts/2017-12-01 19.40.11-4.jpg: The file contains data of an unknown image type: metadata error in /photos/Photos/Pictures_finished/2017/Family Texts/2017-12-01 19.40.11-4.jpg
[Errno 2] No such file or directory: '/photos/Photos/Pictures_finished/Funk_fam_pictures/00266_s_13akbyf45c0266.jpg': metadata error in /photos/Photos/Pictures_finished/Funk_fam_pictures/00266_s_13akbyf45c0266.jpg
/photos/Photos/Pictures_finished/2017/Family Texts/2017-12-01 19.40.11-4.jpg: The file contains data of an unknown image type: metadata error in /photos/Photos/Pictures_finished/2017/Family Texts/2017-12-01 19.40.11-4.jpg
/photos/Photos/Pictures_finished/2017/Family Texts/2017-12-01 19.40.11-4.jpg: The file contains data of an unknown image type: metadata error in /photos/Photos/Pictures_finished/2017/Family Texts/2017-12-01 19.40.11-4.jpg
/photos/Photos/Pictures_finished/2017/Family Texts/2017-12-01 19.40.11-4.jpg: The file contains data of an unknown image type: metadata error in /photos/Photos/Pictures_finished/2017/Family Texts/2017-12-01 19.40.11-4.jpg
/photos/Photos/Pictures_finished/2017/Family Texts/2017-12-01 19.40.11-4.jpg: The file contains data of an unknown image type: metadata error in /photos/Photos/Pictures_finished/2017/Family Texts/2017-12-01 19.40.11-4.jpg
/photos/Photos/Pictures_finished/2017/Family Texts/2017-12-01 19.40.11-4.jpg: The file contains data of an unknown image type: metadata error in /photos/Photos/Pictures_finished/2017/Family Texts/2017-12-01 19.40.11-4.jpg
/photos/Photos/Pictures_finished/2017/Family Texts/2017-12-01 19.40.11-4.jpg: The file contains data of an unknown image type: metadata error in /photos/Photos/Pictures_finished/2017/Family Texts/2017-12-01 19.40.11-4.jpg
/photos/Photos/Pictures_finished/2017/Family Texts/2017-12-01 19.40.11-4.jpg: The file contains data of an unknown image type: metadata error in /photos/Photos/Pictures_finished/2017/Family Texts/2017-12-01 19.40.11-4.jpg
/photos/Photos/Pictures_finished/2017/Family Texts/2017-12-01 19.40.11-4.jpg: The file contains data of an unknown image type: metadata error in /photos/Photos/Pictures_finished/2017/Family Texts/2017-12-01 19.40.11-4.jpg
=======
[Errno 2] No such file or directory: 'C:\\Users\\Benjamin\\Dropbox\\Camera Uploads\\2018-09-16 07.38.35.jpg': metadata error in C:\Users\Benjamin\Dropbox\Camera Uploads\2018-09-16 07.38.35.jpg
[Errno 2] No such file or directory: 'C:\\Users\\Benjamin\\Dropbox\\Camera Uploads\\2018-09-16 14.41.38.jpeg': metadata error in C:\Users\Benjamin\Dropbox\Camera Uploads\2018-09-16 14.41.38.jpeg
[Errno 2] No such file or directory: '/photos/Photos/Pictures_In_Progress/2018/Family Texts/mom branson/2018-11/04 07.09.36-1-1.jpeg': metadata error in /photos/Photos/Pictures_In_Progress/2018/Family Texts/mom branson/2018-11/04 07.09.36-1-1.jpeg
/photos/Photos/Pictures_In_Progress/preprocess/Scanned Pictures/Random 1993/Random 1993_00006A.jpg: The file contains data of an unknown image type: metadata error in /photos/Photos/Pictures_In_Progress/preprocess/Scanned Pictures/Random 1993/Random 1993_00006A.jpg
/photos/Photos/Pictures_In_Progress/preprocess/Scanned Pictures/Random 1993/Random 1993_00006A.jpg: The file contains data of an unknown image type: metadata error in /photos/Photos/Pictures_In_Progress/preprocess/Scanned Pictures/Random 1993/Random 1993_00006A.jpg
/photos/Photos/Pictures_In_Progress/preprocess/Scanned Pictures/Randy Camping and Play Late 1970s/Randy Camping and Play Late 1970s_00030A.jpg: The file contains data of an unknown image type: metadata error in /photos/Photos/Pictures_In_Progress/preprocess/Scanned Pictures/Randy Camping and Play Late 1970s/Randy Camping and Play Late 1970s_00030A.jpg
/photos/Photos/Pictures_In_Progress/preprocess/Scanned Pictures/Randy Camping and Play Late 1970s/Randy Camping and Play Late 1970s_00030A.jpg: The file contains data of an unknown image type: metadata error in /photos/Photos/Pictures_In_Progress/preprocess/Scanned Pictures/Randy Camping and Play Late 1970s/Randy Camping and Play Late 1970s_00030A.jpg
/photos/Photos/Pictures_In_Progress/preprocess/Scanned Pictures/Randy Camping and Play Late 1970s/Randy Camping and Play Late 1970s_00030A.jpg: The file contains data of an unknown image type: metadata error in /photos/Photos/Pictures_In_Progress/preprocess/Scanned Pictures/Randy Camping and Play Late 1970s/Randy Camping and Play Late 1970s_00030A.jpg
/photos/Photos/Pictures_finished/2017/Family Texts/2017-12-01 19.40.11-4.jpg: The file contains data of an unknown image type: metadata error in /photos/Photos/Pictures_finished/2017/Family Texts/2017-12-01 19.40.11-4.jpg
/photos/Photos/Pictures_In_Progress/preprocess/Scanned Pictures/Randy Camping and Play Late 1970s/Randy Camping and Play Late 1970s_00030A.jpg: The file contains data of an unknown image type: metadata error in /photos/Photos/Pictures_In_Progress/preprocess/Scanned Pictures/Randy Camping and Play Late 1970s/Randy Camping and Play Late 1970s_00030A.jpg
/photos/Photos/Pictures_finished/2017/Family Texts/2017-12-01 19.40.11-4.jpg: The file contains data of an unknown image type: metadata error in /photos/Photos/Pictures_finished/2017/Family Texts/2017-12-01 19.40.11-4.jpg
/photos/Photos/Pictures_In_Progress/preprocess/Scanned Pictures/Randy Camping and Play Late 1970s/Randy Camping and Play Late 1970s_00030A.jpg: The file contains data of an unknown image type: metadata error in /photos/Photos/Pictures_In_Progress/preprocess/Scanned Pictures/Randy Camping and Play Late 1970s/Randy Camping and Play Late 1970s_00030A.jpg
/photos/Photos/Pictures_finished/2017/Family Texts/2017-12-01 19.40.11-4.jpg: The file contains data of an unknown image type: metadata error in /photos/Photos/Pictures_finished/2017/Family Texts/2017-12-01 19.40.11-4.jpg
/photos/Photos/Pictures_In_Progress/preprocess/Scanned Pictures/Randy Camping and Play Late 1970s/Randy Camping and Play Late 1970s_00030A.jpg: The file contains data of an unknown image type: metadata error in /photos/Photos/Pictures_In_Progress/preprocess/Scanned Pictures/Randy Camping and Play Late 1970s/Randy Camping and Play Late 1970s_00030A.jpg
/photos/Photos/Pictures_finished/2017/Family Texts/2017-12-01 19.40.11-4.jpg: The file contains data of an unknown image type: metadata error in /photos/Photos/Pictures_finished/2017/Family Texts/2017-12-01 19.40.11-4.jpg
/photos/Photos/Pictures_In_Progress/preprocess/Scanned Pictures/Randy Camping and Play Late 1970s/Randy Camping and Play Late 1970s_00030A.jpg: The file contains data of an unknown image type: metadata error in /photos/Photos/Pictures_In_Progress/preprocess/Scanned Pictures/Randy Camping and Play Late 1970s/Randy Camping and Play Late 1970s_00030A.jpg
/photos/Photos/Pictures_finished/2017/Family Texts/2017-12-01 19.40.11-4.jpg: The file contains data of an unknown image type: metadata error in /photos/Photos/Pictures_finished/2017/Family Texts/2017-12-01 19.40.11-4.jpg
/photos/Photos/Pictures_In_Progress/preprocess/Scanned Pictures/Randy Camping and Play Late 1970s/Randy Camping and Play Late 1970s_00030A.jpg: The file contains data of an unknown image type: metadata error in /photos/Photos/Pictures_In_Progress/preprocess/Scanned Pictures/Randy Camping and Play Late 1970s/Randy Camping and Play Late 1970s_00030A.jpg
/photos/Photos/Pictures_finished/2017/Family Texts/2017-12-01 19.40.11-4.jpg: The file contains data of an unknown image type: metadata error in /photos/Photos/Pictures_finished/2017/Family Texts/2017-12-01 19.40.11-4.jpg
/photos/Photos/Pictures_In_Progress/preprocess/Scanned Pictures/Randy Camping and Play Late 1970s/Randy Camping and Play Late 1970s_00030A.jpg: The file contains data of an unknown image type: metadata error in /photos/Photos/Pictures_In_Progress/preprocess/Scanned Pictures/Randy Camping and Play Late 1970s/Randy Camping and Play Late 1970s_00030A.jpg
/photos/Photos/Pictures_finished/2017/Family Texts/2017-12-01 19.40.11-4.jpg: The file contains data of an unknown image type: metadata error in /photos/Photos/Pictures_finished/2017/Family Texts/2017-12-01 19.40.11-4.jpg
/photos/Photos/Pictures_In_Progress/preprocess/Scanned Pictures/Randy Camping and Play Late 1970s/Randy Camping and Play Late 1970s_00030A.jpg: The file contains data of an unknown image type: metadata error in /photos/Photos/Pictures_In_Progress/preprocess/Scanned Pictures/Randy Camping and Play Late 1970s/Randy Camping and Play Late 1970s_00030A.jpg
/photos/Photos/Pictures_finished/2017/Family Texts/2017-12-01 19.40.11-4.jpg: The file contains data of an unknown image type: metadata error in /photos/Photos/Pictures_finished/2017/Family Texts/2017-12-01 19.40.11-4.jpg
/photos/Photos/Pictures_In_Progress/preprocess/Scanned Pictures/Randy Camping and Play Late 1970s/Randy Camping and Play Late 1970s_00030A.jpg: The file contains data of an unknown image type: metadata error in /photos/Photos/Pictures_In_Progress/preprocess/Scanned Pictures/Randy Camping and Play Late 1970s/Randy Camping and Play Late 1970s_00030A.jpg
/photos/Photos/Pictures_finished/2017/Family Texts/2017-12-01 19.40.11-4.jpg: The file contains data of an unknown image type: metadata error in /photos/Photos/Pictures_finished/2017/Family Texts/2017-12-01 19.40.11-4.jpg
/photos/Photos/Pictures_In_Progress/preprocess/Scanned Pictures/Randy Camping and Play Late 1970s/Randy Camping and Play Late 1970s_00030A.jpg: The file contains data of an unknown image type: metadata error in /photos/Photos/Pictures_In_Progress/preprocess/Scanned Pictures/Randy Camping and Play Late 1970s/Randy Camping and Play Late 1970s_00030A.jpg
/photos/Photos/Pictures_finished/2017/Family Texts/2017-12-01 19.40.11-4.jpg: The file contains data of an unknown image type: metadata error in /photos/Photos/Pictures_finished/2017/Family Texts/2017-12-01 19.40.11-4.jpg
/photos/Photos/Pictures_In_Progress/preprocess/Scanned Pictures/Randy Camping and Play Late 1970s/Randy Camping and Play Late 1970s_00030A.jpg: The file contains data of an unknown image type: metadata error in /photos/Photos/Pictures_In_Progress/preprocess/Scanned Pictures/Randy Camping and Play Late 1970s/Randy Camping and Play Late 1970s_00030A.jpg
/photos/Photos/Pictures_finished/2017/Family Texts/2017-12-01 19.40.11-4.jpg: The file contains data of an unknown image type: metadata error in /photos/Photos/Pictures_finished/2017/Family Texts/2017-12-01 19.40.11-4.jpg
