Date/time for: /photos/Photos/Pictures_In_Progress/2018/Baby Announcements/DSC_5458.JPG modified.
Date/time for: /photos/Photos/Pictures_In_Progress/2018/Baby Announcements/DSC_5458.JPG modified.
Question the time for: /photos/Photos/Pictures_In_Progress/2018/Baby Announcements/Subset_to_develop/edited/DSC_5347.jpg : 2018-03-24 16:01:47+00:00
Question the time for: /photos/Photos/Pictures_In_Progress/2018/Babymoon/England/DSC_7358-3.jpg : 2018-05-02 09:35:28+00:00
Question the time for: /photos/Photos/Pictures_In_Progress/2018/Babymoon/England/DSC_7139-2.jpg : 2018-04-30 09:09:17+00:00
Question the time for: /photos/Photos/Pictures_In_Progress/2018/Babymoon/England/DSC_7138-3.jpg : 2018-04-30 09:09:15+00:00
Question the time for: /photos/Photos/Pictures_In_Progress/2018/Babymoon/England/DSC_7327-2.jpg : 2018-05-01 12:36:04+00:00
Question the time for: /photos/Photos/Pictures_In_Progress/2018/Babymoon/England/DSC_7358-2.jpg : 2018-05-02 09:35:28+00:00
Question the time for: /photos/Photos/Pictures_In_Progress/2018/Babymoon/England/DSC_7136-2.jpg : 2018-04-30 09:09:02+00:00
Question the time for: /photos/Photos/Pictures_In_Progress/2018/Babymoon/England/DSC_7140-2.jpg : 2018-04-30 09:09:26+00:00
Question the time for: /photos/Photos/Pictures_In_Progress/2018/Babymoon/England/DSC_7135-2.jpg : 2018-04-30 09:09:00+00:00
Question the time for: /photos/Photos/Pictures_In_Progress/2018/Babymoon/England/DSC_7138-2.jpg : 2018-04-30 09:09:15+00:00
Question the time for: /photos/Photos/Pictures_In_Progress/2018/Babymoon/England/DSC_7406-2.jpg : 2018-05-03 12:16:56+00:00
Question the time for: /photos/Photos/Pictures_In_Progress/2018/Babymoon/England/DSC_7137-2.jpg : 2018-04-30 09:09:05+00:00
Question the time for: /photos/Photos/Pictures_In_Progress/2018/Babymoon/England/DSC_7385-2.jpg : 2018-05-02 13:09:07+00:00
Question the time for: /photos/Photos/Pictures_In_Progress/2018/Babymoon/England/DSC_6971-2.jpg : 2018-04-29 08:24:03+00:00
Question the time for: /photos/Photos/Pictures_In_Progress/2018/Babymoon/Italy/DSC_6373-2.jpg : 2018-04-24 08:47:40+00:00
Question the time for: /photos/Photos/Pictures_In_Progress/2018/Babymoon/Italy/DSC_6374-2.jpg : 2018-04-24 08:47:41+00:00
Question the time for: /photos/Photos/Pictures_In_Progress/2018/Babymoon/Italy/DSC_6372-2.jpg : 2018-04-24 08:47:37+00:00
Date/time for: /photos/Photos/Pictures_In_Progress/2018/Babymoon/Italy/Nicole Pictures/20180426_201845.jpg modified.
Date/time for: /photos/Photos/Pictures_In_Progress/2018/Babymoon/Italy/Rachel Pictures/IMG_3118.jpg modified.
Date/time for: /photos/Photos/Pictures_In_Progress/2018/Babymoon/Italy/Rachel Pictures/IMG_3119.jpg modified.
Date/time for: /photos/Photos/Pictures_In_Progress/2018/Babymoon/Italy/Rachel Pictures/IMG_2559.jpg modified.
Date/time for: /photos/Photos/Pictures_In_Progress/2018/Babymoon/Italy/Rachel Pictures/IMG_3107.jpg modified.
Date/time for: /photos/Photos/Pictures_In_Progress/2018/Babymoon/Italy/compressed/DSC_6373-2.jpg modified.
Date/time for: /photos/Photos/Pictures_In_Progress/2018/Babymoon/Italy/compressed/DSC_6374-2.jpg modified.
Date/time for: /photos/Photos/Pictures_In_Progress/2018/Family Texts/2018-03-19 00.31.34-1.jpeg modified.
Date/time for: /photos/Photos/Pictures_In_Progress/2018/Family Texts/2018-03-11 23.14.16-4.jpeg modified.
Date/time for: /photos/Photos/Pictures_In_Progress/2018/Family Texts/2018-03-22 09.20.18-3.jpeg modified.
Date/time for: /photos/Photos/Pictures_In_Progress/2018/Family Texts/2018-03-11 23.14.16-3.jpeg modified.
Date/time for: /photos/Photos/Pictures_In_Progress/2018/Family Texts/2018-02-02 07.09.01.jpeg modified.
Date/time for: /photos/Photos/Pictures_In_Progress/2018/Family Texts/2018-03-11 23.14.15-6.jpeg modified.
Date/time for: /photos/Photos/Pictures_In_Progress/2018/Family Texts/2018-03-11 23.14.16-5.jpeg modified.
Date/time for: /photos/Photos/Pictures_In_Progress/2018/Family Texts/2018-03-11 23.14.15-5.jpeg modified.
Date/time for: /photos/Photos/Pictures_In_Progress/2018/Family Texts/2018-03-19 00.31.35.jpeg modified.
Date/time for: /photos/Photos/Pictures_In_Progress/2018/Family Texts/2018-03-11 23.14.17-2.jpeg modified.
Date/time for: /photos/Photos/Pictures_In_Progress/2018/Family Texts/2018-03-11 23.14.17-1.jpeg modified.
Date/time for: /photos/Photos/Pictures_In_Progress/2018/Family Texts/2018-03-22 09.20.18-2.jpeg modified.
Date/time for: /photos/Photos/Pictures_In_Progress/2018/Family Texts/2018-03-11 23.14.17-4.jpeg modified.
Date/time for: /photos/Photos/Pictures_In_Progress/2018/Family Texts/2018-03-11 23.14.16-6.jpeg modified.
Date/time for: /photos/Photos/Pictures_In_Progress/2018/Family Texts/2018-03-11 23.14.16-1.jpeg modified.
Date/time for: /photos/Photos/Pictures_In_Progress/2018/Family Texts/2018-03-11 23.14.16-8.jpeg modified.
Date/time for: /photos/Photos/Pictures_In_Progress/2018/Family Texts/2018-03-11 23.14.17-6.jpeg modified.
Date/time for: /photos/Photos/Pictures_In_Progress/2018/Family Texts/2018-03-11 23.14.16-9.jpeg modified.
Date/time for: /photos/Photos/Pictures_In_Progress/2018/Family Texts/al013969@gmail.com_2018-01-05_17.05.31.jpg.jpg modified.
Date/time for: /photos/Photos/Pictures_In_Progress/2018/Family Texts/2018-03-11 23.14.17-7.jpeg modified.
Date/time for: /photos/Photos/Pictures_In_Progress/2018/Family Texts/2018-03-19 00.31.34-2.jpeg modified.
Date/time for: /photos/Photos/Pictures_In_Progress/2018/Family Texts/2018-08-02 22.49.20-1.jpeg modified.
Date/time for: /photos/Photos/Pictures_In_Progress/2018/Family Texts/2018-03-18 00.31.23-1.jpeg modified.
Question the time for: /photos/Photos/Pictures_In_Progress/2018/Family Texts/2018-01-19 11.07.44-4.jpeg : 2018-01-19 11:07:45+00:00
Date/time for: /photos/Photos/Pictures_In_Progress/2018/Family Texts/2018-03-11 23.14.17-5.jpeg modified.
Date/time for: /photos/Photos/Pictures_In_Progress/2018/Family Texts/2018-03-12 11.08.30-1.jpeg modified.
Date/time for: /photos/Photos/Pictures_In_Progress/2018/Family Texts/rsl28@et.byu.edu_20180101_133407.jpg.jpg modified.
Date/time for: /photos/Photos/Pictures_In_Progress/2018/Family Texts/2018-03-22 09.20.18-4.jpeg modified.
Date/time for: /photos/Photos/Pictures_In_Progress/2018/Family Texts/2018-03-19 00.31.34.jpeg modified.
Date/time for: /photos/Photos/Pictures_In_Progress/2018/Family Texts/joshslewis1@gmail.com_2018-01-05_17.03.56.jpg.jpg modified.
Date/time for: /photos/Photos/Pictures_In_Progress/2018/Family Texts/2018-03-11 23.14.16.jpeg modified.
Date/time for: /photos/Photos/Pictures_In_Progress/2018/Family Texts/2018-03-11 23.14.17.jpeg modified.
Date/time for: /photos/Photos/Pictures_In_Progress/2018/Family Texts/2018-03-11 23.14.15-8.jpeg modified.
Date/time for: /photos/Photos/Pictures_In_Progress/2018/Family Texts/randy.lewis_byu.edu_DSCN6165.JPG modified.
Date/time for: /photos/Photos/Pictures_In_Progress/2018/Family Texts/2018-03-11 23.14.16-7.jpeg modified.
Date/time for: /photos/Photos/Pictures_In_Progress/2018/Family Texts/2018-03-11 23.14.17-3.jpeg modified.
Date/time for: /photos/Photos/Pictures_In_Progress/2018/Family Texts/2018-03-11 23.14.15-7.jpeg modified.
Date/time for: /photos/Photos/Pictures_In_Progress/2018/Family Texts/2018-03-12 11.08.30.jpeg modified.
Date/time for: /photos/Photos/Pictures_In_Progress/2018/Family Texts/2018-03-22 09.20.18-1.jpeg modified.
Date/time for: /photos/Photos/Pictures_In_Progress/2018/Family Texts/2018-03-11 23.14.16-2.jpeg modified.
Date/time for: /photos/Photos/Pictures_In_Progress/2018/Family Texts/2018-03-18 00.31.23.jpeg modified.
Date/time for: /photos/Photos/Pictures_In_Progress/2018/Family Texts/scanned_family_pictures/2018-01-05 11.09.18-3.jpg modified.
Question the time for: /photos/Photos/Pictures_In_Progress/2018/Pregnancy Photoshoot/edited/DSC_0086_1.jpg : 2018-08-11 18:46:33+00:00
Question the time for: /photos/Photos/Pictures_In_Progress/2018/Pregnancy Photoshoot/edited/DSC_0087_1.jpg : 2018-08-11 18:46:41+00:00
Date/time for: /photos/Photos/Pictures_In_Progress/2018/Williams Family Pictures/P19.jpg modified.
Date/time for: /photos/Photos/Pictures_In_Progress/2018/Williams Family Pictures/P13.jpg modified.
Date/time for: /photos/Photos/Pictures_In_Progress/2018/Williams Family Pictures/P14.jpg modified.
Date/time for: /photos/Photos/Pictures_In_Progress/2018/Williams Family Pictures/P21.jpg modified.
Date/time for: /photos/Photos/Pictures_In_Progress/2018/Williams Family Pictures/P18.jpg modified.
Date/time for: /photos/Photos/Pictures_In_Progress/2018/Williams Family Pictures/P22.jpg modified.
Date/time for: /photos/Photos/Pictures_In_Progress/2018/Williams Family Pictures/P9.jpg modified.
Date/time for: /photos/Photos/Pictures_In_Progress/2018/Williams Family Pictures/P1.jpg modified.
Question the time for: /photos/Photos/Pictures_In_Progress/2018/Baby Announcements/Subset_to_develop/edited/DSC_5347.jpg : 2018-03-24 16:01:47+00:00
Question the time for: /photos/Photos/Pictures_In_Progress/2018/Babymoon/England/DSC_7358-3.jpg : 2018-05-02 09:35:28+00:00
Question the time for: /photos/Photos/Pictures_In_Progress/2018/Babymoon/England/DSC_7139-2.jpg : 2018-04-30 09:09:17+00:00
Question the time for: /photos/Photos/Pictures_In_Progress/2018/Babymoon/England/DSC_7138-3.jpg : 2018-04-30 09:09:15+00:00
Question the time for: /photos/Photos/Pictures_In_Progress/2018/Babymoon/England/DSC_7327-2.jpg : 2018-05-01 12:36:04+00:00
Question the time for: /photos/Photos/Pictures_In_Progress/2018/Babymoon/England/DSC_7358-2.jpg : 2018-05-02 09:35:28+00:00
Question the time for: /photos/Photos/Pictures_In_Progress/2018/Babymoon/England/DSC_7136-2.jpg : 2018-04-30 09:09:02+00:00
Question the time for: /photos/Photos/Pictures_In_Progress/2018/Babymoon/England/DSC_7140-2.jpg : 2018-04-30 09:09:26+00:00
Question the time for: /photos/Photos/Pictures_In_Progress/2018/Babymoon/England/DSC_7135-2.jpg : 2018-04-30 09:09:00+00:00
Question the time for: /photos/Photos/Pictures_In_Progress/2018/Babymoon/England/DSC_7138-2.jpg : 2018-04-30 09:09:15+00:00
Question the time for: /photos/Photos/Pictures_In_Progress/2018/Babymoon/England/DSC_7406-2.jpg : 2018-05-03 12:16:56+00:00
Question the time for: /photos/Photos/Pictures_In_Progress/2018/Babymoon/England/DSC_7137-2.jpg : 2018-04-30 09:09:05+00:00
Question the time for: /photos/Photos/Pictures_In_Progress/2018/Babymoon/England/DSC_7385-2.jpg : 2018-05-02 13:09:07+00:00
Question the time for: /photos/Photos/Pictures_In_Progress/2018/Babymoon/England/DSC_6971-2.jpg : 2018-04-29 08:24:03+00:00
Question the time for: /photos/Photos/Pictures_In_Progress/2018/Babymoon/Italy/DSC_6373-2.jpg : 2018-04-24 08:47:40+00:00
Question the time for: /photos/Photos/Pictures_In_Progress/2018/Babymoon/Italy/DSC_6374-2.jpg : 2018-04-24 08:47:41+00:00
Question the time for: /photos/Photos/Pictures_In_Progress/2018/Babymoon/Italy/DSC_6372-2.jpg : 2018-04-24 08:47:37+00:00
Question the time for: /photos/Photos/Pictures_In_Progress/2018/Family Texts/2018-01-19 11.07.44-4.jpeg : 2018-01-19 11:07:45+00:00
Question the time for: /photos/Photos/Pictures_In_Progress/2018/Family Texts/scanned_family_pictures/2018-01-08 23.15.59-5.jpg : 2018-01-08 23:15:58+00:00
Question the time for: /photos/Photos/Pictures_In_Progress/2018/Family Texts/scanned_family_pictures/2018-01-08 23.16.03.jpg : 2018-01-08 23:16:02+00:00
Question the time for: /photos/Photos/Pictures_In_Progress/2018/Family Texts/scanned_family_pictures/2018-01-05 11.09.20.jpg : 2018-01-05 11:09:19+00:00
Question the time for: /photos/Photos/Pictures_In_Progress/2018/Family Texts/scanned_family_pictures/2018-01-05 11.09.20-2.jpg : 2018-01-05 11:09:19+00:00
Question the time for: /photos/Photos/Pictures_In_Progress/2018/Pregnancy Photoshoot/edited/DSC_0086_1.jpg : 2018-08-11 18:46:33+00:00
Question the time for: /photos/Photos/Pictures_In_Progress/2018/Pregnancy Photoshoot/edited/DSC_0087_1.jpg : 2018-08-11 18:46:41+00:00
