Unicode Tag Error in this file: /photos/Photos/Pictures_In_Progress/2018/Baby Nathaniel/2018-09-05 15.33.05-1.jpg
Unicode Tag Error in this file: /photos/Photos/Pictures_In_Progress/2018/Baby Nathaniel/2018-09-01 13.15.48.jpg
Unicode Tag Error in this file: /photos/Photos/Pictures_In_Progress/2018/Baby Nathaniel/2018-09-02 12.23.39-1.jpg
Unicode Tag Error in this file: /photos/Photos/Pictures_In_Progress/2018/Baby Nathaniel/2018-09-11 16.27.03.jpg
Unicode Tag Error in this file: /photos/Photos/Pictures_In_Progress/2018/Baby Nathaniel/2018-09-07 12.21.04.jpg
Unicode Tag Error in this file: /photos/Photos/Pictures_In_Progress/2018/Baby Nathaniel/2018-09-05 20.56.05.jpg
Unicode Tag Error in this file: /photos/Photos/Pictures_In_Progress/2018/Baby Nathaniel/2018-09-02 12.21.25-1.jpg
Unicode Tag Error in this file: /photos/Photos/Pictures_In_Progress/2018/Baby Nathaniel/2018-08-31 04.13.05-1.jpg
Unicode Tag Error in this file: /photos/Photos/Pictures_In_Progress/2018/Baby Nathaniel/2018-08-31 04.12.56.jpg
Unicode Tag Error in this file: /photos/Photos/Pictures_In_Progress/2018/Baby Nathaniel/2018-09-05 20.29.56.jpg
Unicode Tag Error in this file: /photos/Photos/Pictures_In_Progress/2018/Baby Nathaniel/2018-09-05 16.43.13-1.jpg
Unicode Tag Error in this file: /photos/Photos/Pictures_In_Progress/2018/Baby Nathaniel/2018-09-05 15.33.10.jpg
Unicode Tag Error in this file: /photos/Photos/Pictures_In_Progress/2018/Baby Nathaniel/2018-09-04 14.36.55.jpg
Unicode Tag Error in this file: /photos/Photos/Pictures_In_Progress/2018/Baby Nathaniel/2018-08-31 04.12.52-1.jpg
Unicode Tag Error in this file: /photos/Photos/Pictures_In_Progress/2018/Baby Nathaniel/2018-09-05 20.30.01.jpg
Unicode Tag Error in this file: /photos/Photos/Pictures_In_Progress/2018/Baby Nathaniel/2018-09-05 20.54.58.jpg
Unicode Tag Error in this file: /photos/Photos/Pictures_In_Progress/2018/Babymoon/England/2018-04-29 13.28.03.jpg
Unicode Tag Error in this file: /photos/Photos/Pictures_In_Progress/2018/Babymoon/England/2018-04-29 16.33.39.jpg
Unicode Tag Error in this file: /photos/Photos/Pictures_In_Progress/2018/Babymoon/England/2018-05-03 20.00.12.jpg
Unicode Tag Error in this file: /photos/Photos/Pictures_In_Progress/2018/Babymoon/England/2018-04-29 16.33.34.jpg
Unicode Tag Error in this file: /photos/Photos/Pictures_In_Progress/2018/Babymoon/England/2018-05-03 20.00.24.jpg
Unicode Tag Error in this file: /photos/Photos/Pictures_In_Progress/2018/Babymoon/England/2018-05-03 12.02.47.jpg
Unicode Tag Error in this file: /photos/Photos/Pictures_In_Progress/2018/Babymoon/England/2018-05-03 12.03.19.jpg
Unicode Tag Error in this file: /photos/Photos/Pictures_In_Progress/2018/Babymoon/England/2018-05-02 20.47.35.jpg
Unicode Tag Error in this file: /photos/Photos/Pictures_In_Progress/2018/Babymoon/England/2018-05-01 17.22.14.jpg
Unicode Tag Error in this file: /photos/Photos/Pictures_In_Progress/2018/Babymoon/England/2018-05-01 15.04.57.jpg
Unicode Tag Error in this file: /photos/Photos/Pictures_In_Progress/2018/Babymoon/England/2018-05-01 17.27.35.jpg
Unicode Tag Error in this file: /photos/Photos/Pictures_In_Progress/2018/Babymoon/England/2018-05-03 12.18.07.jpg
Unicode Tag Error in this file: /photos/Photos/Pictures_In_Progress/2018/Babymoon/Italy/2018-04-21 17.10.21.jpg
Unicode Tag Error in this file: /photos/Photos/Pictures_In_Progress/2018/Babymoon/Italy/2018-04-25 20.04.54.jpg
Unicode Tag Error in this file: /photos/Photos/Pictures_In_Progress/2018/Babymoon/Italy/2018-04-26 16.22.02.jpg
Unicode Tag Error in this file: /photos/Photos/Pictures_In_Progress/2018/Babymoon/Italy/2018-04-25 18.59.23.jpg
Unicode Tag Error in this file: /photos/Photos/Pictures_In_Progress/2018/Babymoon/Italy/2018-04-26 20.08.06.jpg
Unicode Tag Error in this file: /photos/Photos/Pictures_In_Progress/2018/Ben Travel/FL_SPIE_2018 (16).jpg
Unicode Tag Error in this file: /photos/Photos/Pictures_In_Progress/2018/Ben Travel/2018-04-18 13.11.43.jpg
Unicode Tag Error in this file: /photos/Photos/Pictures_In_Progress/2018/Ben Travel/2018-04-16 18.21.25.jpg
Unicode Tag Error in this file: /photos/Photos/Pictures_In_Progress/2018/Ben Travel/FL_SPIE_2018 (15).jpg
Unicode Tag Error in this file: /photos/Photos/Pictures_In_Progress/2018/Ben Travel/2018-04-16 18.21.05.jpg
Unicode Tag Error in this file: /photos/Photos/Pictures_In_Progress/2018/Ben Travel/2018-04-16 19.01.35.jpg
Unicode Tag Error in this file: /photos/Photos/Pictures_In_Progress/2018/Ben Travel/FL_SPIE_2018 (4).jpg
Unicode Tag Error in this file: /photos/Photos/Pictures_In_Progress/2018/Dayton/2018-05-19 18.48.12.jpg
Unicode Tag Error in this file: /photos/Photos/Pictures_In_Progress/2018/Dayton/2018-06-07 08.11.50.jpg
Unicode Tag Error in this file: /photos/Photos/Pictures_In_Progress/2018/Dayton/2018-05-08 20.20.59.jpg
Unicode Tag Error in this file: /photos/Photos/Pictures_In_Progress/2018/Dayton/2018-03-24 09.00.45.jpg
Unicode Tag Error in this file: /photos/Photos/Pictures_In_Progress/2018/Dayton/2018-08-18 20.12.20.jpg
Unicode Tag Error in this file: /photos/Photos/Pictures_In_Progress/2018/Dayton/2018-07-28 18.29.16.jpg
Unicode Tag Error in this file: /photos/Photos/Pictures_In_Progress/2018/Dayton/2018-05-19 18.48.07.jpg
Unicode Tag Error in this file: /photos/Photos/Pictures_In_Progress/2018/Dayton/2018-06-16 13.03.01.jpg
Unicode Tag Error in this file: /photos/Photos/Pictures_In_Progress/2018/Dayton/2018-08-03 19.36.13.jpg
Unicode Tag Error in this file: /photos/Photos/Pictures_In_Progress/2018/Dayton/2018-08-13 20.58.14.jpg
Unicode Tag Error in this file: /photos/Photos/Pictures_In_Progress/2018/Dayton/2018-05-30 08.41.47.jpg
Unicode Tag Error in this file: /photos/Photos/Pictures_In_Progress/2018/Dayton/2018-03-24 09.00.16.jpg
Unicode Tag Error in this file: /photos/Photos/Pictures_In_Progress/2018/Dayton/2018-03-29 16.51.44.jpg
Unicode Tag Error in this file: /photos/Photos/Pictures_In_Progress/2018/Dayton/2018-03-24 09.00.34.jpg
Unicode Tag Error in this file: /photos/Photos/Pictures_In_Progress/2018/Dayton/2018-05-20 20.36.47.jpg
Unicode Tag Error in this file: /photos/Photos/Pictures_In_Progress/2018/Dayton/2018-06-11 20.46.16.jpg
Unicode Tag Error in this file: /photos/Photos/Pictures_In_Progress/2018/Dayton/2018-04-02 09.07.31.jpg
Unicode Tag Error in this file: /photos/Photos/Pictures_In_Progress/2018/Dayton/2018-05-19 18.50.08.jpg
Unicode Tag Error in this file: /photos/Photos/Pictures_In_Progress/2018/Dayton/2018-03-10 21.12.55.jpg
Unicode Tag Error in this file: /photos/Photos/Pictures_In_Progress/2018/Dayton/2018-08-18 12.48.52.jpg
Unicode Tag Error in this file: /photos/Photos/Pictures_In_Progress/2018/Dayton/2018-06-11 20.50.08.jpg
Unicode Tag Error in this file: /photos/Photos/Pictures_In_Progress/2018/Dayton/2018-05-12 12.26.07.jpg
Unicode Tag Error in this file: /photos/Photos/Pictures_In_Progress/2018/Dayton/2018-08-03 20.17.10.jpg
Unicode Tag Error in this file: /photos/Photos/Pictures_In_Progress/2018/Dayton/Air Show/2018-06-23 13.19.35.jpg
Unicode Tag Error in this file: /photos/Photos/Pictures_In_Progress/2018/Dayton/Ducklings!/2018-05-11 19.53.43.jpg
Unicode Tag Error in this file: /photos/Photos/Pictures_In_Progress/2018/Family Texts/2018-06-10 19.12.25.jpg
Unicode Tag Error in this file: /photos/Photos/Pictures_In_Progress/2018/Family Texts/2018-06-02 14.57.14.jpg
Unicode Tag Error in this file: /photos/Photos/Pictures_In_Progress/2018/Family Texts/2018-02-25 20.07.50.jpg
Unicode Tag Error in this file: /photos/Photos/Pictures_In_Progress/2018/Family Texts/2018-02-25 13.06.23.jpg
Unicode Tag Error in this file: /photos/Photos/Pictures_In_Progress/2018/Family Texts/2018-01-05 08.47.02.jpg
Unicode Tag Error in this file: /photos/Photos/Pictures_In_Progress/2018/Family Texts/2018-04-10 18.13.59.jpg
Unicode Tag Error in this file: /photos/Photos/Pictures_In_Progress/2018/Indianapolis/2018-06-30 11.37.53.jpg
Unicode Tag Error in this file: /photos/Photos/Pictures_In_Progress/2018/Life/2018-01-06 15.06.32.jpg
Unicode Tag Error in this file: /photos/Photos/Pictures_In_Progress/2018/Life/2018-02-10 14.08.08.jpg
Unicode Tag Error in this file: /photos/Photos/Pictures_In_Progress/2018/Moving/2018-05-28 19.46.23.jpg
Unicode Tag Error in this file: /photos/Photos/Pictures_In_Progress/2018/Moving/2018-05-28 19.46.54.jpg
Unicode Tag Error in this file: /photos/Photos/Pictures_In_Progress/2018/Moving/2018-05-28 19.46.20.jpg
Unicode Tag Error in this file: /photos/Photos/Pictures_In_Progress/2018/Baby Nathaniel/2018-09-05 15.33.05-1.jpg
Unicode Tag Error in this file: /photos/Photos/Pictures_In_Progress/2018/Baby Nathaniel/2018-09-01 13.15.48.jpg
Unicode Tag Error in this file: /photos/Photos/Pictures_In_Progress/2018/Baby Nathaniel/2018-09-02 12.23.39-1.jpg
Unicode Tag Error in this file: /photos/Photos/Pictures_In_Progress/2018/Baby Nathaniel/2018-09-11 16.27.03.jpg
Unicode Tag Error in this file: /photos/Photos/Pictures_In_Progress/2018/Baby Nathaniel/2018-09-07 12.21.04.jpg
Unicode Tag Error in this file: /photos/Photos/Pictures_In_Progress/2018/Baby Nathaniel/2018-09-05 20.56.05.jpg
Unicode Tag Error in this file: /photos/Photos/Pictures_In_Progress/2018/Baby Nathaniel/2018-09-02 12.21.25-1.jpg
Unicode Tag Error in this file: /photos/Photos/Pictures_In_Progress/2018/Baby Nathaniel/2018-08-31 04.13.05-1.jpg
Unicode Tag Error in this file: /photos/Photos/Pictures_In_Progress/2018/Baby Nathaniel/2018-08-31 04.12.56.jpg
Unicode Tag Error in this file: /photos/Photos/Pictures_In_Progress/2018/Baby Nathaniel/2018-09-05 20.29.56.jpg
Unicode Tag Error in this file: /photos/Photos/Pictures_In_Progress/2018/Baby Nathaniel/2018-09-05 16.43.13-1.jpg
Unicode Tag Error in this file: /photos/Photos/Pictures_In_Progress/2018/Baby Nathaniel/2018-09-05 15.33.10.jpg
Unicode Tag Error in this file: /photos/Photos/Pictures_In_Progress/2018/Baby Nathaniel/2018-09-04 14.36.55.jpg
Unicode Tag Error in this file: /photos/Photos/Pictures_In_Progress/2018/Baby Nathaniel/2018-08-31 04.12.52-1.jpg
Unicode Tag Error in this file: /photos/Photos/Pictures_In_Progress/2018/Baby Nathaniel/2018-09-05 20.30.01.jpg
Unicode Tag Error in this file: /photos/Photos/Pictures_In_Progress/2018/Baby Nathaniel/2018-09-05 20.54.58.jpg
Unicode Tag Error in this file: /photos/Photos/Pictures_In_Progress/2018/Babymoon/England/2018-04-29 13.28.03.jpg
Unicode Tag Error in this file: /photos/Photos/Pictures_In_Progress/2018/Babymoon/England/2018-04-29 16.33.39.jpg
Unicode Tag Error in this file: /photos/Photos/Pictures_In_Progress/2018/Babymoon/England/2018-05-03 20.00.12.jpg
Unicode Tag Error in this file: /photos/Photos/Pictures_In_Progress/2018/Babymoon/England/2018-04-29 16.33.34.jpg
Unicode Tag Error in this file: /photos/Photos/Pictures_In_Progress/2018/Babymoon/England/2018-05-03 20.00.24.jpg
Unicode Tag Error in this file: /photos/Photos/Pictures_In_Progress/2018/Babymoon/England/2018-05-03 12.02.47.jpg
Unicode Tag Error in this file: /photos/Photos/Pictures_In_Progress/2018/Babymoon/England/2018-05-03 12.03.19.jpg
Unicode Tag Error in this file: /photos/Photos/Pictures_In_Progress/2018/Babymoon/England/2018-05-02 20.47.35.jpg
Unicode Tag Error in this file: /photos/Photos/Pictures_In_Progress/2018/Babymoon/England/2018-05-01 17.22.14.jpg
Unicode Tag Error in this file: /photos/Photos/Pictures_In_Progress/2018/Babymoon/England/2018-05-01 15.04.57.jpg
Unicode Tag Error in this file: /photos/Photos/Pictures_In_Progress/2018/Babymoon/England/2018-05-01 17.27.35.jpg
Unicode Tag Error in this file: /photos/Photos/Pictures_In_Progress/2018/Babymoon/England/2018-05-03 12.18.07.jpg
Unicode Tag Error in this file: /photos/Photos/Pictures_In_Progress/2018/Babymoon/Italy/2018-04-21 17.10.21.jpg
Unicode Tag Error in this file: /photos/Photos/Pictures_In_Progress/2018/Babymoon/Italy/2018-04-25 20.04.54.jpg
Unicode Tag Error in this file: /photos/Photos/Pictures_In_Progress/2018/Babymoon/Italy/2018-04-26 16.22.02.jpg
Unicode Tag Error in this file: /photos/Photos/Pictures_In_Progress/2018/Babymoon/Italy/2018-04-25 18.59.23.jpg
Unicode Tag Error in this file: /photos/Photos/Pictures_In_Progress/2018/Babymoon/Italy/2018-04-26 20.08.06.jpg
Unicode Tag Error in this file: /photos/Photos/Pictures_In_Progress/2018/Ben Travel/FL_SPIE_2018 (16).jpg
Unicode Tag Error in this file: /photos/Photos/Pictures_In_Progress/2018/Ben Travel/2018-04-18 13.11.43.jpg
Unicode Tag Error in this file: /photos/Photos/Pictures_In_Progress/2018/Ben Travel/2018-04-16 18.21.25.jpg
Unicode Tag Error in this file: /photos/Photos/Pictures_In_Progress/2018/Ben Travel/FL_SPIE_2018 (15).jpg
Unicode Tag Error in this file: /photos/Photos/Pictures_In_Progress/2018/Ben Travel/2018-04-16 18.21.05.jpg
Unicode Tag Error in this file: /photos/Photos/Pictures_In_Progress/2018/Ben Travel/2018-04-16 19.01.35.jpg
Unicode Tag Error in this file: /photos/Photos/Pictures_In_Progress/2018/Ben Travel/FL_SPIE_2018 (4).jpg
Unicode Tag Error in this file: /photos/Photos/Pictures_In_Progress/2018/Dayton/2018-05-19 18.48.12.jpg
Unicode Tag Error in this file: /photos/Photos/Pictures_In_Progress/2018/Dayton/2018-06-07 08.11.50.jpg
Unicode Tag Error in this file: /photos/Photos/Pictures_In_Progress/2018/Dayton/2018-05-08 20.20.59.jpg
Unicode Tag Error in this file: /photos/Photos/Pictures_In_Progress/2018/Dayton/2018-03-24 09.00.45.jpg
Unicode Tag Error in this file: /photos/Photos/Pictures_In_Progress/2018/Dayton/2018-08-18 20.12.20.jpg
Unicode Tag Error in this file: /photos/Photos/Pictures_In_Progress/2018/Dayton/2018-07-28 18.29.16.jpg
Unicode Tag Error in this file: /photos/Photos/Pictures_In_Progress/2018/Dayton/2018-05-19 18.48.07.jpg
Unicode Tag Error in this file: /photos/Photos/Pictures_In_Progress/2018/Dayton/2018-06-16 13.03.01.jpg
Unicode Tag Error in this file: /photos/Photos/Pictures_In_Progress/2018/Dayton/2018-08-03 19.36.13.jpg
Unicode Tag Error in this file: /photos/Photos/Pictures_In_Progress/2018/Dayton/2018-08-13 20.58.14.jpg
Unicode Tag Error in this file: /photos/Photos/Pictures_In_Progress/2018/Dayton/2018-05-30 08.41.47.jpg
Unicode Tag Error in this file: /photos/Photos/Pictures_In_Progress/2018/Dayton/2018-03-24 09.00.16.jpg
Unicode Tag Error in this file: /photos/Photos/Pictures_In_Progress/2018/Dayton/2018-03-29 16.51.44.jpg
Unicode Tag Error in this file: /photos/Photos/Pictures_In_Progress/2018/Dayton/2018-03-24 09.00.34.jpg
Unicode Tag Error in this file: /photos/Photos/Pictures_In_Progress/2018/Dayton/2018-05-20 20.36.47.jpg
Unicode Tag Error in this file: /photos/Photos/Pictures_In_Progress/2018/Dayton/2018-06-11 20.46.16.jpg
Unicode Tag Error in this file: /photos/Photos/Pictures_In_Progress/2018/Dayton/2018-04-02 09.07.31.jpg
Unicode Tag Error in this file: /photos/Photos/Pictures_In_Progress/2018/Dayton/2018-05-19 18.50.08.jpg
Unicode Tag Error in this file: /photos/Photos/Pictures_In_Progress/2018/Dayton/2018-03-10 21.12.55.jpg
Unicode Tag Error in this file: /photos/Photos/Pictures_In_Progress/2018/Dayton/2018-08-18 12.48.52.jpg
Unicode Tag Error in this file: /photos/Photos/Pictures_In_Progress/2018/Dayton/2018-06-11 20.50.08.jpg
Unicode Tag Error in this file: /photos/Photos/Pictures_In_Progress/2018/Dayton/2018-05-12 12.26.07.jpg
Unicode Tag Error in this file: /photos/Photos/Pictures_In_Progress/2018/Dayton/2018-08-03 20.17.10.jpg
Unicode Tag Error in this file: /photos/Photos/Pictures_In_Progress/2018/Dayton/Air Show/2018-06-23 13.19.35.jpg
Unicode Tag Error in this file: /photos/Photos/Pictures_In_Progress/2018/Dayton/Ducklings!/2018-05-11 19.53.43.jpg
Unicode Tag Error in this file: /photos/Photos/Pictures_In_Progress/2018/Family Texts/2018-06-10 19.12.25.jpg
Unicode Tag Error in this file: /photos/Photos/Pictures_In_Progress/2018/Family Texts/2018-06-02 14.57.14.jpg
Unicode Tag Error in this file: /photos/Photos/Pictures_In_Progress/2018/Family Texts/2018-02-25 20.07.50.jpg
Unicode Tag Error in this file: /photos/Photos/Pictures_In_Progress/2018/Family Texts/2018-02-25 13.06.23.jpg
Unicode Tag Error in this file: /photos/Photos/Pictures_In_Progress/2018/Family Texts/2018-01-05 08.47.02.jpg
Unicode Tag Error in this file: /photos/Photos/Pictures_In_Progress/2018/Family Texts/2018-04-10 18.13.59.jpg
Unicode Tag Error in this file: /photos/Photos/Pictures_In_Progress/2018/Indianapolis/2018-06-30 11.37.53.jpg
Unicode Tag Error in this file: /photos/Photos/Pictures_In_Progress/2018/Life/2018-01-06 15.06.32.jpg
Unicode Tag Error in this file: /photos/Photos/Pictures_In_Progress/2018/Life/2018-02-10 14.08.08.jpg
Unicode Tag Error in this file: /photos/Photos/Pictures_In_Progress/2018/Moving/2018-05-28 19.46.23.jpg
Unicode Tag Error in this file: /photos/Photos/Pictures_In_Progress/2018/Moving/2018-05-28 19.46.54.jpg
Unicode Tag Error in this file: /photos/Photos/Pictures_In_Progress/2018/Moving/2018-05-28 19.46.20.jpg
